[0.029s] Invoking command in '/home/vudinhso/rmitbot_eeet2610_ws/lesson6_ws/build/rmitbot_description': CMAKE_PREFIX_PATH=${CMAKE_PREFIX_PATH}:/opt/ros/jazzy DEBUGINFOD_URLS=https://debuginfod.ubuntu.com /usr/bin/cmake --build /home/vudinhso/rmitbot_eeet2610_ws/lesson6_ws/build/rmitbot_description -- -j4 -l4
[0.139s] Invoked command in '/home/vudinhso/rmitbot_eeet2610_ws/lesson6_ws/build/rmitbot_description' returned '0': CMAKE_PREFIX_PATH=${CMAKE_PREFIX_PATH}:/opt/ros/jazzy DEBUGINFOD_URLS=https://debuginfod.ubuntu.com /usr/bin/cmake --build /home/vudinhso/rmitbot_eeet2610_ws/lesson6_ws/build/rmitbot_description -- -j4 -l4
[0.142s] Invoking command in '/home/vudinhso/rmitbot_eeet2610_ws/lesson6_ws/build/rmitbot_description': CMAKE_PREFIX_PATH=${CMAKE_PREFIX_PATH}:/opt/ros/jazzy DEBUGINFOD_URLS=https://debuginfod.ubuntu.com /usr/bin/cmake --install /home/vudinhso/rmitbot_eeet2610_ws/lesson6_ws/build/rmitbot_description
[0.166s] -- Install configuration: ""
[0.167s] -- Up-to-date: /home/vudinhso/rmitbot_eeet2610_ws/lesson6_ws/install/rmitbot_description/share/rmitbot_description/meshes
[0.167s] -- Up-to-date: /home/vudinhso/rmitbot_eeet2610_ws/lesson6_ws/install/rmitbot_description/share/rmitbot_description/meshes/wheel_left_link.STL
[0.167s] -- Up-to-date: /home/vudinhso/rmitbot_eeet2610_ws/lesson6_ws/install/rmitbot_description/share/rmitbot_description/meshes/base_link.STL
[0.167s] -- Up-to-date: /home/vudinhso/rmitbot_eeet2610_ws/lesson6_ws/install/rmitbot_description/share/rmitbot_description/meshes/caster_front_link.STL
[0.167s] -- Up-to-date: /home/vudinhso/rmitbot_eeet2610_ws/lesson6_ws/install/rmitbot_description/share/rmitbot_description/meshes/laser_link.STL
[0.167s] -- Up-to-date: /home/vudinhso/rmitbot_eeet2610_ws/lesson6_ws/install/rmitbot_description/share/rmitbot_description/meshes/caster_rear_link.STL
[0.168s] -- Up-to-date: /home/vudinhso/rmitbot_eeet2610_ws/lesson6_ws/install/rmitbot_description/share/rmitbot_description/meshes/imu_link.STL
[0.168s] -- Up-to-date: /home/vudinhso/rmitbot_eeet2610_ws/lesson6_ws/install/rmitbot_description/share/rmitbot_description/meshes/wheel_right_link.STL
[0.168s] -- Up-to-date: /home/vudinhso/rmitbot_eeet2610_ws/lesson6_ws/install/rmitbot_description/share/rmitbot_description/urdf
[0.168s] -- Up-to-date: /home/vudinhso/rmitbot_eeet2610_ws/lesson6_ws/install/rmitbot_description/share/rmitbot_description/urdf/rmitbot_gazebo.xacro
[0.168s] -- Up-to-date: /home/vudinhso/rmitbot_eeet2610_ws/lesson6_ws/install/rmitbot_description/share/rmitbot_description/urdf/rmitbot_ros2_control.xacro
[0.169s] -- Up-to-date: /home/vudinhso/rmitbot_eeet2610_ws/lesson6_ws/install/rmitbot_description/share/rmitbot_description/urdf/rmitbot_platform.xacro
[0.169s] -- Up-to-date: /home/vudinhso/rmitbot_eeet2610_ws/lesson6_ws/install/rmitbot_description/share/rmitbot_description/urdf/rmitbot.urdf.xacro
[0.169s] -- Up-to-date: /home/vudinhso/rmitbot_eeet2610_ws/lesson6_ws/install/rmitbot_description/share/rmitbot_description/urdf/rmitbot_laser.xacro
[0.169s] -- Up-to-date: /home/vudinhso/rmitbot_eeet2610_ws/lesson6_ws/install/rmitbot_description/share/rmitbot_description/urdf/rmitbot_imu.xacro
[0.171s] -- Up-to-date: /home/vudinhso/rmitbot_eeet2610_ws/lesson6_ws/install/rmitbot_description/share/rmitbot_description/launch
[0.171s] -- Up-to-date: /home/vudinhso/rmitbot_eeet2610_ws/lesson6_ws/install/rmitbot_description/share/rmitbot_description/launch/gazebo.launch.py
[0.171s] -- Up-to-date: /home/vudinhso/rmitbot_eeet2610_ws/lesson6_ws/install/rmitbot_description/share/rmitbot_description/launch/display.launch.py
[0.171s] -- Up-to-date: /home/vudinhso/rmitbot_eeet2610_ws/lesson6_ws/install/rmitbot_description/share/rmitbot_description/rviz
[0.171s] -- Up-to-date: /home/vudinhso/rmitbot_eeet2610_ws/lesson6_ws/install/rmitbot_description/share/rmitbot_description/rviz/display.rviz
[0.172s] -- Up-to-date: /home/vudinhso/rmitbot_eeet2610_ws/lesson6_ws/install/rmitbot_description/share/ament_index/resource_index/package_run_dependencies/rmitbot_description
[0.172s] -- Up-to-date: /home/vudinhso/rmitbot_eeet2610_ws/lesson6_ws/install/rmitbot_description/share/ament_index/resource_index/parent_prefix_path/rmitbot_description
[0.172s] -- Up-to-date: /home/vudinhso/rmitbot_eeet2610_ws/lesson6_ws/install/rmitbot_description/share/rmitbot_description/environment/ament_prefix_path.sh
[0.172s] -- Up-to-date: /home/vudinhso/rmitbot_eeet2610_ws/lesson6_ws/install/rmitbot_description/share/rmitbot_description/environment/ament_prefix_path.dsv
[0.172s] -- Up-to-date: /home/vudinhso/rmitbot_eeet2610_ws/lesson6_ws/install/rmitbot_description/share/rmitbot_description/environment/path.sh
[0.172s] -- Up-to-date: /home/vudinhso/rmitbot_eeet2610_ws/lesson6_ws/install/rmitbot_description/share/rmitbot_description/environment/path.dsv
[0.175s] -- Up-to-date: /home/vudinhso/rmitbot_eeet2610_ws/lesson6_ws/install/rmitbot_description/share/rmitbot_description/local_setup.bash
[0.175s] -- Up-to-date: /home/vudinhso/rmitbot_eeet2610_ws/lesson6_ws/install/rmitbot_description/share/rmitbot_description/local_setup.sh
[0.175s] -- Up-to-date: /home/vudinhso/rmitbot_eeet2610_ws/lesson6_ws/install/rmitbot_description/share/rmitbot_description/local_setup.zsh
[0.176s] -- Up-to-date: /home/vudinhso/rmitbot_eeet2610_ws/lesson6_ws/install/rmitbot_description/share/rmitbot_description/local_setup.dsv
[0.176s] -- Up-to-date: /home/vudinhso/rmitbot_eeet2610_ws/lesson6_ws/install/rmitbot_description/share/rmitbot_description/package.dsv
[0.176s] -- Up-to-date: /home/vudinhso/rmitbot_eeet2610_ws/lesson6_ws/install/rmitbot_description/share/ament_index/resource_index/packages/rmitbot_description
[0.176s] -- Up-to-date: /home/vudinhso/rmitbot_eeet2610_ws/lesson6_ws/install/rmitbot_description/share/rmitbot_description/cmake/rmitbot_descriptionConfig.cmake
[0.176s] -- Up-to-date: /home/vudinhso/rmitbot_eeet2610_ws/lesson6_ws/install/rmitbot_description/share/rmitbot_description/cmake/rmitbot_descriptionConfig-version.cmake
[0.176s] -- Up-to-date: /home/vudinhso/rmitbot_eeet2610_ws/lesson6_ws/install/rmitbot_description/share/rmitbot_description/package.xml
[0.232s] Invoked command in '/home/vudinhso/rmitbot_eeet2610_ws/lesson6_ws/build/rmitbot_description' returned '0': CMAKE_PREFIX_PATH=${CMAKE_PREFIX_PATH}:/opt/ros/jazzy DEBUGINFOD_URLS=https://debuginfod.ubuntu.com /usr/bin/cmake --install /home/vudinhso/rmitbot_eeet2610_ws/lesson6_ws/build/rmitbot_description
