[0.036s] Invoking command in '/home/ngan/Documents/test_github/lesson6_ws/build/rmitbot_firmware': CMAKE_PREFIX_PATH=${CMAKE_PREFIX_PATH}:/opt/ros/jazzy DEBUGINFOD_URLS=https://debuginfod.ubuntu.com /usr/bin/cmake --build /home/ngan/Documents/test_github/lesson6_ws/build/rmitbot_firmware -- -j4 -l4
[0.263s] [100%] Built target rmitbot_firmware
[0.418s] Invoked command in '/home/ngan/Documents/test_github/lesson6_ws/build/rmitbot_firmware' returned '0': CMAKE_PREFIX_PATH=${CMAKE_PREFIX_PATH}:/opt/ros/jazzy DEBUGINFOD_URLS=https://debuginfod.ubuntu.com /usr/bin/cmake --build /home/ngan/Documents/test_github/lesson6_ws/build/rmitbot_firmware -- -j4 -l4
[0.419s] Invoking command in '/home/ngan/Documents/test_github/lesson6_ws/build/rmitbot_firmware': CMAKE_PREFIX_PATH=${CMAKE_PREFIX_PATH}:/opt/ros/jazzy DEBUGINFOD_URLS=https://debuginfod.ubuntu.com /usr/bin/cmake --install /home/ngan/Documents/test_github/lesson6_ws/build/rmitbot_firmware
[0.449s] -- Install configuration: ""
[0.450s] -- Up-to-date: /home/ngan/Documents/test_github/lesson6_ws/install/rmitbot_firmware/share/rmitbot_firmware/rmitbot_interface.xml
[0.455s] -- Up-to-date: /home/ngan/Documents/test_github/lesson6_ws/install/rmitbot_firmware/lib/librmitbot_firmware.so
[0.456s] -- Up-to-date: /home/ngan/Documents/test_github/lesson6_ws/install/rmitbot_firmware/include
[0.456s] -- Up-to-date: /home/ngan/Documents/test_github/lesson6_ws/install/rmitbot_firmware/include/rmitbot_firmware
[0.456s] -- Up-to-date: /home/ngan/Documents/test_github/lesson6_ws/install/rmitbot_firmware/include/rmitbot_firmware/rmitbot_interface.hpp
[0.456s] -- Up-to-date: /home/ngan/Documents/test_github/lesson6_ws/install/rmitbot_firmware/share/rmitbot_firmware/launch
[0.457s] -- Up-to-date: /home/ngan/Documents/test_github/lesson6_ws/install/rmitbot_firmware/share/rmitbot_firmware/launch/hardware_interface.launch.py
[0.460s] -- Up-to-date: /home/ngan/Documents/test_github/lesson6_ws/install/rmitbot_firmware/share/rmitbot_firmware/environment/library_path.sh
[0.460s] -- Up-to-date: /home/ngan/Documents/test_github/lesson6_ws/install/rmitbot_firmware/share/rmitbot_firmware/environment/library_path.dsv
[0.460s] -- Up-to-date: /home/ngan/Documents/test_github/lesson6_ws/install/rmitbot_firmware/share/ament_index/resource_index/package_run_dependencies/rmitbot_firmware
[0.461s] -- Up-to-date: /home/ngan/Documents/test_github/lesson6_ws/install/rmitbot_firmware/share/ament_index/resource_index/parent_prefix_path/rmitbot_firmware
[0.461s] -- Up-to-date: /home/ngan/Documents/test_github/lesson6_ws/install/rmitbot_firmware/share/rmitbot_firmware/environment/ament_prefix_path.sh
[0.461s] -- Up-to-date: /home/ngan/Documents/test_github/lesson6_ws/install/rmitbot_firmware/share/rmitbot_firmware/environment/ament_prefix_path.dsv
[0.465s] -- Up-to-date: /home/ngan/Documents/test_github/lesson6_ws/install/rmitbot_firmware/share/rmitbot_firmware/environment/path.sh
[0.465s] -- Up-to-date: /home/ngan/Documents/test_github/lesson6_ws/install/rmitbot_firmware/share/rmitbot_firmware/environment/path.dsv
[0.465s] -- Up-to-date: /home/ngan/Documents/test_github/lesson6_ws/install/rmitbot_firmware/share/rmitbot_firmware/local_setup.bash
[0.465s] -- Up-to-date: /home/ngan/Documents/test_github/lesson6_ws/install/rmitbot_firmware/share/rmitbot_firmware/local_setup.sh
[0.465s] -- Up-to-date: /home/ngan/Documents/test_github/lesson6_ws/install/rmitbot_firmware/share/rmitbot_firmware/local_setup.zsh
[0.466s] -- Up-to-date: /home/ngan/Documents/test_github/lesson6_ws/install/rmitbot_firmware/share/rmitbot_firmware/local_setup.dsv
[0.466s] -- Installing: /home/ngan/Documents/test_github/lesson6_ws/install/rmitbot_firmware/share/rmitbot_firmware/package.dsv
[0.466s] -- Up-to-date: /home/ngan/Documents/test_github/lesson6_ws/install/rmitbot_firmware/share/ament_index/resource_index/packages/rmitbot_firmware
[0.466s] -- Up-to-date: /home/ngan/Documents/test_github/lesson6_ws/install/rmitbot_firmware/share/ament_index/resource_index/hardware_interface__pluginlib__plugin/rmitbot_firmware
[0.466s] -- Up-to-date: /home/ngan/Documents/test_github/lesson6_ws/install/rmitbot_firmware/share/rmitbot_firmware/cmake/ament_cmake_export_include_directories-extras.cmake
[0.466s] -- Up-to-date: /home/ngan/Documents/test_github/lesson6_ws/install/rmitbot_firmware/share/rmitbot_firmware/cmake/ament_cmake_export_libraries-extras.cmake
[0.466s] -- Up-to-date: /home/ngan/Documents/test_github/lesson6_ws/install/rmitbot_firmware/share/rmitbot_firmware/cmake/ament_cmake_export_dependencies-extras.cmake
[0.466s] -- Up-to-date: /home/ngan/Documents/test_github/lesson6_ws/install/rmitbot_firmware/share/rmitbot_firmware/cmake/rmitbot_firmwareConfig.cmake
[0.466s] -- Up-to-date: /home/ngan/Documents/test_github/lesson6_ws/install/rmitbot_firmware/share/rmitbot_firmware/cmake/rmitbot_firmwareConfig-version.cmake
[0.468s] -- Up-to-date: /home/ngan/Documents/test_github/lesson6_ws/install/rmitbot_firmware/share/rmitbot_firmware/package.xml
[0.468s] Invoked command in '/home/ngan/Documents/test_github/lesson6_ws/build/rmitbot_firmware' returned '0': CMAKE_PREFIX_PATH=${CMAKE_PREFIX_PATH}:/opt/ros/jazzy DEBUGINFOD_URLS=https://debuginfod.ubuntu.com /usr/bin/cmake --install /home/ngan/Documents/test_github/lesson6_ws/build/rmitbot_firmware
