[0.020s] Invoking command in '/home/vudinhso/RMIT_Bot/lesson6_ws/build/rmitbot_mapping': CMAKE_PREFIX_PATH=${CMAKE_PREFIX_PATH}:/opt/ros/jazzy DEBUGINFOD_URLS=https://debuginfod.ubuntu.com /usr/bin/cmake --build /home/vudinhso/RMIT_Bot/lesson6_ws/build/rmitbot_mapping -- -j4 -l4
[0.076s] Invoked command in '/home/vudinhso/RMIT_Bot/lesson6_ws/build/rmitbot_mapping' returned '0': CMAKE_PREFIX_PATH=${CMAKE_PREFIX_PATH}:/opt/ros/jazzy DEBUGINFOD_URLS=https://debuginfod.ubuntu.com /usr/bin/cmake --build /home/vudinhso/RMIT_Bot/lesson6_ws/build/rmitbot_mapping -- -j4 -l4
[0.079s] Invoking command in '/home/vudinhso/RMIT_Bot/lesson6_ws/build/rmitbot_mapping': CMAKE_PREFIX_PATH=${CMAKE_PREFIX_PATH}:/opt/ros/jazzy DEBUGINFOD_URLS=https://debuginfod.ubuntu.com /usr/bin/cmake --install /home/vudinhso/RMIT_Bot/lesson6_ws/build/rmitbot_mapping
[0.094s] -- Install configuration: ""
[0.094s] -- Up-to-date: /home/vudinhso/RMIT_Bot/lesson6_ws/install/rmitbot_mapping/share/rmitbot_mapping/launch
[0.094s] -- Up-to-date: /home/vudinhso/RMIT_Bot/lesson6_ws/install/rmitbot_mapping/share/rmitbot_mapping/launch/lidar.launch.py
[0.095s] -- Up-to-date: /home/vudinhso/RMIT_Bot/lesson6_ws/install/rmitbot_mapping/share/ament_index/resource_index/package_run_dependencies/rmitbot_mapping
[0.095s] -- Up-to-date: /home/vudinhso/RMIT_Bot/lesson6_ws/install/rmitbot_mapping/share/ament_index/resource_index/parent_prefix_path/rmitbot_mapping
[0.095s] -- Up-to-date: /home/vudinhso/RMIT_Bot/lesson6_ws/install/rmitbot_mapping/share/rmitbot_mapping/environment/ament_prefix_path.sh
[0.096s] -- Up-to-date: /home/vudinhso/RMIT_Bot/lesson6_ws/install/rmitbot_mapping/share/rmitbot_mapping/environment/ament_prefix_path.dsv
[0.096s] -- Up-to-date: /home/vudinhso/RMIT_Bot/lesson6_ws/install/rmitbot_mapping/share/rmitbot_mapping/environment/path.sh
[0.097s] -- Up-to-date: /home/vudinhso/RMIT_Bot/lesson6_ws/install/rmitbot_mapping/share/rmitbot_mapping/environment/path.dsv
[0.097s] -- Up-to-date: /home/vudinhso/RMIT_Bot/lesson6_ws/install/rmitbot_mapping/share/rmitbot_mapping/local_setup.bash
[0.097s] -- Up-to-date: /home/vudinhso/RMIT_Bot/lesson6_ws/install/rmitbot_mapping/share/rmitbot_mapping/local_setup.sh
[0.097s] -- Up-to-date: /home/vudinhso/RMIT_Bot/lesson6_ws/install/rmitbot_mapping/share/rmitbot_mapping/local_setup.zsh
[0.097s] -- Up-to-date: /home/vudinhso/RMIT_Bot/lesson6_ws/install/rmitbot_mapping/share/rmitbot_mapping/local_setup.dsv
[0.097s] -- Installing: /home/vudinhso/RMIT_Bot/lesson6_ws/install/rmitbot_mapping/share/rmitbot_mapping/package.dsv
[0.097s] -- Up-to-date: /home/vudinhso/RMIT_Bot/lesson6_ws/install/rmitbot_mapping/share/ament_index/resource_index/packages/rmitbot_mapping
[0.098s] -- Up-to-date: /home/vudinhso/RMIT_Bot/lesson6_ws/install/rmitbot_mapping/share/rmitbot_mapping/cmake/rmitbot_mappingConfig.cmake
[0.098s] -- Up-to-date: /home/vudinhso/RMIT_Bot/lesson6_ws/install/rmitbot_mapping/share/rmitbot_mapping/cmake/rmitbot_mappingConfig-version.cmake
[0.098s] -- Up-to-date: /home/vudinhso/RMIT_Bot/lesson6_ws/install/rmitbot_mapping/share/rmitbot_mapping/package.xml
[0.110s] Invoked command in '/home/vudinhso/RMIT_Bot/lesson6_ws/build/rmitbot_mapping' returned '0': CMAKE_PREFIX_PATH=${CMAKE_PREFIX_PATH}:/opt/ros/jazzy DEBUGINFOD_URLS=https://debuginfod.ubuntu.com /usr/bin/cmake --install /home/vudinhso/RMIT_Bot/lesson6_ws/build/rmitbot_mapping
