[0.024s] Invoking command in '/home/ngan/Documents/test_github/lesson6_ws/build/rmitbot_controller': CMAKE_PREFIX_PATH=${CMAKE_PREFIX_PATH}:/opt/ros/jazzy DEBUGINFOD_URLS=https://debuginfod.ubuntu.com /usr/bin/cmake /home/ngan/Documents/test_github/lesson6_ws/src/rmitbot_controller -DCMAKE_INSTALL_PREFIX=/home/ngan/Documents/test_github/lesson6_ws/install/rmitbot_controller
[0.366s] -- The C compiler identification is GNU 13.3.0
[0.689s] -- The CXX compiler identification is GNU 13.3.0
[0.783s] -- Detecting C compiler ABI info
[1.272s] -- Detecting C compiler ABI info - done
[1.354s] -- Check for working C compiler: /usr/bin/cc - skipped
[1.362s] -- Detecting C compile features
[1.370s] -- Detecting C compile features - done
[1.403s] -- Detecting CXX compiler ABI info
[1.982s] -- Detecting CXX compiler ABI info - done
[2.040s] -- Check for working CXX compiler: /usr/bin/c++ - skipped
[2.040s] -- Detecting CXX compile features
[2.040s] -- Detecting CXX compile features - done
[2.051s] -- Found ament_cmake: 2.5.4 (/opt/ros/jazzy/share/ament_cmake/cmake)
[2.523s] -- Found Python3: /usr/bin/python3 (found version "3.12.3") found components: Interpreter 
[2.916s] -- Configuring done (2.8s)
[2.922s] -- Generating done (0.0s)
[2.928s] -- Build files have been written to: /home/ngan/Documents/test_github/lesson6_ws/build/rmitbot_controller
[2.967s] Invoked command in '/home/ngan/Documents/test_github/lesson6_ws/build/rmitbot_controller' returned '0': CMAKE_PREFIX_PATH=${CMAKE_PREFIX_PATH}:/opt/ros/jazzy DEBUGINFOD_URLS=https://debuginfod.ubuntu.com /usr/bin/cmake /home/ngan/Documents/test_github/lesson6_ws/src/rmitbot_controller -DCMAKE_INSTALL_PREFIX=/home/ngan/Documents/test_github/lesson6_ws/install/rmitbot_controller
[2.971s] Invoking command in '/home/ngan/Documents/test_github/lesson6_ws/build/rmitbot_controller': CMAKE_PREFIX_PATH=${CMAKE_PREFIX_PATH}:/opt/ros/jazzy DEBUGINFOD_URLS=https://debuginfod.ubuntu.com /usr/bin/cmake --build /home/ngan/Documents/test_github/lesson6_ws/build/rmitbot_controller -- -j4 -l4
[3.033s] Invoked command in '/home/ngan/Documents/test_github/lesson6_ws/build/rmitbot_controller' returned '0': CMAKE_PREFIX_PATH=${CMAKE_PREFIX_PATH}:/opt/ros/jazzy DEBUGINFOD_URLS=https://debuginfod.ubuntu.com /usr/bin/cmake --build /home/ngan/Documents/test_github/lesson6_ws/build/rmitbot_controller -- -j4 -l4
[3.046s] Invoking command in '/home/ngan/Documents/test_github/lesson6_ws/build/rmitbot_controller': CMAKE_PREFIX_PATH=${CMAKE_PREFIX_PATH}:/opt/ros/jazzy DEBUGINFOD_URLS=https://debuginfod.ubuntu.com /usr/bin/cmake --install /home/ngan/Documents/test_github/lesson6_ws/build/rmitbot_controller
[3.061s] -- Install configuration: ""
[3.061s] -- Installing: /home/ngan/Documents/test_github/lesson6_ws/install/rmitbot_controller/share/rmitbot_controller/launch
[3.062s] -- Installing: /home/ngan/Documents/test_github/lesson6_ws/install/rmitbot_controller/share/rmitbot_controller/launch/controller.launch.py
[3.067s] -- Installing: /home/ngan/Documents/test_github/lesson6_ws/install/rmitbot_controller/share/rmitbot_controller/launch/teleopkeyboard.launch.py
[3.068s] -- Installing: /home/ngan/Documents/test_github/lesson6_ws/install/rmitbot_controller/share/rmitbot_controller/config
[3.068s] -- Installing: /home/ngan/Documents/test_github/lesson6_ws/install/rmitbot_controller/share/rmitbot_controller/config/rmitbot_controller.yaml
[3.068s] -- Installing: /home/ngan/Documents/test_github/lesson6_ws/install/rmitbot_controller/share/ament_index/resource_index/package_run_dependencies/rmitbot_controller
[3.068s] -- Installing: /home/ngan/Documents/test_github/lesson6_ws/install/rmitbot_controller/share/ament_index/resource_index/parent_prefix_path/rmitbot_controller
[3.068s] -- Installing: /home/ngan/Documents/test_github/lesson6_ws/install/rmitbot_controller/share/rmitbot_controller/environment/ament_prefix_path.sh
[3.068s] -- Installing: /home/ngan/Documents/test_github/lesson6_ws/install/rmitbot_controller/share/rmitbot_controller/environment/ament_prefix_path.dsv
[3.068s] -- Installing: /home/ngan/Documents/test_github/lesson6_ws/install/rmitbot_controller/share/rmitbot_controller/environment/path.sh
[3.069s] -- Installing: /home/ngan/Documents/test_github/lesson6_ws/install/rmitbot_controller/share/rmitbot_controller/environment/path.dsv
[3.070s] -- Installing: /home/ngan/Documents/test_github/lesson6_ws/install/rmitbot_controller/share/rmitbot_controller/local_setup.bash
[3.070s] -- Installing: /home/ngan/Documents/test_github/lesson6_ws/install/rmitbot_controller/share/rmitbot_controller/local_setup.sh
[3.070s] -- Installing: /home/ngan/Documents/test_github/lesson6_ws/install/rmitbot_controller/share/rmitbot_controller/local_setup.zsh
[3.070s] -- Installing: /home/ngan/Documents/test_github/lesson6_ws/install/rmitbot_controller/share/rmitbot_controller/local_setup.dsv
[3.070s] -- Installing: /home/ngan/Documents/test_github/lesson6_ws/install/rmitbot_controller/share/rmitbot_controller/package.dsv
[3.070s] -- Installing: /home/ngan/Documents/test_github/lesson6_ws/install/rmitbot_controller/share/ament_index/resource_index/packages/rmitbot_controller
[3.071s] -- Installing: /home/ngan/Documents/test_github/lesson6_ws/install/rmitbot_controller/share/rmitbot_controller/cmake/rmitbot_controllerConfig.cmake
[3.071s] -- Installing: /home/ngan/Documents/test_github/lesson6_ws/install/rmitbot_controller/share/rmitbot_controller/cmake/rmitbot_controllerConfig-version.cmake
[3.071s] -- Installing: /home/ngan/Documents/test_github/lesson6_ws/install/rmitbot_controller/share/rmitbot_controller/package.xml
[3.079s] Invoked command in '/home/ngan/Documents/test_github/lesson6_ws/build/rmitbot_controller' returned '0': CMAKE_PREFIX_PATH=${CMAKE_PREFIX_PATH}:/opt/ros/jazzy DEBUGINFOD_URLS=https://debuginfod.ubuntu.com /usr/bin/cmake --install /home/ngan/Documents/test_github/lesson6_ws/build/rmitbot_controller
