[0.076s] Invoking command in '/home/ngan/Documents/test_github/lesson6_ws/build/rmitbot_localization': DEBUGINFOD_URLS=https://debuginfod.ubuntu.com /usr/bin/cmake --build /home/ngan/Documents/test_github/lesson6_ws/build/rmitbot_localization -- -j4 -l4
[0.217s] Invoked command in '/home/ngan/Documents/test_github/lesson6_ws/build/rmitbot_localization' returned '0': DEBUGINFOD_URLS=https://debuginfod.ubuntu.com /usr/bin/cmake --build /home/ngan/Documents/test_github/lesson6_ws/build/rmitbot_localization -- -j4 -l4
[0.218s] Invoking command in '/home/ngan/Documents/test_github/lesson6_ws/build/rmitbot_localization': DEBUGINFOD_URLS=https://debuginfod.ubuntu.com /usr/bin/cmake --install /home/ngan/Documents/test_github/lesson6_ws/build/rmitbot_localization
[0.247s] -- Install configuration: ""
[0.247s] -- Up-to-date: /home/ngan/Documents/test_github/lesson6_ws/install/rmitbot_localization/share/rmitbot_localization/launch
[0.248s] -- Up-to-date: /home/ngan/Documents/test_github/lesson6_ws/install/rmitbot_localization/share/rmitbot_localization/launch/local_localization.launch.py
[0.248s] -- Up-to-date: /home/ngan/Documents/test_github/lesson6_ws/install/rmitbot_localization/share/rmitbot_localization/config
[0.248s] -- Up-to-date: /home/ngan/Documents/test_github/lesson6_ws/install/rmitbot_localization/share/rmitbot_localization/config/ekf.yaml
[0.248s] -- Up-to-date: /home/ngan/Documents/test_github/lesson6_ws/install/rmitbot_localization/share/ament_index/resource_index/package_run_dependencies/rmitbot_localization
[0.248s] -- Up-to-date: /home/ngan/Documents/test_github/lesson6_ws/install/rmitbot_localization/share/ament_index/resource_index/parent_prefix_path/rmitbot_localization
[0.249s] -- Up-to-date: /home/ngan/Documents/test_github/lesson6_ws/install/rmitbot_localization/share/rmitbot_localization/environment/ament_prefix_path.sh
[0.254s] -- Up-to-date: /home/ngan/Documents/test_github/lesson6_ws/install/rmitbot_localization/share/rmitbot_localization/environment/ament_prefix_path.dsv
[0.259s] -- Up-to-date: /home/ngan/Documents/test_github/lesson6_ws/install/rmitbot_localization/share/rmitbot_localization/environment/path.sh
[0.259s] -- Up-to-date: /home/ngan/Documents/test_github/lesson6_ws/install/rmitbot_localization/share/rmitbot_localization/environment/path.dsv
[0.259s] -- Up-to-date: /home/ngan/Documents/test_github/lesson6_ws/install/rmitbot_localization/share/rmitbot_localization/local_setup.bash
[0.260s] -- Up-to-date: /home/ngan/Documents/test_github/lesson6_ws/install/rmitbot_localization/share/rmitbot_localization/local_setup.sh
[0.260s] -- Up-to-date: /home/ngan/Documents/test_github/lesson6_ws/install/rmitbot_localization/share/rmitbot_localization/local_setup.zsh
[0.260s] -- Up-to-date: /home/ngan/Documents/test_github/lesson6_ws/install/rmitbot_localization/share/rmitbot_localization/local_setup.dsv
[0.260s] -- Installing: /home/ngan/Documents/test_github/lesson6_ws/install/rmitbot_localization/share/rmitbot_localization/package.dsv
[0.260s] -- Up-to-date: /home/ngan/Documents/test_github/lesson6_ws/install/rmitbot_localization/share/ament_index/resource_index/packages/rmitbot_localization
[0.261s] -- Up-to-date: /home/ngan/Documents/test_github/lesson6_ws/install/rmitbot_localization/share/rmitbot_localization/cmake/rmitbot_localizationConfig.cmake
[0.261s] -- Up-to-date: /home/ngan/Documents/test_github/lesson6_ws/install/rmitbot_localization/share/rmitbot_localization/cmake/rmitbot_localizationConfig-version.cmake
[0.265s] -- Up-to-date: /home/ngan/Documents/test_github/lesson6_ws/install/rmitbot_localization/share/rmitbot_localization/package.xml
[0.267s] Invoked command in '/home/ngan/Documents/test_github/lesson6_ws/build/rmitbot_localization' returned '0': DEBUGINFOD_URLS=https://debuginfod.ubuntu.com /usr/bin/cmake --install /home/ngan/Documents/test_github/lesson6_ws/build/rmitbot_localization
