[0.117s] DEBUG:colcon:Command line arguments: ['/usr/bin/colcon', 'build']
[0.117s] DEBUG:colcon:Parsed command line arguments: Namespace(log_base=None, log_level=None, verb_name='build', build_base='build', install_base='install', merge_install=False, symlink_install=False, test_result_base=None, continue_on_error=False, executor='parallel', parallel_workers=4, event_handlers=None, ignore_user_meta=False, metas=['./colcon.meta'], base_paths=['.'], packages_ignore=None, packages_ignore_regex=None, paths=None, packages_up_to=None, packages_up_to_regex=None, packages_above=None, packages_above_and_dependencies=None, packages_above_depth=None, packages_select_by_dep=None, packages_skip_by_dep=None, packages_skip_up_to=None, packages_select_build_failed=False, packages_skip_build_finished=False, packages_select_test_failures=False, packages_skip_test_passed=False, packages_select=None, packages_skip=None, packages_select_regex=None, packages_skip_regex=None, packages_start=None, packages_end=None, allow_overriding=[], cmake_args=None, cmake_target=None, cmake_target_skip_unavailable=False, cmake_clean_cache=False, cmake_clean_first=False, cmake_force_configure=False, ament_cmake_args=None, catkin_cmake_args=None, catkin_skip_building_tests=False, mixin_files=None, mixin=None, verb_parser=<colcon_mixin.mixin.mixin_argument.MixinArgumentDecorator object at 0x71c26a4591c0>, verb_extension=<colcon_core.verb.build.BuildVerb object at 0x71c26a458e90>, main=<bound method BuildVerb.main of <colcon_core.verb.build.BuildVerb object at 0x71c26a458e90>>, mixin_verb=('build',))
[0.150s] Level 1:colcon.colcon_core.package_discovery:discover_packages(colcon_meta) check parameters
[0.150s] Level 1:colcon.colcon_core.package_discovery:discover_packages(recursive) check parameters
[0.150s] Level 1:colcon.colcon_core.package_discovery:discover_packages(ignore) check parameters
[0.150s] Level 1:colcon.colcon_core.package_discovery:discover_packages(path) check parameters
[0.151s] Level 1:colcon.colcon_core.package_discovery:discover_packages(colcon_meta) discover
[0.151s] Level 1:colcon.colcon_core.package_discovery:discover_packages(recursive) discover
[0.151s] INFO:colcon.colcon_core.package_discovery:Crawling recursively for packages in '/home/vudinhso/rmitbot_eeet2610_ws/lesson6_ws'
[0.151s] Level 1:colcon.colcon_core.package_identification:_identify(.) by extensions ['ignore', 'ignore_ament_install']
[0.151s] Level 1:colcon.colcon_core.package_identification:_identify(.) by extension 'ignore'
[0.151s] Level 1:colcon.colcon_core.package_identification:_identify(.) by extension 'ignore_ament_install'
[0.151s] Level 1:colcon.colcon_core.package_identification:_identify(.) by extensions ['colcon_pkg']
[0.151s] Level 1:colcon.colcon_core.package_identification:_identify(.) by extension 'colcon_pkg'
[0.151s] Level 1:colcon.colcon_core.package_identification:_identify(.) by extensions ['colcon_meta']
[0.151s] Level 1:colcon.colcon_core.package_identification:_identify(.) by extension 'colcon_meta'
[0.151s] Level 1:colcon.colcon_core.package_identification:_identify(.) by extensions ['ros']
[0.151s] Level 1:colcon.colcon_core.package_identification:_identify(.) by extension 'ros'
[0.173s] Level 1:colcon.colcon_core.package_identification:_identify(.) by extensions ['cmake', 'python']
[0.173s] Level 1:colcon.colcon_core.package_identification:_identify(.) by extension 'cmake'
[0.174s] Level 1:colcon.colcon_core.package_identification:_identify(.) by extension 'python'
[0.174s] Level 1:colcon.colcon_core.package_identification:_identify(.) by extensions ['python_setup_py']
[0.174s] Level 1:colcon.colcon_core.package_identification:_identify(.) by extension 'python_setup_py'
[0.174s] Level 1:colcon.colcon_core.package_identification:_identify(build) by extensions ['ignore', 'ignore_ament_install']
[0.174s] Level 1:colcon.colcon_core.package_identification:_identify(build) by extension 'ignore'
[0.174s] Level 1:colcon.colcon_core.package_identification:_identify(build) ignored
[0.174s] Level 1:colcon.colcon_core.package_identification:_identify(install) by extensions ['ignore', 'ignore_ament_install']
[0.174s] Level 1:colcon.colcon_core.package_identification:_identify(install) by extension 'ignore'
[0.174s] Level 1:colcon.colcon_core.package_identification:_identify(install) ignored
[0.174s] Level 1:colcon.colcon_core.package_identification:_identify(log) by extensions ['ignore', 'ignore_ament_install']
[0.174s] Level 1:colcon.colcon_core.package_identification:_identify(log) by extension 'ignore'
[0.174s] Level 1:colcon.colcon_core.package_identification:_identify(log) ignored
[0.174s] Level 1:colcon.colcon_core.package_identification:_identify(src) by extensions ['ignore', 'ignore_ament_install']
[0.175s] Level 1:colcon.colcon_core.package_identification:_identify(src) by extension 'ignore'
[0.175s] Level 1:colcon.colcon_core.package_identification:_identify(src) by extension 'ignore_ament_install'
[0.175s] Level 1:colcon.colcon_core.package_identification:_identify(src) by extensions ['colcon_pkg']
[0.175s] Level 1:colcon.colcon_core.package_identification:_identify(src) by extension 'colcon_pkg'
[0.175s] Level 1:colcon.colcon_core.package_identification:_identify(src) by extensions ['colcon_meta']
[0.175s] Level 1:colcon.colcon_core.package_identification:_identify(src) by extension 'colcon_meta'
[0.175s] Level 1:colcon.colcon_core.package_identification:_identify(src) by extensions ['ros']
[0.175s] Level 1:colcon.colcon_core.package_identification:_identify(src) by extension 'ros'
[0.175s] Level 1:colcon.colcon_core.package_identification:_identify(src) by extensions ['cmake', 'python']
[0.175s] Level 1:colcon.colcon_core.package_identification:_identify(src) by extension 'cmake'
[0.175s] Level 1:colcon.colcon_core.package_identification:_identify(src) by extension 'python'
[0.175s] Level 1:colcon.colcon_core.package_identification:_identify(src) by extensions ['python_setup_py']
[0.175s] Level 1:colcon.colcon_core.package_identification:_identify(src) by extension 'python_setup_py'
[0.175s] Level 1:colcon.colcon_core.package_identification:_identify(src/rmitbot_bringup) by extensions ['ignore', 'ignore_ament_install']
[0.176s] Level 1:colcon.colcon_core.package_identification:_identify(src/rmitbot_bringup) by extension 'ignore'
[0.176s] Level 1:colcon.colcon_core.package_identification:_identify(src/rmitbot_bringup) by extension 'ignore_ament_install'
[0.176s] Level 1:colcon.colcon_core.package_identification:_identify(src/rmitbot_bringup) by extensions ['colcon_pkg']
[0.176s] Level 1:colcon.colcon_core.package_identification:_identify(src/rmitbot_bringup) by extension 'colcon_pkg'
[0.176s] Level 1:colcon.colcon_core.package_identification:_identify(src/rmitbot_bringup) by extensions ['colcon_meta']
[0.176s] Level 1:colcon.colcon_core.package_identification:_identify(src/rmitbot_bringup) by extension 'colcon_meta'
[0.176s] Level 1:colcon.colcon_core.package_identification:_identify(src/rmitbot_bringup) by extensions ['ros']
[0.176s] Level 1:colcon.colcon_core.package_identification:_identify(src/rmitbot_bringup) by extension 'ros'
[0.178s] DEBUG:colcon.colcon_core.package_identification:Package 'src/rmitbot_bringup' with type 'ros.ament_cmake' and name 'rmitbot_bringup'
[0.178s] Level 1:colcon.colcon_core.package_identification:_identify(src/rmitbot_controller) by extensions ['ignore', 'ignore_ament_install']
[0.178s] Level 1:colcon.colcon_core.package_identification:_identify(src/rmitbot_controller) by extension 'ignore'
[0.178s] Level 1:colcon.colcon_core.package_identification:_identify(src/rmitbot_controller) by extension 'ignore_ament_install'
[0.178s] Level 1:colcon.colcon_core.package_identification:_identify(src/rmitbot_controller) by extensions ['colcon_pkg']
[0.178s] Level 1:colcon.colcon_core.package_identification:_identify(src/rmitbot_controller) by extension 'colcon_pkg'
[0.178s] Level 1:colcon.colcon_core.package_identification:_identify(src/rmitbot_controller) by extensions ['colcon_meta']
[0.178s] Level 1:colcon.colcon_core.package_identification:_identify(src/rmitbot_controller) by extension 'colcon_meta'
[0.178s] Level 1:colcon.colcon_core.package_identification:_identify(src/rmitbot_controller) by extensions ['ros']
[0.178s] Level 1:colcon.colcon_core.package_identification:_identify(src/rmitbot_controller) by extension 'ros'
[0.179s] DEBUG:colcon.colcon_core.package_identification:Package 'src/rmitbot_controller' with type 'ros.ament_cmake' and name 'rmitbot_controller'
[0.179s] Level 1:colcon.colcon_core.package_identification:_identify(src/rmitbot_description) by extensions ['ignore', 'ignore_ament_install']
[0.179s] Level 1:colcon.colcon_core.package_identification:_identify(src/rmitbot_description) by extension 'ignore'
[0.179s] Level 1:colcon.colcon_core.package_identification:_identify(src/rmitbot_description) by extension 'ignore_ament_install'
[0.179s] Level 1:colcon.colcon_core.package_identification:_identify(src/rmitbot_description) by extensions ['colcon_pkg']
[0.179s] Level 1:colcon.colcon_core.package_identification:_identify(src/rmitbot_description) by extension 'colcon_pkg'
[0.179s] Level 1:colcon.colcon_core.package_identification:_identify(src/rmitbot_description) by extensions ['colcon_meta']
[0.179s] Level 1:colcon.colcon_core.package_identification:_identify(src/rmitbot_description) by extension 'colcon_meta'
[0.179s] Level 1:colcon.colcon_core.package_identification:_identify(src/rmitbot_description) by extensions ['ros']
[0.179s] Level 1:colcon.colcon_core.package_identification:_identify(src/rmitbot_description) by extension 'ros'
[0.180s] DEBUG:colcon.colcon_core.package_identification:Package 'src/rmitbot_description' with type 'ros.ament_cmake' and name 'rmitbot_description'
[0.180s] Level 1:colcon.colcon_core.package_identification:_identify(src/rmitbot_firmware) by extensions ['ignore', 'ignore_ament_install']
[0.180s] Level 1:colcon.colcon_core.package_identification:_identify(src/rmitbot_firmware) by extension 'ignore'
[0.180s] Level 1:colcon.colcon_core.package_identification:_identify(src/rmitbot_firmware) by extension 'ignore_ament_install'
[0.180s] Level 1:colcon.colcon_core.package_identification:_identify(src/rmitbot_firmware) by extensions ['colcon_pkg']
[0.180s] Level 1:colcon.colcon_core.package_identification:_identify(src/rmitbot_firmware) by extension 'colcon_pkg'
[0.180s] Level 1:colcon.colcon_core.package_identification:_identify(src/rmitbot_firmware) by extensions ['colcon_meta']
[0.180s] Level 1:colcon.colcon_core.package_identification:_identify(src/rmitbot_firmware) by extension 'colcon_meta'
[0.180s] Level 1:colcon.colcon_core.package_identification:_identify(src/rmitbot_firmware) by extensions ['ros']
[0.180s] Level 1:colcon.colcon_core.package_identification:_identify(src/rmitbot_firmware) by extension 'ros'
[0.181s] DEBUG:colcon.colcon_core.package_identification:Package 'src/rmitbot_firmware' with type 'ros.ament_cmake' and name 'rmitbot_firmware'
[0.181s] Level 1:colcon.colcon_core.package_identification:_identify(src/rmitbot_localization) by extensions ['ignore', 'ignore_ament_install']
[0.181s] Level 1:colcon.colcon_core.package_identification:_identify(src/rmitbot_localization) by extension 'ignore'
[0.181s] Level 1:colcon.colcon_core.package_identification:_identify(src/rmitbot_localization) by extension 'ignore_ament_install'
[0.181s] Level 1:colcon.colcon_core.package_identification:_identify(src/rmitbot_localization) by extensions ['colcon_pkg']
[0.181s] Level 1:colcon.colcon_core.package_identification:_identify(src/rmitbot_localization) by extension 'colcon_pkg'
[0.181s] Level 1:colcon.colcon_core.package_identification:_identify(src/rmitbot_localization) by extensions ['colcon_meta']
[0.181s] Level 1:colcon.colcon_core.package_identification:_identify(src/rmitbot_localization) by extension 'colcon_meta'
[0.181s] Level 1:colcon.colcon_core.package_identification:_identify(src/rmitbot_localization) by extensions ['ros']
[0.181s] Level 1:colcon.colcon_core.package_identification:_identify(src/rmitbot_localization) by extension 'ros'
[0.181s] DEBUG:colcon.colcon_core.package_identification:Package 'src/rmitbot_localization' with type 'ros.ament_cmake' and name 'rmitbot_localization'
[0.182s] Level 1:colcon.colcon_core.package_identification:_identify(src/rmitbot_mapping) by extensions ['ignore', 'ignore_ament_install']
[0.182s] Level 1:colcon.colcon_core.package_identification:_identify(src/rmitbot_mapping) by extension 'ignore'
[0.182s] Level 1:colcon.colcon_core.package_identification:_identify(src/rmitbot_mapping) by extension 'ignore_ament_install'
[0.182s] Level 1:colcon.colcon_core.package_identification:_identify(src/rmitbot_mapping) by extensions ['colcon_pkg']
[0.182s] Level 1:colcon.colcon_core.package_identification:_identify(src/rmitbot_mapping) by extension 'colcon_pkg'
[0.182s] Level 1:colcon.colcon_core.package_identification:_identify(src/rmitbot_mapping) by extensions ['colcon_meta']
[0.182s] Level 1:colcon.colcon_core.package_identification:_identify(src/rmitbot_mapping) by extension 'colcon_meta'
[0.182s] Level 1:colcon.colcon_core.package_identification:_identify(src/rmitbot_mapping) by extensions ['ros']
[0.182s] Level 1:colcon.colcon_core.package_identification:_identify(src/rmitbot_mapping) by extension 'ros'
[0.182s] DEBUG:colcon.colcon_core.package_identification:Package 'src/rmitbot_mapping' with type 'ros.ament_cmake' and name 'rmitbot_mapping'
[0.182s] Level 1:colcon.colcon_core.package_discovery:discover_packages(recursive) using defaults
[0.182s] Level 1:colcon.colcon_core.package_discovery:discover_packages(ignore) discover
[0.182s] Level 1:colcon.colcon_core.package_discovery:discover_packages(ignore) using defaults
[0.182s] Level 1:colcon.colcon_core.package_discovery:discover_packages(path) discover
[0.182s] Level 1:colcon.colcon_core.package_discovery:discover_packages(path) using defaults
[0.198s] Level 1:colcon.colcon_core.package_discovery:discover_packages(prefix_path) check parameters
[0.198s] Level 1:colcon.colcon_core.package_discovery:discover_packages(prefix_path) discover
[0.204s] DEBUG:colcon.colcon_installed_package_information.package_discovery:Found 6 installed packages in /home/vudinhso/rmitbot_eeet2610_ws/lesson6_ws/install
[0.205s] DEBUG:colcon.colcon_installed_package_information.package_discovery:Found 445 installed packages in /opt/ros/jazzy
[0.207s] Level 1:colcon.colcon_core.package_discovery:discover_packages(prefix_path) using defaults
[0.257s] Level 5:colcon.colcon_core.verb:set package 'rmitbot_bringup' build argument 'cmake_args' from command line to 'None'
[0.257s] Level 5:colcon.colcon_core.verb:set package 'rmitbot_bringup' build argument 'cmake_target' from command line to 'None'
[0.257s] Level 5:colcon.colcon_core.verb:set package 'rmitbot_bringup' build argument 'cmake_target_skip_unavailable' from command line to 'False'
[0.257s] Level 5:colcon.colcon_core.verb:set package 'rmitbot_bringup' build argument 'cmake_clean_cache' from command line to 'False'
[0.257s] Level 5:colcon.colcon_core.verb:set package 'rmitbot_bringup' build argument 'cmake_clean_first' from command line to 'False'
[0.257s] Level 5:colcon.colcon_core.verb:set package 'rmitbot_bringup' build argument 'cmake_force_configure' from command line to 'False'
[0.257s] Level 5:colcon.colcon_core.verb:set package 'rmitbot_bringup' build argument 'ament_cmake_args' from command line to 'None'
[0.257s] Level 5:colcon.colcon_core.verb:set package 'rmitbot_bringup' build argument 'catkin_cmake_args' from command line to 'None'
[0.257s] Level 5:colcon.colcon_core.verb:set package 'rmitbot_bringup' build argument 'catkin_skip_building_tests' from command line to 'False'
[0.257s] DEBUG:colcon.colcon_core.verb:Building package 'rmitbot_bringup' with the following arguments: {'ament_cmake_args': None, 'build_base': '/home/vudinhso/rmitbot_eeet2610_ws/lesson6_ws/build/rmitbot_bringup', 'catkin_cmake_args': None, 'catkin_skip_building_tests': False, 'cmake_args': None, 'cmake_clean_cache': False, 'cmake_clean_first': False, 'cmake_force_configure': False, 'cmake_target': None, 'cmake_target_skip_unavailable': False, 'install_base': '/home/vudinhso/rmitbot_eeet2610_ws/lesson6_ws/install/rmitbot_bringup', 'merge_install': False, 'path': '/home/vudinhso/rmitbot_eeet2610_ws/lesson6_ws/src/rmitbot_bringup', 'symlink_install': False, 'test_result_base': None}
[0.257s] Level 5:colcon.colcon_core.verb:set package 'rmitbot_controller' build argument 'cmake_args' from command line to 'None'
[0.257s] Level 5:colcon.colcon_core.verb:set package 'rmitbot_controller' build argument 'cmake_target' from command line to 'None'
[0.257s] Level 5:colcon.colcon_core.verb:set package 'rmitbot_controller' build argument 'cmake_target_skip_unavailable' from command line to 'False'
[0.257s] Level 5:colcon.colcon_core.verb:set package 'rmitbot_controller' build argument 'cmake_clean_cache' from command line to 'False'
[0.257s] Level 5:colcon.colcon_core.verb:set package 'rmitbot_controller' build argument 'cmake_clean_first' from command line to 'False'
[0.258s] Level 5:colcon.colcon_core.verb:set package 'rmitbot_controller' build argument 'cmake_force_configure' from command line to 'False'
[0.258s] Level 5:colcon.colcon_core.verb:set package 'rmitbot_controller' build argument 'ament_cmake_args' from command line to 'None'
[0.258s] Level 5:colcon.colcon_core.verb:set package 'rmitbot_controller' build argument 'catkin_cmake_args' from command line to 'None'
[0.258s] Level 5:colcon.colcon_core.verb:set package 'rmitbot_controller' build argument 'catkin_skip_building_tests' from command line to 'False'
[0.258s] DEBUG:colcon.colcon_core.verb:Building package 'rmitbot_controller' with the following arguments: {'ament_cmake_args': None, 'build_base': '/home/vudinhso/rmitbot_eeet2610_ws/lesson6_ws/build/rmitbot_controller', 'catkin_cmake_args': None, 'catkin_skip_building_tests': False, 'cmake_args': None, 'cmake_clean_cache': False, 'cmake_clean_first': False, 'cmake_force_configure': False, 'cmake_target': None, 'cmake_target_skip_unavailable': False, 'install_base': '/home/vudinhso/rmitbot_eeet2610_ws/lesson6_ws/install/rmitbot_controller', 'merge_install': False, 'path': '/home/vudinhso/rmitbot_eeet2610_ws/lesson6_ws/src/rmitbot_controller', 'symlink_install': False, 'test_result_base': None}
[0.258s] Level 5:colcon.colcon_core.verb:set package 'rmitbot_description' build argument 'cmake_args' from command line to 'None'
[0.258s] Level 5:colcon.colcon_core.verb:set package 'rmitbot_description' build argument 'cmake_target' from command line to 'None'
[0.258s] Level 5:colcon.colcon_core.verb:set package 'rmitbot_description' build argument 'cmake_target_skip_unavailable' from command line to 'False'
[0.258s] Level 5:colcon.colcon_core.verb:set package 'rmitbot_description' build argument 'cmake_clean_cache' from command line to 'False'
[0.258s] Level 5:colcon.colcon_core.verb:set package 'rmitbot_description' build argument 'cmake_clean_first' from command line to 'False'
[0.258s] Level 5:colcon.colcon_core.verb:set package 'rmitbot_description' build argument 'cmake_force_configure' from command line to 'False'
[0.258s] Level 5:colcon.colcon_core.verb:set package 'rmitbot_description' build argument 'ament_cmake_args' from command line to 'None'
[0.258s] Level 5:colcon.colcon_core.verb:set package 'rmitbot_description' build argument 'catkin_cmake_args' from command line to 'None'
[0.258s] Level 5:colcon.colcon_core.verb:set package 'rmitbot_description' build argument 'catkin_skip_building_tests' from command line to 'False'
[0.258s] DEBUG:colcon.colcon_core.verb:Building package 'rmitbot_description' with the following arguments: {'ament_cmake_args': None, 'build_base': '/home/vudinhso/rmitbot_eeet2610_ws/lesson6_ws/build/rmitbot_description', 'catkin_cmake_args': None, 'catkin_skip_building_tests': False, 'cmake_args': None, 'cmake_clean_cache': False, 'cmake_clean_first': False, 'cmake_force_configure': False, 'cmake_target': None, 'cmake_target_skip_unavailable': False, 'install_base': '/home/vudinhso/rmitbot_eeet2610_ws/lesson6_ws/install/rmitbot_description', 'merge_install': False, 'path': '/home/vudinhso/rmitbot_eeet2610_ws/lesson6_ws/src/rmitbot_description', 'symlink_install': False, 'test_result_base': None}
[0.258s] Level 5:colcon.colcon_core.verb:set package 'rmitbot_firmware' build argument 'cmake_args' from command line to 'None'
[0.258s] Level 5:colcon.colcon_core.verb:set package 'rmitbot_firmware' build argument 'cmake_target' from command line to 'None'
[0.258s] Level 5:colcon.colcon_core.verb:set package 'rmitbot_firmware' build argument 'cmake_target_skip_unavailable' from command line to 'False'
[0.258s] Level 5:colcon.colcon_core.verb:set package 'rmitbot_firmware' build argument 'cmake_clean_cache' from command line to 'False'
[0.258s] Level 5:colcon.colcon_core.verb:set package 'rmitbot_firmware' build argument 'cmake_clean_first' from command line to 'False'
[0.258s] Level 5:colcon.colcon_core.verb:set package 'rmitbot_firmware' build argument 'cmake_force_configure' from command line to 'False'
[0.258s] Level 5:colcon.colcon_core.verb:set package 'rmitbot_firmware' build argument 'ament_cmake_args' from command line to 'None'
[0.258s] Level 5:colcon.colcon_core.verb:set package 'rmitbot_firmware' build argument 'catkin_cmake_args' from command line to 'None'
[0.258s] Level 5:colcon.colcon_core.verb:set package 'rmitbot_firmware' build argument 'catkin_skip_building_tests' from command line to 'False'
[0.258s] DEBUG:colcon.colcon_core.verb:Building package 'rmitbot_firmware' with the following arguments: {'ament_cmake_args': None, 'build_base': '/home/vudinhso/rmitbot_eeet2610_ws/lesson6_ws/build/rmitbot_firmware', 'catkin_cmake_args': None, 'catkin_skip_building_tests': False, 'cmake_args': None, 'cmake_clean_cache': False, 'cmake_clean_first': False, 'cmake_force_configure': False, 'cmake_target': None, 'cmake_target_skip_unavailable': False, 'install_base': '/home/vudinhso/rmitbot_eeet2610_ws/lesson6_ws/install/rmitbot_firmware', 'merge_install': False, 'path': '/home/vudinhso/rmitbot_eeet2610_ws/lesson6_ws/src/rmitbot_firmware', 'symlink_install': False, 'test_result_base': None}
[0.259s] Level 5:colcon.colcon_core.verb:set package 'rmitbot_localization' build argument 'cmake_args' from command line to 'None'
[0.259s] Level 5:colcon.colcon_core.verb:set package 'rmitbot_localization' build argument 'cmake_target' from command line to 'None'
[0.259s] Level 5:colcon.colcon_core.verb:set package 'rmitbot_localization' build argument 'cmake_target_skip_unavailable' from command line to 'False'
[0.259s] Level 5:colcon.colcon_core.verb:set package 'rmitbot_localization' build argument 'cmake_clean_cache' from command line to 'False'
[0.259s] Level 5:colcon.colcon_core.verb:set package 'rmitbot_localization' build argument 'cmake_clean_first' from command line to 'False'
[0.259s] Level 5:colcon.colcon_core.verb:set package 'rmitbot_localization' build argument 'cmake_force_configure' from command line to 'False'
[0.259s] Level 5:colcon.colcon_core.verb:set package 'rmitbot_localization' build argument 'ament_cmake_args' from command line to 'None'
[0.259s] Level 5:colcon.colcon_core.verb:set package 'rmitbot_localization' build argument 'catkin_cmake_args' from command line to 'None'
[0.259s] Level 5:colcon.colcon_core.verb:set package 'rmitbot_localization' build argument 'catkin_skip_building_tests' from command line to 'False'
[0.259s] DEBUG:colcon.colcon_core.verb:Building package 'rmitbot_localization' with the following arguments: {'ament_cmake_args': None, 'build_base': '/home/vudinhso/rmitbot_eeet2610_ws/lesson6_ws/build/rmitbot_localization', 'catkin_cmake_args': None, 'catkin_skip_building_tests': False, 'cmake_args': None, 'cmake_clean_cache': False, 'cmake_clean_first': False, 'cmake_force_configure': False, 'cmake_target': None, 'cmake_target_skip_unavailable': False, 'install_base': '/home/vudinhso/rmitbot_eeet2610_ws/lesson6_ws/install/rmitbot_localization', 'merge_install': False, 'path': '/home/vudinhso/rmitbot_eeet2610_ws/lesson6_ws/src/rmitbot_localization', 'symlink_install': False, 'test_result_base': None}
[0.259s] Level 5:colcon.colcon_core.verb:set package 'rmitbot_mapping' build argument 'cmake_args' from command line to 'None'
[0.259s] Level 5:colcon.colcon_core.verb:set package 'rmitbot_mapping' build argument 'cmake_target' from command line to 'None'
[0.259s] Level 5:colcon.colcon_core.verb:set package 'rmitbot_mapping' build argument 'cmake_target_skip_unavailable' from command line to 'False'
[0.259s] Level 5:colcon.colcon_core.verb:set package 'rmitbot_mapping' build argument 'cmake_clean_cache' from command line to 'False'
[0.259s] Level 5:colcon.colcon_core.verb:set package 'rmitbot_mapping' build argument 'cmake_clean_first' from command line to 'False'
[0.259s] Level 5:colcon.colcon_core.verb:set package 'rmitbot_mapping' build argument 'cmake_force_configure' from command line to 'False'
[0.259s] Level 5:colcon.colcon_core.verb:set package 'rmitbot_mapping' build argument 'ament_cmake_args' from command line to 'None'
[0.259s] Level 5:colcon.colcon_core.verb:set package 'rmitbot_mapping' build argument 'catkin_cmake_args' from command line to 'None'
[0.259s] Level 5:colcon.colcon_core.verb:set package 'rmitbot_mapping' build argument 'catkin_skip_building_tests' from command line to 'False'
[0.259s] DEBUG:colcon.colcon_core.verb:Building package 'rmitbot_mapping' with the following arguments: {'ament_cmake_args': None, 'build_base': '/home/vudinhso/rmitbot_eeet2610_ws/lesson6_ws/build/rmitbot_mapping', 'catkin_cmake_args': None, 'catkin_skip_building_tests': False, 'cmake_args': None, 'cmake_clean_cache': False, 'cmake_clean_first': False, 'cmake_force_configure': False, 'cmake_target': None, 'cmake_target_skip_unavailable': False, 'install_base': '/home/vudinhso/rmitbot_eeet2610_ws/lesson6_ws/install/rmitbot_mapping', 'merge_install': False, 'path': '/home/vudinhso/rmitbot_eeet2610_ws/lesson6_ws/src/rmitbot_mapping', 'symlink_install': False, 'test_result_base': None}
[0.259s] INFO:colcon.colcon_core.executor:Executing jobs using 'parallel' executor
[0.260s] DEBUG:colcon.colcon_parallel_executor.executor.parallel:run_until_complete
[0.261s] INFO:colcon.colcon_ros.task.ament_cmake.build:Building ROS package in '/home/vudinhso/rmitbot_eeet2610_ws/lesson6_ws/src/rmitbot_bringup' with build type 'ament_cmake'
[0.261s] INFO:colcon.colcon_cmake.task.cmake.build:Building CMake package in '/home/vudinhso/rmitbot_eeet2610_ws/lesson6_ws/src/rmitbot_bringup'
[0.267s] INFO:colcon.colcon_core.plugin_system:Skipping extension 'colcon_core.shell.bat': Not used on non-Windows systems
[0.267s] INFO:colcon.colcon_core.shell:Skip shell extension 'powershell' for command environment: Not usable outside of PowerShell
[0.267s] DEBUG:colcon.colcon_core.shell:Skip shell extension 'dsv' for command environment
[0.273s] INFO:colcon.colcon_ros.task.ament_cmake.build:Building ROS package in '/home/vudinhso/rmitbot_eeet2610_ws/lesson6_ws/src/rmitbot_controller' with build type 'ament_cmake'
[0.273s] INFO:colcon.colcon_cmake.task.cmake.build:Building CMake package in '/home/vudinhso/rmitbot_eeet2610_ws/lesson6_ws/src/rmitbot_controller'
[0.273s] INFO:colcon.colcon_core.shell:Skip shell extension 'powershell' for command environment: Not usable outside of PowerShell
[0.273s] DEBUG:colcon.colcon_core.shell:Skip shell extension 'dsv' for command environment
[0.282s] INFO:colcon.colcon_ros.task.ament_cmake.build:Building ROS package in '/home/vudinhso/rmitbot_eeet2610_ws/lesson6_ws/src/rmitbot_description' with build type 'ament_cmake'
[0.282s] INFO:colcon.colcon_cmake.task.cmake.build:Building CMake package in '/home/vudinhso/rmitbot_eeet2610_ws/lesson6_ws/src/rmitbot_description'
[0.283s] INFO:colcon.colcon_core.shell:Skip shell extension 'powershell' for command environment: Not usable outside of PowerShell
[0.283s] DEBUG:colcon.colcon_core.shell:Skip shell extension 'dsv' for command environment
[0.289s] INFO:colcon.colcon_ros.task.ament_cmake.build:Building ROS package in '/home/vudinhso/rmitbot_eeet2610_ws/lesson6_ws/src/rmitbot_firmware' with build type 'ament_cmake'
[0.289s] INFO:colcon.colcon_cmake.task.cmake.build:Building CMake package in '/home/vudinhso/rmitbot_eeet2610_ws/lesson6_ws/src/rmitbot_firmware'
[0.290s] INFO:colcon.colcon_core.shell:Skip shell extension 'powershell' for command environment: Not usable outside of PowerShell
[0.290s] DEBUG:colcon.colcon_core.shell:Skip shell extension 'dsv' for command environment
[0.305s] DEBUG:colcon.colcon_core.event_handler.log_command:Invoking command in '/home/vudinhso/rmitbot_eeet2610_ws/lesson6_ws/build/rmitbot_bringup': CMAKE_PREFIX_PATH=${CMAKE_PREFIX_PATH}:/opt/ros/jazzy DEBUGINFOD_URLS=https://debuginfod.ubuntu.com /usr/bin/cmake --build /home/vudinhso/rmitbot_eeet2610_ws/lesson6_ws/build/rmitbot_bringup -- -j4 -l4
[0.313s] DEBUG:colcon.colcon_core.event_handler.log_command:Invoking command in '/home/vudinhso/rmitbot_eeet2610_ws/lesson6_ws/build/rmitbot_controller': CMAKE_PREFIX_PATH=${CMAKE_PREFIX_PATH}:/opt/ros/jazzy DEBUGINFOD_URLS=https://debuginfod.ubuntu.com /usr/bin/cmake --build /home/vudinhso/rmitbot_eeet2610_ws/lesson6_ws/build/rmitbot_controller -- -j4 -l4
[0.318s] DEBUG:colcon.colcon_core.event_handler.log_command:Invoking command in '/home/vudinhso/rmitbot_eeet2610_ws/lesson6_ws/build/rmitbot_description': CMAKE_PREFIX_PATH=${CMAKE_PREFIX_PATH}:/opt/ros/jazzy DEBUGINFOD_URLS=https://debuginfod.ubuntu.com /usr/bin/cmake --build /home/vudinhso/rmitbot_eeet2610_ws/lesson6_ws/build/rmitbot_description -- -j4 -l4
[0.327s] DEBUG:colcon.colcon_core.event_handler.log_command:Invoking command in '/home/vudinhso/rmitbot_eeet2610_ws/lesson6_ws/build/rmitbot_firmware': CMAKE_PREFIX_PATH=${CMAKE_PREFIX_PATH}:/opt/ros/jazzy DEBUGINFOD_URLS=https://debuginfod.ubuntu.com /usr/bin/cmake --build /home/vudinhso/rmitbot_eeet2610_ws/lesson6_ws/build/rmitbot_firmware -- -j4 -l4
[0.406s] DEBUG:colcon.colcon_core.event_handler.log_command:Invoked command in '/home/vudinhso/rmitbot_eeet2610_ws/lesson6_ws/build/rmitbot_bringup' returned '0': CMAKE_PREFIX_PATH=${CMAKE_PREFIX_PATH}:/opt/ros/jazzy DEBUGINFOD_URLS=https://debuginfod.ubuntu.com /usr/bin/cmake --build /home/vudinhso/rmitbot_eeet2610_ws/lesson6_ws/build/rmitbot_bringup -- -j4 -l4
[0.418s] DEBUG:colcon.colcon_core.event_handler.log_command:Invoking command in '/home/vudinhso/rmitbot_eeet2610_ws/lesson6_ws/build/rmitbot_bringup': CMAKE_PREFIX_PATH=${CMAKE_PREFIX_PATH}:/opt/ros/jazzy DEBUGINFOD_URLS=https://debuginfod.ubuntu.com /usr/bin/cmake --install /home/vudinhso/rmitbot_eeet2610_ws/lesson6_ws/build/rmitbot_bringup
[0.419s] DEBUG:colcon.colcon_core.event_handler.log_command:Invoked command in '/home/vudinhso/rmitbot_eeet2610_ws/lesson6_ws/build/rmitbot_description' returned '0': CMAKE_PREFIX_PATH=${CMAKE_PREFIX_PATH}:/opt/ros/jazzy DEBUGINFOD_URLS=https://debuginfod.ubuntu.com /usr/bin/cmake --build /home/vudinhso/rmitbot_eeet2610_ws/lesson6_ws/build/rmitbot_description -- -j4 -l4
[0.421s] DEBUG:colcon.colcon_core.event_handler.log_command:Invoking command in '/home/vudinhso/rmitbot_eeet2610_ws/lesson6_ws/build/rmitbot_description': CMAKE_PREFIX_PATH=${CMAKE_PREFIX_PATH}:/opt/ros/jazzy DEBUGINFOD_URLS=https://debuginfod.ubuntu.com /usr/bin/cmake --install /home/vudinhso/rmitbot_eeet2610_ws/lesson6_ws/build/rmitbot_description
[0.421s] DEBUG:colcon.colcon_core.event_handler.log_command:Invoked command in '/home/vudinhso/rmitbot_eeet2610_ws/lesson6_ws/build/rmitbot_controller' returned '0': CMAKE_PREFIX_PATH=${CMAKE_PREFIX_PATH}:/opt/ros/jazzy DEBUGINFOD_URLS=https://debuginfod.ubuntu.com /usr/bin/cmake --build /home/vudinhso/rmitbot_eeet2610_ws/lesson6_ws/build/rmitbot_controller -- -j4 -l4
[0.424s] DEBUG:colcon.colcon_core.event_handler.log_command:Invoking command in '/home/vudinhso/rmitbot_eeet2610_ws/lesson6_ws/build/rmitbot_controller': CMAKE_PREFIX_PATH=${CMAKE_PREFIX_PATH}:/opt/ros/jazzy DEBUGINFOD_URLS=https://debuginfod.ubuntu.com /usr/bin/cmake --install /home/vudinhso/rmitbot_eeet2610_ws/lesson6_ws/build/rmitbot_controller
[0.443s] Level 1:colcon.colcon_core.environment:create_environment_scripts_only(rmitbot_bringup)
[0.449s] DEBUG:colcon.colcon_core.event_handler.log_command:Invoked command in '/home/vudinhso/rmitbot_eeet2610_ws/lesson6_ws/build/rmitbot_bringup' returned '0': CMAKE_PREFIX_PATH=${CMAKE_PREFIX_PATH}:/opt/ros/jazzy DEBUGINFOD_URLS=https://debuginfod.ubuntu.com /usr/bin/cmake --install /home/vudinhso/rmitbot_eeet2610_ws/lesson6_ws/build/rmitbot_bringup
[0.454s] Level 1:colcon.colcon_core.environment:checking '/home/vudinhso/rmitbot_eeet2610_ws/lesson6_ws/install/rmitbot_bringup' for CMake module files
[0.454s] Level 1:colcon.colcon_core.environment:checking '/home/vudinhso/rmitbot_eeet2610_ws/lesson6_ws/install/rmitbot_bringup' for CMake config files
[0.455s] Level 1:colcon.colcon_core.shell:create_environment_hook('rmitbot_bringup', 'cmake_prefix_path')
[0.455s] INFO:colcon.colcon_core.shell:Creating environment hook '/home/vudinhso/rmitbot_eeet2610_ws/lesson6_ws/install/rmitbot_bringup/share/rmitbot_bringup/hook/cmake_prefix_path.ps1'
[0.456s] INFO:colcon.colcon_core.shell:Creating environment descriptor '/home/vudinhso/rmitbot_eeet2610_ws/lesson6_ws/install/rmitbot_bringup/share/rmitbot_bringup/hook/cmake_prefix_path.dsv'
[0.457s] INFO:colcon.colcon_core.shell:Creating environment hook '/home/vudinhso/rmitbot_eeet2610_ws/lesson6_ws/install/rmitbot_bringup/share/rmitbot_bringup/hook/cmake_prefix_path.sh'
[0.458s] Level 1:colcon.colcon_core.environment:checking '/home/vudinhso/rmitbot_eeet2610_ws/lesson6_ws/install/rmitbot_bringup/bin'
[0.458s] Level 1:colcon.colcon_core.environment:checking '/home/vudinhso/rmitbot_eeet2610_ws/lesson6_ws/install/rmitbot_bringup/lib/pkgconfig/rmitbot_bringup.pc'
[0.458s] Level 1:colcon.colcon_core.environment:checking '/home/vudinhso/rmitbot_eeet2610_ws/lesson6_ws/install/rmitbot_bringup/lib/python3.12/site-packages'
[0.458s] Level 1:colcon.colcon_core.environment:checking '/home/vudinhso/rmitbot_eeet2610_ws/lesson6_ws/install/rmitbot_bringup/bin'
[0.458s] INFO:colcon.colcon_core.shell:Creating package script '/home/vudinhso/rmitbot_eeet2610_ws/lesson6_ws/install/rmitbot_bringup/share/rmitbot_bringup/package.ps1'
[0.459s] INFO:colcon.colcon_core.shell:Creating package descriptor '/home/vudinhso/rmitbot_eeet2610_ws/lesson6_ws/install/rmitbot_bringup/share/rmitbot_bringup/package.dsv'
[0.460s] INFO:colcon.colcon_core.shell:Creating package script '/home/vudinhso/rmitbot_eeet2610_ws/lesson6_ws/install/rmitbot_bringup/share/rmitbot_bringup/package.sh'
[0.461s] INFO:colcon.colcon_core.shell:Creating package script '/home/vudinhso/rmitbot_eeet2610_ws/lesson6_ws/install/rmitbot_bringup/share/rmitbot_bringup/package.bash'
[0.462s] INFO:colcon.colcon_core.shell:Creating package script '/home/vudinhso/rmitbot_eeet2610_ws/lesson6_ws/install/rmitbot_bringup/share/rmitbot_bringup/package.zsh'
[0.472s] Level 1:colcon.colcon_core.environment:create_file_with_runtime_dependencies(/home/vudinhso/rmitbot_eeet2610_ws/lesson6_ws/install/rmitbot_bringup/share/colcon-core/packages/rmitbot_bringup)
[0.476s] Level 1:colcon.colcon_core.environment:create_environment_scripts_only(rmitbot_bringup)
[0.476s] Level 1:colcon.colcon_core.environment:checking '/home/vudinhso/rmitbot_eeet2610_ws/lesson6_ws/install/rmitbot_bringup' for CMake module files
[0.477s] Level 1:colcon.colcon_core.environment:checking '/home/vudinhso/rmitbot_eeet2610_ws/lesson6_ws/install/rmitbot_bringup' for CMake config files
[0.477s] Level 1:colcon.colcon_core.shell:create_environment_hook('rmitbot_bringup', 'cmake_prefix_path')
[0.477s] INFO:colcon.colcon_core.shell:Creating environment hook '/home/vudinhso/rmitbot_eeet2610_ws/lesson6_ws/install/rmitbot_bringup/share/rmitbot_bringup/hook/cmake_prefix_path.ps1'
[0.479s] INFO:colcon.colcon_core.shell:Creating environment descriptor '/home/vudinhso/rmitbot_eeet2610_ws/lesson6_ws/install/rmitbot_bringup/share/rmitbot_bringup/hook/cmake_prefix_path.dsv'
[0.480s] INFO:colcon.colcon_core.shell:Creating environment hook '/home/vudinhso/rmitbot_eeet2610_ws/lesson6_ws/install/rmitbot_bringup/share/rmitbot_bringup/hook/cmake_prefix_path.sh'
[0.481s] Level 1:colcon.colcon_core.environment:checking '/home/vudinhso/rmitbot_eeet2610_ws/lesson6_ws/install/rmitbot_bringup/bin'
[0.481s] Level 1:colcon.colcon_core.environment:checking '/home/vudinhso/rmitbot_eeet2610_ws/lesson6_ws/install/rmitbot_bringup/lib/pkgconfig/rmitbot_bringup.pc'
[0.482s] Level 1:colcon.colcon_core.environment:checking '/home/vudinhso/rmitbot_eeet2610_ws/lesson6_ws/install/rmitbot_bringup/lib/python3.12/site-packages'
[0.482s] Level 1:colcon.colcon_core.environment:checking '/home/vudinhso/rmitbot_eeet2610_ws/lesson6_ws/install/rmitbot_bringup/bin'
[0.482s] INFO:colcon.colcon_core.shell:Creating package script '/home/vudinhso/rmitbot_eeet2610_ws/lesson6_ws/install/rmitbot_bringup/share/rmitbot_bringup/package.ps1'
[0.483s] INFO:colcon.colcon_core.shell:Creating package descriptor '/home/vudinhso/rmitbot_eeet2610_ws/lesson6_ws/install/rmitbot_bringup/share/rmitbot_bringup/package.dsv'
[0.484s] INFO:colcon.colcon_core.shell:Creating package script '/home/vudinhso/rmitbot_eeet2610_ws/lesson6_ws/install/rmitbot_bringup/share/rmitbot_bringup/package.sh'
[0.484s] INFO:colcon.colcon_core.shell:Creating package script '/home/vudinhso/rmitbot_eeet2610_ws/lesson6_ws/install/rmitbot_bringup/share/rmitbot_bringup/package.bash'
[0.485s] INFO:colcon.colcon_core.shell:Creating package script '/home/vudinhso/rmitbot_eeet2610_ws/lesson6_ws/install/rmitbot_bringup/share/rmitbot_bringup/package.zsh'
[0.485s] Level 1:colcon.colcon_core.environment:create_file_with_runtime_dependencies(/home/vudinhso/rmitbot_eeet2610_ws/lesson6_ws/install/rmitbot_bringup/share/colcon-core/packages/rmitbot_bringup)
[0.486s] Level 1:colcon.colcon_core.environment:create_environment_scripts_only(rmitbot_description)
[0.487s] Level 1:colcon.colcon_core.environment:checking '/home/vudinhso/rmitbot_eeet2610_ws/lesson6_ws/install/rmitbot_description' for CMake module files
[0.488s] Level 1:colcon.colcon_core.environment:checking '/home/vudinhso/rmitbot_eeet2610_ws/lesson6_ws/install/rmitbot_description' for CMake config files
[0.488s] Level 1:colcon.colcon_core.shell:create_environment_hook('rmitbot_description', 'cmake_prefix_path')
[0.488s] INFO:colcon.colcon_core.shell:Creating environment hook '/home/vudinhso/rmitbot_eeet2610_ws/lesson6_ws/install/rmitbot_description/share/rmitbot_description/hook/cmake_prefix_path.ps1'
[0.488s] INFO:colcon.colcon_core.shell:Creating environment descriptor '/home/vudinhso/rmitbot_eeet2610_ws/lesson6_ws/install/rmitbot_description/share/rmitbot_description/hook/cmake_prefix_path.dsv'
[0.489s] INFO:colcon.colcon_core.shell:Creating environment hook '/home/vudinhso/rmitbot_eeet2610_ws/lesson6_ws/install/rmitbot_description/share/rmitbot_description/hook/cmake_prefix_path.sh'
[0.490s] DEBUG:colcon.colcon_core.event_handler.log_command:Invoked command in '/home/vudinhso/rmitbot_eeet2610_ws/lesson6_ws/build/rmitbot_description' returned '0': CMAKE_PREFIX_PATH=${CMAKE_PREFIX_PATH}:/opt/ros/jazzy DEBUGINFOD_URLS=https://debuginfod.ubuntu.com /usr/bin/cmake --install /home/vudinhso/rmitbot_eeet2610_ws/lesson6_ws/build/rmitbot_description
[0.490s] Level 1:colcon.colcon_core.environment:checking '/home/vudinhso/rmitbot_eeet2610_ws/lesson6_ws/install/rmitbot_description/bin'
[0.490s] Level 1:colcon.colcon_core.environment:checking '/home/vudinhso/rmitbot_eeet2610_ws/lesson6_ws/install/rmitbot_description/lib/pkgconfig/rmitbot_description.pc'
[0.490s] Level 1:colcon.colcon_core.environment:checking '/home/vudinhso/rmitbot_eeet2610_ws/lesson6_ws/install/rmitbot_description/lib/python3.12/site-packages'
[0.490s] Level 1:colcon.colcon_core.environment:checking '/home/vudinhso/rmitbot_eeet2610_ws/lesson6_ws/install/rmitbot_description/bin'
[0.491s] INFO:colcon.colcon_core.shell:Creating package script '/home/vudinhso/rmitbot_eeet2610_ws/lesson6_ws/install/rmitbot_description/share/rmitbot_description/package.ps1'
[0.491s] INFO:colcon.colcon_core.shell:Creating package descriptor '/home/vudinhso/rmitbot_eeet2610_ws/lesson6_ws/install/rmitbot_description/share/rmitbot_description/package.dsv'
[0.492s] INFO:colcon.colcon_core.shell:Creating package script '/home/vudinhso/rmitbot_eeet2610_ws/lesson6_ws/install/rmitbot_description/share/rmitbot_description/package.sh'
[0.492s] INFO:colcon.colcon_core.shell:Creating package script '/home/vudinhso/rmitbot_eeet2610_ws/lesson6_ws/install/rmitbot_description/share/rmitbot_description/package.bash'
[0.492s] INFO:colcon.colcon_core.shell:Creating package script '/home/vudinhso/rmitbot_eeet2610_ws/lesson6_ws/install/rmitbot_description/share/rmitbot_description/package.zsh'
[0.493s] Level 1:colcon.colcon_core.environment:create_file_with_runtime_dependencies(/home/vudinhso/rmitbot_eeet2610_ws/lesson6_ws/install/rmitbot_description/share/colcon-core/packages/rmitbot_description)
[0.494s] Level 1:colcon.colcon_core.environment:create_environment_scripts_only(rmitbot_description)
[0.494s] Level 1:colcon.colcon_core.environment:checking '/home/vudinhso/rmitbot_eeet2610_ws/lesson6_ws/install/rmitbot_description' for CMake module files
[0.494s] Level 1:colcon.colcon_core.environment:checking '/home/vudinhso/rmitbot_eeet2610_ws/lesson6_ws/install/rmitbot_description' for CMake config files
[0.494s] Level 1:colcon.colcon_core.shell:create_environment_hook('rmitbot_description', 'cmake_prefix_path')
[0.495s] INFO:colcon.colcon_core.shell:Creating environment hook '/home/vudinhso/rmitbot_eeet2610_ws/lesson6_ws/install/rmitbot_description/share/rmitbot_description/hook/cmake_prefix_path.ps1'
[0.495s] INFO:colcon.colcon_core.shell:Creating environment descriptor '/home/vudinhso/rmitbot_eeet2610_ws/lesson6_ws/install/rmitbot_description/share/rmitbot_description/hook/cmake_prefix_path.dsv'
[0.496s] INFO:colcon.colcon_core.shell:Creating environment hook '/home/vudinhso/rmitbot_eeet2610_ws/lesson6_ws/install/rmitbot_description/share/rmitbot_description/hook/cmake_prefix_path.sh'
[0.496s] Level 1:colcon.colcon_core.environment:checking '/home/vudinhso/rmitbot_eeet2610_ws/lesson6_ws/install/rmitbot_description/bin'
[0.497s] Level 1:colcon.colcon_core.environment:checking '/home/vudinhso/rmitbot_eeet2610_ws/lesson6_ws/install/rmitbot_description/lib/pkgconfig/rmitbot_description.pc'
[0.497s] Level 1:colcon.colcon_core.environment:checking '/home/vudinhso/rmitbot_eeet2610_ws/lesson6_ws/install/rmitbot_description/lib/python3.12/site-packages'
[0.497s] Level 1:colcon.colcon_core.environment:checking '/home/vudinhso/rmitbot_eeet2610_ws/lesson6_ws/install/rmitbot_description/bin'
[0.497s] INFO:colcon.colcon_core.shell:Creating package script '/home/vudinhso/rmitbot_eeet2610_ws/lesson6_ws/install/rmitbot_description/share/rmitbot_description/package.ps1'
[0.498s] INFO:colcon.colcon_core.shell:Creating package descriptor '/home/vudinhso/rmitbot_eeet2610_ws/lesson6_ws/install/rmitbot_description/share/rmitbot_description/package.dsv'
[0.498s] INFO:colcon.colcon_core.shell:Creating package script '/home/vudinhso/rmitbot_eeet2610_ws/lesson6_ws/install/rmitbot_description/share/rmitbot_description/package.sh'
[0.498s] INFO:colcon.colcon_core.shell:Creating package script '/home/vudinhso/rmitbot_eeet2610_ws/lesson6_ws/install/rmitbot_description/share/rmitbot_description/package.bash'
[0.499s] INFO:colcon.colcon_core.shell:Creating package script '/home/vudinhso/rmitbot_eeet2610_ws/lesson6_ws/install/rmitbot_description/share/rmitbot_description/package.zsh'
[0.499s] Level 1:colcon.colcon_core.environment:create_file_with_runtime_dependencies(/home/vudinhso/rmitbot_eeet2610_ws/lesson6_ws/install/rmitbot_description/share/colcon-core/packages/rmitbot_description)
[0.499s] INFO:colcon.colcon_ros.task.ament_cmake.build:Building ROS package in '/home/vudinhso/rmitbot_eeet2610_ws/lesson6_ws/src/rmitbot_localization' with build type 'ament_cmake'
[0.500s] INFO:colcon.colcon_cmake.task.cmake.build:Building CMake package in '/home/vudinhso/rmitbot_eeet2610_ws/lesson6_ws/src/rmitbot_localization'
[0.500s] INFO:colcon.colcon_core.shell:Skip shell extension 'powershell' for command environment: Not usable outside of PowerShell
[0.500s] DEBUG:colcon.colcon_core.shell:Skip shell extension 'dsv' for command environment
[0.506s] Level 1:colcon.colcon_core.environment:create_environment_scripts_only(rmitbot_controller)
[0.506s] Level 1:colcon.colcon_core.environment:checking '/home/vudinhso/rmitbot_eeet2610_ws/lesson6_ws/install/rmitbot_controller' for CMake module files
[0.507s] DEBUG:colcon.colcon_core.event_handler.log_command:Invoked command in '/home/vudinhso/rmitbot_eeet2610_ws/lesson6_ws/build/rmitbot_controller' returned '0': CMAKE_PREFIX_PATH=${CMAKE_PREFIX_PATH}:/opt/ros/jazzy DEBUGINFOD_URLS=https://debuginfod.ubuntu.com /usr/bin/cmake --install /home/vudinhso/rmitbot_eeet2610_ws/lesson6_ws/build/rmitbot_controller
[0.507s] Level 1:colcon.colcon_core.environment:checking '/home/vudinhso/rmitbot_eeet2610_ws/lesson6_ws/install/rmitbot_controller' for CMake config files
[0.508s] Level 1:colcon.colcon_core.shell:create_environment_hook('rmitbot_controller', 'cmake_prefix_path')
[0.508s] INFO:colcon.colcon_core.shell:Creating environment hook '/home/vudinhso/rmitbot_eeet2610_ws/lesson6_ws/install/rmitbot_controller/share/rmitbot_controller/hook/cmake_prefix_path.ps1'
[0.509s] INFO:colcon.colcon_core.shell:Creating environment descriptor '/home/vudinhso/rmitbot_eeet2610_ws/lesson6_ws/install/rmitbot_controller/share/rmitbot_controller/hook/cmake_prefix_path.dsv'
[0.509s] INFO:colcon.colcon_core.shell:Creating environment hook '/home/vudinhso/rmitbot_eeet2610_ws/lesson6_ws/install/rmitbot_controller/share/rmitbot_controller/hook/cmake_prefix_path.sh'
[0.510s] Level 1:colcon.colcon_core.environment:checking '/home/vudinhso/rmitbot_eeet2610_ws/lesson6_ws/install/rmitbot_controller/bin'
[0.510s] Level 1:colcon.colcon_core.environment:checking '/home/vudinhso/rmitbot_eeet2610_ws/lesson6_ws/install/rmitbot_controller/lib/pkgconfig/rmitbot_controller.pc'
[0.511s] Level 1:colcon.colcon_core.environment:checking '/home/vudinhso/rmitbot_eeet2610_ws/lesson6_ws/install/rmitbot_controller/lib/python3.12/site-packages'
[0.511s] Level 1:colcon.colcon_core.environment:checking '/home/vudinhso/rmitbot_eeet2610_ws/lesson6_ws/install/rmitbot_controller/bin'
[0.511s] INFO:colcon.colcon_core.shell:Creating package script '/home/vudinhso/rmitbot_eeet2610_ws/lesson6_ws/install/rmitbot_controller/share/rmitbot_controller/package.ps1'
[0.512s] INFO:colcon.colcon_core.shell:Creating package descriptor '/home/vudinhso/rmitbot_eeet2610_ws/lesson6_ws/install/rmitbot_controller/share/rmitbot_controller/package.dsv'
[0.512s] INFO:colcon.colcon_core.shell:Creating package script '/home/vudinhso/rmitbot_eeet2610_ws/lesson6_ws/install/rmitbot_controller/share/rmitbot_controller/package.sh'
[0.513s] INFO:colcon.colcon_core.shell:Creating package script '/home/vudinhso/rmitbot_eeet2610_ws/lesson6_ws/install/rmitbot_controller/share/rmitbot_controller/package.bash'
[0.513s] INFO:colcon.colcon_core.shell:Creating package script '/home/vudinhso/rmitbot_eeet2610_ws/lesson6_ws/install/rmitbot_controller/share/rmitbot_controller/package.zsh'
[0.513s] Level 1:colcon.colcon_core.environment:create_file_with_runtime_dependencies(/home/vudinhso/rmitbot_eeet2610_ws/lesson6_ws/install/rmitbot_controller/share/colcon-core/packages/rmitbot_controller)
[0.514s] Level 1:colcon.colcon_core.environment:create_environment_scripts_only(rmitbot_controller)
[0.514s] Level 1:colcon.colcon_core.environment:checking '/home/vudinhso/rmitbot_eeet2610_ws/lesson6_ws/install/rmitbot_controller' for CMake module files
[0.515s] Level 1:colcon.colcon_core.environment:checking '/home/vudinhso/rmitbot_eeet2610_ws/lesson6_ws/install/rmitbot_controller' for CMake config files
[0.515s] Level 1:colcon.colcon_core.shell:create_environment_hook('rmitbot_controller', 'cmake_prefix_path')
[0.515s] INFO:colcon.colcon_core.shell:Creating environment hook '/home/vudinhso/rmitbot_eeet2610_ws/lesson6_ws/install/rmitbot_controller/share/rmitbot_controller/hook/cmake_prefix_path.ps1'
[0.516s] INFO:colcon.colcon_core.shell:Creating environment descriptor '/home/vudinhso/rmitbot_eeet2610_ws/lesson6_ws/install/rmitbot_controller/share/rmitbot_controller/hook/cmake_prefix_path.dsv'
[0.516s] INFO:colcon.colcon_core.shell:Creating environment hook '/home/vudinhso/rmitbot_eeet2610_ws/lesson6_ws/install/rmitbot_controller/share/rmitbot_controller/hook/cmake_prefix_path.sh'
[0.517s] Level 1:colcon.colcon_core.environment:checking '/home/vudinhso/rmitbot_eeet2610_ws/lesson6_ws/install/rmitbot_controller/bin'
[0.517s] Level 1:colcon.colcon_core.environment:checking '/home/vudinhso/rmitbot_eeet2610_ws/lesson6_ws/install/rmitbot_controller/lib/pkgconfig/rmitbot_controller.pc'
[0.517s] Level 1:colcon.colcon_core.environment:checking '/home/vudinhso/rmitbot_eeet2610_ws/lesson6_ws/install/rmitbot_controller/lib/python3.12/site-packages'
[0.518s] Level 1:colcon.colcon_core.environment:checking '/home/vudinhso/rmitbot_eeet2610_ws/lesson6_ws/install/rmitbot_controller/bin'
[0.518s] INFO:colcon.colcon_core.shell:Creating package script '/home/vudinhso/rmitbot_eeet2610_ws/lesson6_ws/install/rmitbot_controller/share/rmitbot_controller/package.ps1'
[0.519s] INFO:colcon.colcon_core.shell:Creating package descriptor '/home/vudinhso/rmitbot_eeet2610_ws/lesson6_ws/install/rmitbot_controller/share/rmitbot_controller/package.dsv'
[0.524s] INFO:colcon.colcon_core.shell:Creating package script '/home/vudinhso/rmitbot_eeet2610_ws/lesson6_ws/install/rmitbot_controller/share/rmitbot_controller/package.sh'
[0.525s] INFO:colcon.colcon_core.shell:Creating package script '/home/vudinhso/rmitbot_eeet2610_ws/lesson6_ws/install/rmitbot_controller/share/rmitbot_controller/package.bash'
[0.526s] INFO:colcon.colcon_core.shell:Creating package script '/home/vudinhso/rmitbot_eeet2610_ws/lesson6_ws/install/rmitbot_controller/share/rmitbot_controller/package.zsh'
[0.526s] Level 1:colcon.colcon_core.environment:create_file_with_runtime_dependencies(/home/vudinhso/rmitbot_eeet2610_ws/lesson6_ws/install/rmitbot_controller/share/colcon-core/packages/rmitbot_controller)
[0.527s] INFO:colcon.colcon_ros.task.ament_cmake.build:Building ROS package in '/home/vudinhso/rmitbot_eeet2610_ws/lesson6_ws/src/rmitbot_mapping' with build type 'ament_cmake'
[0.527s] INFO:colcon.colcon_cmake.task.cmake.build:Building CMake package in '/home/vudinhso/rmitbot_eeet2610_ws/lesson6_ws/src/rmitbot_mapping'
[0.527s] INFO:colcon.colcon_core.shell:Skip shell extension 'powershell' for command environment: Not usable outside of PowerShell
[0.527s] DEBUG:colcon.colcon_core.shell:Skip shell extension 'dsv' for command environment
[0.535s] DEBUG:colcon.colcon_core.event_handler.log_command:Invoking command in '/home/vudinhso/rmitbot_eeet2610_ws/lesson6_ws/build/rmitbot_localization': CMAKE_PREFIX_PATH=${CMAKE_PREFIX_PATH}:/opt/ros/jazzy DEBUGINFOD_URLS=https://debuginfod.ubuntu.com /usr/bin/cmake --build /home/vudinhso/rmitbot_eeet2610_ws/lesson6_ws/build/rmitbot_localization -- -j4 -l4
[0.536s] DEBUG:colcon.colcon_core.event_handler.log_command:Invoked command in '/home/vudinhso/rmitbot_eeet2610_ws/lesson6_ws/build/rmitbot_firmware' returned '0': CMAKE_PREFIX_PATH=${CMAKE_PREFIX_PATH}:/opt/ros/jazzy DEBUGINFOD_URLS=https://debuginfod.ubuntu.com /usr/bin/cmake --build /home/vudinhso/rmitbot_eeet2610_ws/lesson6_ws/build/rmitbot_firmware -- -j4 -l4
[0.537s] DEBUG:colcon.colcon_core.event_handler.log_command:Invoking command in '/home/vudinhso/rmitbot_eeet2610_ws/lesson6_ws/build/rmitbot_firmware': CMAKE_PREFIX_PATH=${CMAKE_PREFIX_PATH}:/opt/ros/jazzy DEBUGINFOD_URLS=https://debuginfod.ubuntu.com /usr/bin/cmake --install /home/vudinhso/rmitbot_eeet2610_ws/lesson6_ws/build/rmitbot_firmware
[0.585s] Level 1:colcon.colcon_core.environment:create_environment_scripts_only(rmitbot_firmware)
[0.585s] Level 1:colcon.colcon_core.environment:checking '/home/vudinhso/rmitbot_eeet2610_ws/lesson6_ws/install/rmitbot_firmware' for CMake module files
[0.585s] Level 1:colcon.colcon_core.environment:checking '/home/vudinhso/rmitbot_eeet2610_ws/lesson6_ws/install/rmitbot_firmware' for CMake config files
[0.586s] Level 1:colcon.colcon_core.shell:create_environment_hook('rmitbot_firmware', 'cmake_prefix_path')
[0.586s] INFO:colcon.colcon_core.shell:Creating environment hook '/home/vudinhso/rmitbot_eeet2610_ws/lesson6_ws/install/rmitbot_firmware/share/rmitbot_firmware/hook/cmake_prefix_path.ps1'
[0.588s] INFO:colcon.colcon_core.shell:Creating environment descriptor '/home/vudinhso/rmitbot_eeet2610_ws/lesson6_ws/install/rmitbot_firmware/share/rmitbot_firmware/hook/cmake_prefix_path.dsv'
[0.588s] INFO:colcon.colcon_core.shell:Creating environment hook '/home/vudinhso/rmitbot_eeet2610_ws/lesson6_ws/install/rmitbot_firmware/share/rmitbot_firmware/hook/cmake_prefix_path.sh'
[0.589s] Level 1:colcon.colcon_core.environment:checking '/home/vudinhso/rmitbot_eeet2610_ws/lesson6_ws/install/rmitbot_firmware/lib'
[0.590s] Level 1:colcon.colcon_core.shell:create_environment_hook('rmitbot_firmware', 'ld_library_path_lib')
[0.590s] INFO:colcon.colcon_core.shell:Creating environment hook '/home/vudinhso/rmitbot_eeet2610_ws/lesson6_ws/install/rmitbot_firmware/share/rmitbot_firmware/hook/ld_library_path_lib.ps1'
[0.591s] DEBUG:colcon.colcon_core.event_handler.log_command:Invoking command in '/home/vudinhso/rmitbot_eeet2610_ws/lesson6_ws/build/rmitbot_mapping': CMAKE_PREFIX_PATH=${CMAKE_PREFIX_PATH}:/opt/ros/jazzy DEBUGINFOD_URLS=https://debuginfod.ubuntu.com /usr/bin/cmake --build /home/vudinhso/rmitbot_eeet2610_ws/lesson6_ws/build/rmitbot_mapping -- -j4 -l4
[0.591s] INFO:colcon.colcon_core.shell:Creating environment descriptor '/home/vudinhso/rmitbot_eeet2610_ws/lesson6_ws/install/rmitbot_firmware/share/rmitbot_firmware/hook/ld_library_path_lib.dsv'
[0.591s] INFO:colcon.colcon_core.shell:Creating environment hook '/home/vudinhso/rmitbot_eeet2610_ws/lesson6_ws/install/rmitbot_firmware/share/rmitbot_firmware/hook/ld_library_path_lib.sh'
[0.592s] Level 1:colcon.colcon_core.environment:checking '/home/vudinhso/rmitbot_eeet2610_ws/lesson6_ws/install/rmitbot_firmware/bin'
[0.592s] Level 1:colcon.colcon_core.environment:checking '/home/vudinhso/rmitbot_eeet2610_ws/lesson6_ws/install/rmitbot_firmware/lib/pkgconfig/rmitbot_firmware.pc'
[0.592s] Level 1:colcon.colcon_core.environment:checking '/home/vudinhso/rmitbot_eeet2610_ws/lesson6_ws/install/rmitbot_firmware/lib/python3.12/site-packages'
[0.592s] Level 1:colcon.colcon_core.environment:checking '/home/vudinhso/rmitbot_eeet2610_ws/lesson6_ws/install/rmitbot_firmware/bin'
[0.593s] INFO:colcon.colcon_core.shell:Creating package script '/home/vudinhso/rmitbot_eeet2610_ws/lesson6_ws/install/rmitbot_firmware/share/rmitbot_firmware/package.ps1'
[0.593s] INFO:colcon.colcon_core.shell:Creating package descriptor '/home/vudinhso/rmitbot_eeet2610_ws/lesson6_ws/install/rmitbot_firmware/share/rmitbot_firmware/package.dsv'
[0.594s] INFO:colcon.colcon_core.shell:Creating package script '/home/vudinhso/rmitbot_eeet2610_ws/lesson6_ws/install/rmitbot_firmware/share/rmitbot_firmware/package.sh'
[0.594s] INFO:colcon.colcon_core.shell:Creating package script '/home/vudinhso/rmitbot_eeet2610_ws/lesson6_ws/install/rmitbot_firmware/share/rmitbot_firmware/package.bash'
[0.595s] INFO:colcon.colcon_core.shell:Creating package script '/home/vudinhso/rmitbot_eeet2610_ws/lesson6_ws/install/rmitbot_firmware/share/rmitbot_firmware/package.zsh'
[0.596s] Level 1:colcon.colcon_core.environment:create_file_with_runtime_dependencies(/home/vudinhso/rmitbot_eeet2610_ws/lesson6_ws/install/rmitbot_firmware/share/colcon-core/packages/rmitbot_firmware)
[0.598s] Level 1:colcon.colcon_core.environment:create_environment_scripts_only(rmitbot_firmware)
[0.598s] Level 1:colcon.colcon_core.environment:checking '/home/vudinhso/rmitbot_eeet2610_ws/lesson6_ws/install/rmitbot_firmware' for CMake module files
[0.599s] Level 1:colcon.colcon_core.environment:checking '/home/vudinhso/rmitbot_eeet2610_ws/lesson6_ws/install/rmitbot_firmware' for CMake config files
[0.599s] Level 1:colcon.colcon_core.shell:create_environment_hook('rmitbot_firmware', 'cmake_prefix_path')
[0.599s] INFO:colcon.colcon_core.shell:Creating environment hook '/home/vudinhso/rmitbot_eeet2610_ws/lesson6_ws/install/rmitbot_firmware/share/rmitbot_firmware/hook/cmake_prefix_path.ps1'
[0.600s] INFO:colcon.colcon_core.shell:Creating environment descriptor '/home/vudinhso/rmitbot_eeet2610_ws/lesson6_ws/install/rmitbot_firmware/share/rmitbot_firmware/hook/cmake_prefix_path.dsv'
[0.613s] DEBUG:colcon.colcon_core.event_handler.log_command:Invoked command in '/home/vudinhso/rmitbot_eeet2610_ws/lesson6_ws/build/rmitbot_firmware' returned '0': CMAKE_PREFIX_PATH=${CMAKE_PREFIX_PATH}:/opt/ros/jazzy DEBUGINFOD_URLS=https://debuginfod.ubuntu.com /usr/bin/cmake --install /home/vudinhso/rmitbot_eeet2610_ws/lesson6_ws/build/rmitbot_firmware
[0.613s] INFO:colcon.colcon_core.shell:Creating environment hook '/home/vudinhso/rmitbot_eeet2610_ws/lesson6_ws/install/rmitbot_firmware/share/rmitbot_firmware/hook/cmake_prefix_path.sh'
[0.614s] Level 1:colcon.colcon_core.environment:checking '/home/vudinhso/rmitbot_eeet2610_ws/lesson6_ws/install/rmitbot_firmware/lib'
[0.614s] Level 1:colcon.colcon_core.shell:create_environment_hook('rmitbot_firmware', 'ld_library_path_lib')
[0.614s] INFO:colcon.colcon_core.shell:Creating environment hook '/home/vudinhso/rmitbot_eeet2610_ws/lesson6_ws/install/rmitbot_firmware/share/rmitbot_firmware/hook/ld_library_path_lib.ps1'
[0.619s] INFO:colcon.colcon_core.shell:Creating environment descriptor '/home/vudinhso/rmitbot_eeet2610_ws/lesson6_ws/install/rmitbot_firmware/share/rmitbot_firmware/hook/ld_library_path_lib.dsv'
[0.620s] INFO:colcon.colcon_core.shell:Creating environment hook '/home/vudinhso/rmitbot_eeet2610_ws/lesson6_ws/install/rmitbot_firmware/share/rmitbot_firmware/hook/ld_library_path_lib.sh'
[0.620s] Level 1:colcon.colcon_core.environment:checking '/home/vudinhso/rmitbot_eeet2610_ws/lesson6_ws/install/rmitbot_firmware/bin'
[0.620s] Level 1:colcon.colcon_core.environment:checking '/home/vudinhso/rmitbot_eeet2610_ws/lesson6_ws/install/rmitbot_firmware/lib/pkgconfig/rmitbot_firmware.pc'
[0.620s] Level 1:colcon.colcon_core.environment:checking '/home/vudinhso/rmitbot_eeet2610_ws/lesson6_ws/install/rmitbot_firmware/lib/python3.12/site-packages'
[0.621s] Level 1:colcon.colcon_core.environment:checking '/home/vudinhso/rmitbot_eeet2610_ws/lesson6_ws/install/rmitbot_firmware/bin'
[0.621s] INFO:colcon.colcon_core.shell:Creating package script '/home/vudinhso/rmitbot_eeet2610_ws/lesson6_ws/install/rmitbot_firmware/share/rmitbot_firmware/package.ps1'
[0.621s] INFO:colcon.colcon_core.shell:Creating package descriptor '/home/vudinhso/rmitbot_eeet2610_ws/lesson6_ws/install/rmitbot_firmware/share/rmitbot_firmware/package.dsv'
[0.622s] INFO:colcon.colcon_core.shell:Creating package script '/home/vudinhso/rmitbot_eeet2610_ws/lesson6_ws/install/rmitbot_firmware/share/rmitbot_firmware/package.sh'
[0.623s] INFO:colcon.colcon_core.shell:Creating package script '/home/vudinhso/rmitbot_eeet2610_ws/lesson6_ws/install/rmitbot_firmware/share/rmitbot_firmware/package.bash'
[0.625s] INFO:colcon.colcon_core.shell:Creating package script '/home/vudinhso/rmitbot_eeet2610_ws/lesson6_ws/install/rmitbot_firmware/share/rmitbot_firmware/package.zsh'
[0.626s] Level 1:colcon.colcon_core.environment:create_file_with_runtime_dependencies(/home/vudinhso/rmitbot_eeet2610_ws/lesson6_ws/install/rmitbot_firmware/share/colcon-core/packages/rmitbot_firmware)
[0.633s] DEBUG:colcon.colcon_core.event_handler.log_command:Invoked command in '/home/vudinhso/rmitbot_eeet2610_ws/lesson6_ws/build/rmitbot_localization' returned '0': CMAKE_PREFIX_PATH=${CMAKE_PREFIX_PATH}:/opt/ros/jazzy DEBUGINFOD_URLS=https://debuginfod.ubuntu.com /usr/bin/cmake --build /home/vudinhso/rmitbot_eeet2610_ws/lesson6_ws/build/rmitbot_localization -- -j4 -l4
[0.637s] DEBUG:colcon.colcon_core.event_handler.log_command:Invoking command in '/home/vudinhso/rmitbot_eeet2610_ws/lesson6_ws/build/rmitbot_localization': CMAKE_PREFIX_PATH=${CMAKE_PREFIX_PATH}:/opt/ros/jazzy DEBUGINFOD_URLS=https://debuginfod.ubuntu.com /usr/bin/cmake --install /home/vudinhso/rmitbot_eeet2610_ws/lesson6_ws/build/rmitbot_localization
[0.640s] DEBUG:colcon.colcon_core.event_handler.log_command:Invoked command in '/home/vudinhso/rmitbot_eeet2610_ws/lesson6_ws/build/rmitbot_mapping' returned '0': CMAKE_PREFIX_PATH=${CMAKE_PREFIX_PATH}:/opt/ros/jazzy DEBUGINFOD_URLS=https://debuginfod.ubuntu.com /usr/bin/cmake --build /home/vudinhso/rmitbot_eeet2610_ws/lesson6_ws/build/rmitbot_mapping -- -j4 -l4
[0.641s] DEBUG:colcon.colcon_core.event_handler.log_command:Invoking command in '/home/vudinhso/rmitbot_eeet2610_ws/lesson6_ws/build/rmitbot_mapping': CMAKE_PREFIX_PATH=${CMAKE_PREFIX_PATH}:/opt/ros/jazzy DEBUGINFOD_URLS=https://debuginfod.ubuntu.com /usr/bin/cmake --install /home/vudinhso/rmitbot_eeet2610_ws/lesson6_ws/build/rmitbot_mapping
[0.653s] Level 1:colcon.colcon_core.environment:create_environment_scripts_only(rmitbot_localization)
[0.653s] Level 1:colcon.colcon_core.environment:checking '/home/vudinhso/rmitbot_eeet2610_ws/lesson6_ws/install/rmitbot_localization' for CMake module files
[0.653s] DEBUG:colcon.colcon_core.event_handler.log_command:Invoked command in '/home/vudinhso/rmitbot_eeet2610_ws/lesson6_ws/build/rmitbot_localization' returned '0': CMAKE_PREFIX_PATH=${CMAKE_PREFIX_PATH}:/opt/ros/jazzy DEBUGINFOD_URLS=https://debuginfod.ubuntu.com /usr/bin/cmake --install /home/vudinhso/rmitbot_eeet2610_ws/lesson6_ws/build/rmitbot_localization
[0.655s] Level 1:colcon.colcon_core.environment:checking '/home/vudinhso/rmitbot_eeet2610_ws/lesson6_ws/install/rmitbot_localization' for CMake config files
[0.655s] Level 1:colcon.colcon_core.shell:create_environment_hook('rmitbot_localization', 'cmake_prefix_path')
[0.655s] INFO:colcon.colcon_core.shell:Creating environment hook '/home/vudinhso/rmitbot_eeet2610_ws/lesson6_ws/install/rmitbot_localization/share/rmitbot_localization/hook/cmake_prefix_path.ps1'
[0.656s] INFO:colcon.colcon_core.shell:Creating environment descriptor '/home/vudinhso/rmitbot_eeet2610_ws/lesson6_ws/install/rmitbot_localization/share/rmitbot_localization/hook/cmake_prefix_path.dsv'
[0.656s] INFO:colcon.colcon_core.shell:Creating environment hook '/home/vudinhso/rmitbot_eeet2610_ws/lesson6_ws/install/rmitbot_localization/share/rmitbot_localization/hook/cmake_prefix_path.sh'
[0.659s] Level 1:colcon.colcon_core.environment:checking '/home/vudinhso/rmitbot_eeet2610_ws/lesson6_ws/install/rmitbot_localization/bin'
[0.659s] Level 1:colcon.colcon_core.environment:checking '/home/vudinhso/rmitbot_eeet2610_ws/lesson6_ws/install/rmitbot_localization/lib/pkgconfig/rmitbot_localization.pc'
[0.659s] Level 1:colcon.colcon_core.environment:checking '/home/vudinhso/rmitbot_eeet2610_ws/lesson6_ws/install/rmitbot_localization/lib/python3.12/site-packages'
[0.659s] Level 1:colcon.colcon_core.environment:checking '/home/vudinhso/rmitbot_eeet2610_ws/lesson6_ws/install/rmitbot_localization/bin'
[0.660s] INFO:colcon.colcon_core.shell:Creating package script '/home/vudinhso/rmitbot_eeet2610_ws/lesson6_ws/install/rmitbot_localization/share/rmitbot_localization/package.ps1'
[0.660s] INFO:colcon.colcon_core.shell:Creating package descriptor '/home/vudinhso/rmitbot_eeet2610_ws/lesson6_ws/install/rmitbot_localization/share/rmitbot_localization/package.dsv'
[0.661s] INFO:colcon.colcon_core.shell:Creating package script '/home/vudinhso/rmitbot_eeet2610_ws/lesson6_ws/install/rmitbot_localization/share/rmitbot_localization/package.sh'
[0.661s] INFO:colcon.colcon_core.shell:Creating package script '/home/vudinhso/rmitbot_eeet2610_ws/lesson6_ws/install/rmitbot_localization/share/rmitbot_localization/package.bash'
[0.661s] INFO:colcon.colcon_core.shell:Creating package script '/home/vudinhso/rmitbot_eeet2610_ws/lesson6_ws/install/rmitbot_localization/share/rmitbot_localization/package.zsh'
[0.662s] Level 1:colcon.colcon_core.environment:create_file_with_runtime_dependencies(/home/vudinhso/rmitbot_eeet2610_ws/lesson6_ws/install/rmitbot_localization/share/colcon-core/packages/rmitbot_localization)
[0.662s] Level 1:colcon.colcon_core.environment:create_environment_scripts_only(rmitbot_localization)
[0.662s] Level 1:colcon.colcon_core.environment:checking '/home/vudinhso/rmitbot_eeet2610_ws/lesson6_ws/install/rmitbot_localization' for CMake module files
[0.663s] Level 1:colcon.colcon_core.environment:checking '/home/vudinhso/rmitbot_eeet2610_ws/lesson6_ws/install/rmitbot_localization' for CMake config files
[0.663s] Level 1:colcon.colcon_core.shell:create_environment_hook('rmitbot_localization', 'cmake_prefix_path')
[0.663s] INFO:colcon.colcon_core.shell:Creating environment hook '/home/vudinhso/rmitbot_eeet2610_ws/lesson6_ws/install/rmitbot_localization/share/rmitbot_localization/hook/cmake_prefix_path.ps1'
[0.663s] INFO:colcon.colcon_core.shell:Creating environment descriptor '/home/vudinhso/rmitbot_eeet2610_ws/lesson6_ws/install/rmitbot_localization/share/rmitbot_localization/hook/cmake_prefix_path.dsv'
[0.664s] INFO:colcon.colcon_core.shell:Creating environment hook '/home/vudinhso/rmitbot_eeet2610_ws/lesson6_ws/install/rmitbot_localization/share/rmitbot_localization/hook/cmake_prefix_path.sh'
[0.664s] Level 1:colcon.colcon_core.environment:checking '/home/vudinhso/rmitbot_eeet2610_ws/lesson6_ws/install/rmitbot_localization/bin'
[0.665s] Level 1:colcon.colcon_core.environment:checking '/home/vudinhso/rmitbot_eeet2610_ws/lesson6_ws/install/rmitbot_localization/lib/pkgconfig/rmitbot_localization.pc'
[0.665s] Level 1:colcon.colcon_core.environment:checking '/home/vudinhso/rmitbot_eeet2610_ws/lesson6_ws/install/rmitbot_localization/lib/python3.12/site-packages'
[0.665s] Level 1:colcon.colcon_core.environment:checking '/home/vudinhso/rmitbot_eeet2610_ws/lesson6_ws/install/rmitbot_localization/bin'
[0.665s] INFO:colcon.colcon_core.shell:Creating package script '/home/vudinhso/rmitbot_eeet2610_ws/lesson6_ws/install/rmitbot_localization/share/rmitbot_localization/package.ps1'
[0.665s] INFO:colcon.colcon_core.shell:Creating package descriptor '/home/vudinhso/rmitbot_eeet2610_ws/lesson6_ws/install/rmitbot_localization/share/rmitbot_localization/package.dsv'
[0.666s] INFO:colcon.colcon_core.shell:Creating package script '/home/vudinhso/rmitbot_eeet2610_ws/lesson6_ws/install/rmitbot_localization/share/rmitbot_localization/package.sh'
[0.666s] INFO:colcon.colcon_core.shell:Creating package script '/home/vudinhso/rmitbot_eeet2610_ws/lesson6_ws/install/rmitbot_localization/share/rmitbot_localization/package.bash'
[0.667s] INFO:colcon.colcon_core.shell:Creating package script '/home/vudinhso/rmitbot_eeet2610_ws/lesson6_ws/install/rmitbot_localization/share/rmitbot_localization/package.zsh'
[0.667s] Level 1:colcon.colcon_core.environment:create_file_with_runtime_dependencies(/home/vudinhso/rmitbot_eeet2610_ws/lesson6_ws/install/rmitbot_localization/share/colcon-core/packages/rmitbot_localization)
[0.669s] Level 1:colcon.colcon_core.environment:create_environment_scripts_only(rmitbot_mapping)
[0.669s] DEBUG:colcon.colcon_core.event_handler.log_command:Invoked command in '/home/vudinhso/rmitbot_eeet2610_ws/lesson6_ws/build/rmitbot_mapping' returned '0': CMAKE_PREFIX_PATH=${CMAKE_PREFIX_PATH}:/opt/ros/jazzy DEBUGINFOD_URLS=https://debuginfod.ubuntu.com /usr/bin/cmake --install /home/vudinhso/rmitbot_eeet2610_ws/lesson6_ws/build/rmitbot_mapping
[0.670s] Level 1:colcon.colcon_core.environment:checking '/home/vudinhso/rmitbot_eeet2610_ws/lesson6_ws/install/rmitbot_mapping' for CMake module files
[0.670s] Level 1:colcon.colcon_core.environment:checking '/home/vudinhso/rmitbot_eeet2610_ws/lesson6_ws/install/rmitbot_mapping' for CMake config files
[0.671s] Level 1:colcon.colcon_core.shell:create_environment_hook('rmitbot_mapping', 'cmake_prefix_path')
[0.671s] INFO:colcon.colcon_core.shell:Creating environment hook '/home/vudinhso/rmitbot_eeet2610_ws/lesson6_ws/install/rmitbot_mapping/share/rmitbot_mapping/hook/cmake_prefix_path.ps1'
[0.672s] INFO:colcon.colcon_core.shell:Creating environment descriptor '/home/vudinhso/rmitbot_eeet2610_ws/lesson6_ws/install/rmitbot_mapping/share/rmitbot_mapping/hook/cmake_prefix_path.dsv'
[0.672s] INFO:colcon.colcon_core.shell:Creating environment hook '/home/vudinhso/rmitbot_eeet2610_ws/lesson6_ws/install/rmitbot_mapping/share/rmitbot_mapping/hook/cmake_prefix_path.sh'
[0.673s] Level 1:colcon.colcon_core.environment:checking '/home/vudinhso/rmitbot_eeet2610_ws/lesson6_ws/install/rmitbot_mapping/bin'
[0.673s] Level 1:colcon.colcon_core.environment:checking '/home/vudinhso/rmitbot_eeet2610_ws/lesson6_ws/install/rmitbot_mapping/lib/pkgconfig/rmitbot_mapping.pc'
[0.673s] Level 1:colcon.colcon_core.environment:checking '/home/vudinhso/rmitbot_eeet2610_ws/lesson6_ws/install/rmitbot_mapping/lib/python3.12/site-packages'
[0.673s] Level 1:colcon.colcon_core.environment:checking '/home/vudinhso/rmitbot_eeet2610_ws/lesson6_ws/install/rmitbot_mapping/bin'
[0.674s] INFO:colcon.colcon_core.shell:Creating package script '/home/vudinhso/rmitbot_eeet2610_ws/lesson6_ws/install/rmitbot_mapping/share/rmitbot_mapping/package.ps1'
[0.674s] INFO:colcon.colcon_core.shell:Creating package descriptor '/home/vudinhso/rmitbot_eeet2610_ws/lesson6_ws/install/rmitbot_mapping/share/rmitbot_mapping/package.dsv'
[0.675s] INFO:colcon.colcon_core.shell:Creating package script '/home/vudinhso/rmitbot_eeet2610_ws/lesson6_ws/install/rmitbot_mapping/share/rmitbot_mapping/package.sh'
[0.675s] INFO:colcon.colcon_core.shell:Creating package script '/home/vudinhso/rmitbot_eeet2610_ws/lesson6_ws/install/rmitbot_mapping/share/rmitbot_mapping/package.bash'
[0.675s] INFO:colcon.colcon_core.shell:Creating package script '/home/vudinhso/rmitbot_eeet2610_ws/lesson6_ws/install/rmitbot_mapping/share/rmitbot_mapping/package.zsh'
[0.676s] Level 1:colcon.colcon_core.environment:create_file_with_runtime_dependencies(/home/vudinhso/rmitbot_eeet2610_ws/lesson6_ws/install/rmitbot_mapping/share/colcon-core/packages/rmitbot_mapping)
[0.676s] Level 1:colcon.colcon_core.environment:create_environment_scripts_only(rmitbot_mapping)
[0.676s] Level 1:colcon.colcon_core.environment:checking '/home/vudinhso/rmitbot_eeet2610_ws/lesson6_ws/install/rmitbot_mapping' for CMake module files
[0.677s] Level 1:colcon.colcon_core.environment:checking '/home/vudinhso/rmitbot_eeet2610_ws/lesson6_ws/install/rmitbot_mapping' for CMake config files
[0.677s] Level 1:colcon.colcon_core.shell:create_environment_hook('rmitbot_mapping', 'cmake_prefix_path')
[0.677s] INFO:colcon.colcon_core.shell:Creating environment hook '/home/vudinhso/rmitbot_eeet2610_ws/lesson6_ws/install/rmitbot_mapping/share/rmitbot_mapping/hook/cmake_prefix_path.ps1'
[0.678s] INFO:colcon.colcon_core.shell:Creating environment descriptor '/home/vudinhso/rmitbot_eeet2610_ws/lesson6_ws/install/rmitbot_mapping/share/rmitbot_mapping/hook/cmake_prefix_path.dsv'
[0.678s] INFO:colcon.colcon_core.shell:Creating environment hook '/home/vudinhso/rmitbot_eeet2610_ws/lesson6_ws/install/rmitbot_mapping/share/rmitbot_mapping/hook/cmake_prefix_path.sh'
[0.679s] Level 1:colcon.colcon_core.environment:checking '/home/vudinhso/rmitbot_eeet2610_ws/lesson6_ws/install/rmitbot_mapping/bin'
[0.679s] Level 1:colcon.colcon_core.environment:checking '/home/vudinhso/rmitbot_eeet2610_ws/lesson6_ws/install/rmitbot_mapping/lib/pkgconfig/rmitbot_mapping.pc'
[0.679s] Level 1:colcon.colcon_core.environment:checking '/home/vudinhso/rmitbot_eeet2610_ws/lesson6_ws/install/rmitbot_mapping/lib/python3.12/site-packages'
[0.679s] Level 1:colcon.colcon_core.environment:checking '/home/vudinhso/rmitbot_eeet2610_ws/lesson6_ws/install/rmitbot_mapping/bin'
[0.679s] INFO:colcon.colcon_core.shell:Creating package script '/home/vudinhso/rmitbot_eeet2610_ws/lesson6_ws/install/rmitbot_mapping/share/rmitbot_mapping/package.ps1'
[0.680s] INFO:colcon.colcon_core.shell:Creating package descriptor '/home/vudinhso/rmitbot_eeet2610_ws/lesson6_ws/install/rmitbot_mapping/share/rmitbot_mapping/package.dsv'
[0.680s] INFO:colcon.colcon_core.shell:Creating package script '/home/vudinhso/rmitbot_eeet2610_ws/lesson6_ws/install/rmitbot_mapping/share/rmitbot_mapping/package.sh'
[0.681s] INFO:colcon.colcon_core.shell:Creating package script '/home/vudinhso/rmitbot_eeet2610_ws/lesson6_ws/install/rmitbot_mapping/share/rmitbot_mapping/package.bash'
[0.681s] INFO:colcon.colcon_core.shell:Creating package script '/home/vudinhso/rmitbot_eeet2610_ws/lesson6_ws/install/rmitbot_mapping/share/rmitbot_mapping/package.zsh'
[0.682s] Level 1:colcon.colcon_core.environment:create_file_with_runtime_dependencies(/home/vudinhso/rmitbot_eeet2610_ws/lesson6_ws/install/rmitbot_mapping/share/colcon-core/packages/rmitbot_mapping)
[0.682s] DEBUG:colcon.colcon_parallel_executor.executor.parallel:closing loop
[0.682s] DEBUG:colcon.colcon_parallel_executor.executor.parallel:loop closed
[0.682s] DEBUG:colcon.colcon_parallel_executor.executor.parallel:run_until_complete finished with '0'
[0.683s] DEBUG:colcon.colcon_core.event_reactor:joining thread
[0.691s] INFO:colcon.colcon_core.plugin_system:Skipping extension 'colcon_notification.desktop_notification.terminal_notifier': Not used on non-Darwin systems
[0.691s] INFO:colcon.colcon_core.plugin_system:Skipping extension 'colcon_notification.desktop_notification.win32': Not used on non-Windows systems
[0.691s] INFO:colcon.colcon_notification.desktop_notification:Sending desktop notification using 'notify2'
[0.708s] DEBUG:colcon.colcon_core.event_reactor:joined thread
[0.708s] INFO:colcon.colcon_core.shell:Creating prefix script '/home/vudinhso/rmitbot_eeet2610_ws/lesson6_ws/install/local_setup.ps1'
[0.710s] INFO:colcon.colcon_core.shell:Creating prefix util module '/home/vudinhso/rmitbot_eeet2610_ws/lesson6_ws/install/_local_setup_util_ps1.py'
[0.713s] INFO:colcon.colcon_core.shell:Creating prefix chain script '/home/vudinhso/rmitbot_eeet2610_ws/lesson6_ws/install/setup.ps1'
[0.717s] INFO:colcon.colcon_core.shell:Creating prefix script '/home/vudinhso/rmitbot_eeet2610_ws/lesson6_ws/install/local_setup.sh'
[0.720s] INFO:colcon.colcon_core.shell:Creating prefix util module '/home/vudinhso/rmitbot_eeet2610_ws/lesson6_ws/install/_local_setup_util_sh.py'
[0.721s] INFO:colcon.colcon_core.shell:Creating prefix chain script '/home/vudinhso/rmitbot_eeet2610_ws/lesson6_ws/install/setup.sh'
[0.722s] INFO:colcon.colcon_core.shell:Creating prefix script '/home/vudinhso/rmitbot_eeet2610_ws/lesson6_ws/install/local_setup.bash'
[0.724s] INFO:colcon.colcon_core.shell:Creating prefix chain script '/home/vudinhso/rmitbot_eeet2610_ws/lesson6_ws/install/setup.bash'
[0.726s] INFO:colcon.colcon_core.shell:Creating prefix script '/home/vudinhso/rmitbot_eeet2610_ws/lesson6_ws/install/local_setup.zsh'
[0.727s] INFO:colcon.colcon_core.shell:Creating prefix chain script '/home/vudinhso/rmitbot_eeet2610_ws/lesson6_ws/install/setup.zsh'
