[0.024s] Invoking command in '/home/vudinhso/rmitbot_eeet2610_ws/lesson6_ws/build/rmitbot_mapping': CMAKE_PREFIX_PATH=${CMAKE_PREFIX_PATH}:/opt/ros/jazzy DEBUGINFOD_URLS=https://debuginfod.ubuntu.com /usr/bin/cmake /home/vudinhso/rmitbot_eeet2610_ws/lesson6_ws/src/rmitbot_mapping -DCMAKE_INSTALL_PREFIX=/home/vudinhso/rmitbot_eeet2610_ws/lesson6_ws/install/rmitbot_mapping
[0.152s] -- The C compiler identification is GNU 13.3.0
[0.212s] -- The CXX compiler identification is GNU 13.3.0
[0.240s] -- Detecting C compiler ABI info
[0.374s] -- Detecting C compiler ABI info - done
[0.389s] -- Check for working C compiler: /usr/bin/cc - skipped
[0.390s] -- Detecting C compile features
[0.391s] -- Detecting C compile features - done
[0.417s] -- Detecting CXX compiler ABI info
[0.668s] -- Detecting CXX compiler ABI info - done
[0.692s] -- Check for working CXX compiler: /usr/bin/c++ - skipped
[0.692s] -- Detecting CXX compile features
[0.696s] -- Detecting CXX compile features - done
[0.697s] -- Found ament_cmake: 2.5.4 (/opt/ros/jazzy/share/ament_cmake/cmake)
[1.040s] -- Found Python3: /usr/bin/python3 (found version "3.12.3") found components: Interpreter 
[1.885s] -- Configuring done (1.8s)
[1.892s] -- Generating done (0.0s)
[1.896s] -- Build files have been written to: /home/vudinhso/rmitbot_eeet2610_ws/lesson6_ws/build/rmitbot_mapping
[1.908s] Invoked command in '/home/vudinhso/rmitbot_eeet2610_ws/lesson6_ws/build/rmitbot_mapping' returned '0': CMAKE_PREFIX_PATH=${CMAKE_PREFIX_PATH}:/opt/ros/jazzy DEBUGINFOD_URLS=https://debuginfod.ubuntu.com /usr/bin/cmake /home/vudinhso/rmitbot_eeet2610_ws/lesson6_ws/src/rmitbot_mapping -DCMAKE_INSTALL_PREFIX=/home/vudinhso/rmitbot_eeet2610_ws/lesson6_ws/install/rmitbot_mapping
[1.912s] Invoking command in '/home/vudinhso/rmitbot_eeet2610_ws/lesson6_ws/build/rmitbot_mapping': CMAKE_PREFIX_PATH=${CMAKE_PREFIX_PATH}:/opt/ros/jazzy DEBUGINFOD_URLS=https://debuginfod.ubuntu.com /usr/bin/cmake --build /home/vudinhso/rmitbot_eeet2610_ws/lesson6_ws/build/rmitbot_mapping -- -j4 -l4
[2.026s] Invoked command in '/home/vudinhso/rmitbot_eeet2610_ws/lesson6_ws/build/rmitbot_mapping' returned '0': CMAKE_PREFIX_PATH=${CMAKE_PREFIX_PATH}:/opt/ros/jazzy DEBUGINFOD_URLS=https://debuginfod.ubuntu.com /usr/bin/cmake --build /home/vudinhso/rmitbot_eeet2610_ws/lesson6_ws/build/rmitbot_mapping -- -j4 -l4
[2.028s] Invoking command in '/home/vudinhso/rmitbot_eeet2610_ws/lesson6_ws/build/rmitbot_mapping': CMAKE_PREFIX_PATH=${CMAKE_PREFIX_PATH}:/opt/ros/jazzy DEBUGINFOD_URLS=https://debuginfod.ubuntu.com /usr/bin/cmake --install /home/vudinhso/rmitbot_eeet2610_ws/lesson6_ws/build/rmitbot_mapping
[2.052s] -- Install configuration: ""
[2.052s] -- Installing: /home/vudinhso/rmitbot_eeet2610_ws/lesson6_ws/install/rmitbot_mapping/share/rmitbot_mapping/launch
[2.052s] -- Installing: /home/vudinhso/rmitbot_eeet2610_ws/lesson6_ws/install/rmitbot_mapping/share/rmitbot_mapping/launch/lidar.launch.py
[2.052s] -- Installing: /home/vudinhso/rmitbot_eeet2610_ws/lesson6_ws/install/rmitbot_mapping/share/rmitbot_mapping/launch/slam.launch.py
[2.052s] -- Installing: /home/vudinhso/rmitbot_eeet2610_ws/lesson6_ws/install/rmitbot_mapping/share/ament_index/resource_index/package_run_dependencies/rmitbot_mapping
[2.052s] -- Installing: /home/vudinhso/rmitbot_eeet2610_ws/lesson6_ws/install/rmitbot_mapping/share/ament_index/resource_index/parent_prefix_path/rmitbot_mapping
[2.052s] -- Installing: /home/vudinhso/rmitbot_eeet2610_ws/lesson6_ws/install/rmitbot_mapping/share/rmitbot_mapping/environment/ament_prefix_path.sh
[2.053s] -- Installing: /home/vudinhso/rmitbot_eeet2610_ws/lesson6_ws/install/rmitbot_mapping/share/rmitbot_mapping/environment/ament_prefix_path.dsv
[2.053s] -- Installing: /home/vudinhso/rmitbot_eeet2610_ws/lesson6_ws/install/rmitbot_mapping/share/rmitbot_mapping/environment/path.sh
[2.053s] -- Installing: /home/vudinhso/rmitbot_eeet2610_ws/lesson6_ws/install/rmitbot_mapping/share/rmitbot_mapping/environment/path.dsv
[2.053s] -- Installing: /home/vudinhso/rmitbot_eeet2610_ws/lesson6_ws/install/rmitbot_mapping/share/rmitbot_mapping/local_setup.bash
[2.053s] -- Installing: /home/vudinhso/rmitbot_eeet2610_ws/lesson6_ws/install/rmitbot_mapping/share/rmitbot_mapping/local_setup.sh
[2.053s] -- Installing: /home/vudinhso/rmitbot_eeet2610_ws/lesson6_ws/install/rmitbot_mapping/share/rmitbot_mapping/local_setup.zsh
[2.053s] -- Installing: /home/vudinhso/rmitbot_eeet2610_ws/lesson6_ws/install/rmitbot_mapping/share/rmitbot_mapping/local_setup.dsv
[2.057s] -- Installing: /home/vudinhso/rmitbot_eeet2610_ws/lesson6_ws/install/rmitbot_mapping/share/rmitbot_mapping/package.dsv
[2.059s] -- Installing: /home/vudinhso/rmitbot_eeet2610_ws/lesson6_ws/install/rmitbot_mapping/share/ament_index/resource_index/packages/rmitbot_mapping
[2.060s] -- Installing: /home/vudinhso/rmitbot_eeet2610_ws/lesson6_ws/install/rmitbot_mapping/share/rmitbot_mapping/cmake/rmitbot_mappingConfig.cmake
[2.060s] -- Installing: /home/vudinhso/rmitbot_eeet2610_ws/lesson6_ws/install/rmitbot_mapping/share/rmitbot_mapping/cmake/rmitbot_mappingConfig-version.cmake
[2.060s] -- Installing: /home/vudinhso/rmitbot_eeet2610_ws/lesson6_ws/install/rmitbot_mapping/share/rmitbot_mapping/package.xml
[2.063s] Invoked command in '/home/vudinhso/rmitbot_eeet2610_ws/lesson6_ws/build/rmitbot_mapping' returned '0': CMAKE_PREFIX_PATH=${CMAKE_PREFIX_PATH}:/opt/ros/jazzy DEBUGINFOD_URLS=https://debuginfod.ubuntu.com /usr/bin/cmake --install /home/vudinhso/rmitbot_eeet2610_ws/lesson6_ws/build/rmitbot_mapping
