[0.016s] Invoking command in '/home/vudinhso/rmitbot_eeet2610_ws/lesson6_ws/build/rmitbot_localization': CMAKE_PREFIX_PATH=${CMAKE_PREFIX_PATH}:/opt/ros/jazzy DEBUGINFOD_URLS=https://debuginfod.ubuntu.com /usr/bin/cmake /home/vudinhso/rmitbot_eeet2610_ws/lesson6_ws/src/rmitbot_localization -DCMAKE_INSTALL_PREFIX=/home/vudinhso/rmitbot_eeet2610_ws/lesson6_ws/install/rmitbot_localization
[0.122s] -- The C compiler identification is GNU 13.3.0
[0.223s] -- The CXX compiler identification is GNU 13.3.0
[0.245s] -- Detecting C compiler ABI info
[0.368s] -- Detecting C compiler ABI info - done
[0.380s] -- Check for working C compiler: /usr/bin/cc - skipped
[0.381s] -- Detecting C compile features
[0.381s] -- Detecting C compile features - done
[0.390s] -- Detecting CXX compiler ABI info
[0.608s] -- Detecting CXX compiler ABI info - done
[0.655s] -- Check for working CXX compiler: /usr/bin/c++ - skipped
[0.656s] -- Detecting CXX compile features
[0.656s] -- Detecting CXX compile features - done
[0.667s] -- Found ament_cmake: 2.5.4 (/opt/ros/jazzy/share/ament_cmake/cmake)
[1.024s] -- Found Python3: /usr/bin/python3 (found version "3.12.3") found components: Interpreter 
[1.426s] -- Found nav_msgs: 5.3.6 (/opt/ros/jazzy/share/nav_msgs/cmake)
[1.624s] -- Found rosidl_generator_c: 4.6.5 (/opt/ros/jazzy/share/rosidl_generator_c/cmake)
[1.679s] -- Found rosidl_generator_cpp: 4.6.5 (/opt/ros/jazzy/share/rosidl_generator_cpp/cmake)
[1.742s] -- Using all available rosidl_typesupport_c: rosidl_typesupport_fastrtps_c;rosidl_typesupport_introspection_c
[1.832s] -- Using all available rosidl_typesupport_cpp: rosidl_typesupport_fastrtps_cpp;rosidl_typesupport_introspection_cpp
[2.136s] -- Found sensor_msgs: 5.3.6 (/opt/ros/jazzy/share/sensor_msgs/cmake)
[2.422s] -- Configuring done (2.4s)
[2.430s] -- Generating done (0.0s)
[2.434s] -- Build files have been written to: /home/vudinhso/rmitbot_eeet2610_ws/lesson6_ws/build/rmitbot_localization
[2.443s] Invoked command in '/home/vudinhso/rmitbot_eeet2610_ws/lesson6_ws/build/rmitbot_localization' returned '0': CMAKE_PREFIX_PATH=${CMAKE_PREFIX_PATH}:/opt/ros/jazzy DEBUGINFOD_URLS=https://debuginfod.ubuntu.com /usr/bin/cmake /home/vudinhso/rmitbot_eeet2610_ws/lesson6_ws/src/rmitbot_localization -DCMAKE_INSTALL_PREFIX=/home/vudinhso/rmitbot_eeet2610_ws/lesson6_ws/install/rmitbot_localization
[2.444s] Invoking command in '/home/vudinhso/rmitbot_eeet2610_ws/lesson6_ws/build/rmitbot_localization': CMAKE_PREFIX_PATH=${CMAKE_PREFIX_PATH}:/opt/ros/jazzy DEBUGINFOD_URLS=https://debuginfod.ubuntu.com /usr/bin/cmake --build /home/vudinhso/rmitbot_eeet2610_ws/lesson6_ws/build/rmitbot_localization -- -j4 -l4
[2.524s] Invoked command in '/home/vudinhso/rmitbot_eeet2610_ws/lesson6_ws/build/rmitbot_localization' returned '0': CMAKE_PREFIX_PATH=${CMAKE_PREFIX_PATH}:/opt/ros/jazzy DEBUGINFOD_URLS=https://debuginfod.ubuntu.com /usr/bin/cmake --build /home/vudinhso/rmitbot_eeet2610_ws/lesson6_ws/build/rmitbot_localization -- -j4 -l4
[2.527s] Invoking command in '/home/vudinhso/rmitbot_eeet2610_ws/lesson6_ws/build/rmitbot_localization': CMAKE_PREFIX_PATH=${CMAKE_PREFIX_PATH}:/opt/ros/jazzy DEBUGINFOD_URLS=https://debuginfod.ubuntu.com /usr/bin/cmake --install /home/vudinhso/rmitbot_eeet2610_ws/lesson6_ws/build/rmitbot_localization
[2.542s] -- Install configuration: ""
[2.542s] -- Installing: /home/vudinhso/rmitbot_eeet2610_ws/lesson6_ws/install/rmitbot_localization/share/rmitbot_localization/launch
[2.545s] -- Installing: /home/vudinhso/rmitbot_eeet2610_ws/lesson6_ws/install/rmitbot_localization/share/rmitbot_localization/launch/local_localization.launch.py
[2.546s] -- Installing: /home/vudinhso/rmitbot_eeet2610_ws/lesson6_ws/install/rmitbot_localization/share/rmitbot_localization/config
[2.546s] -- Installing: /home/vudinhso/rmitbot_eeet2610_ws/lesson6_ws/install/rmitbot_localization/share/rmitbot_localization/config/ekf.yaml
[2.546s] -- Installing: /home/vudinhso/rmitbot_eeet2610_ws/lesson6_ws/install/rmitbot_localization/share/ament_index/resource_index/package_run_dependencies/rmitbot_localization
[2.547s] -- Installing: /home/vudinhso/rmitbot_eeet2610_ws/lesson6_ws/install/rmitbot_localization/share/ament_index/resource_index/parent_prefix_path/rmitbot_localization
[2.547s] -- Installing: /home/vudinhso/rmitbot_eeet2610_ws/lesson6_ws/install/rmitbot_localization/share/rmitbot_localization/environment/ament_prefix_path.sh
[2.547s] -- Installing: /home/vudinhso/rmitbot_eeet2610_ws/lesson6_ws/install/rmitbot_localization/share/rmitbot_localization/environment/ament_prefix_path.dsv
[2.547s] -- Installing: /home/vudinhso/rmitbot_eeet2610_ws/lesson6_ws/install/rmitbot_localization/share/rmitbot_localization/environment/path.sh
[2.547s] -- Installing: /home/vudinhso/rmitbot_eeet2610_ws/lesson6_ws/install/rmitbot_localization/share/rmitbot_localization/environment/path.dsv
[2.548s] -- Installing: /home/vudinhso/rmitbot_eeet2610_ws/lesson6_ws/install/rmitbot_localization/share/rmitbot_localization/local_setup.bash
[2.548s] -- Installing: /home/vudinhso/rmitbot_eeet2610_ws/lesson6_ws/install/rmitbot_localization/share/rmitbot_localization/local_setup.sh
[2.548s] -- Installing: /home/vudinhso/rmitbot_eeet2610_ws/lesson6_ws/install/rmitbot_localization/share/rmitbot_localization/local_setup.zsh
[2.548s] -- Installing: /home/vudinhso/rmitbot_eeet2610_ws/lesson6_ws/install/rmitbot_localization/share/rmitbot_localization/local_setup.dsv
[2.548s] -- Installing: /home/vudinhso/rmitbot_eeet2610_ws/lesson6_ws/install/rmitbot_localization/share/rmitbot_localization/package.dsv
[2.549s] -- Installing: /home/vudinhso/rmitbot_eeet2610_ws/lesson6_ws/install/rmitbot_localization/share/ament_index/resource_index/packages/rmitbot_localization
[2.549s] -- Installing: /home/vudinhso/rmitbot_eeet2610_ws/lesson6_ws/install/rmitbot_localization/share/rmitbot_localization/cmake/rmitbot_localizationConfig.cmake
[2.549s] -- Installing: /home/vudinhso/rmitbot_eeet2610_ws/lesson6_ws/install/rmitbot_localization/share/rmitbot_localization/cmake/rmitbot_localizationConfig-version.cmake
[2.549s] -- Installing: /home/vudinhso/rmitbot_eeet2610_ws/lesson6_ws/install/rmitbot_localization/share/rmitbot_localization/package.xml
[2.553s] Invoked command in '/home/vudinhso/rmitbot_eeet2610_ws/lesson6_ws/build/rmitbot_localization' returned '0': CMAKE_PREFIX_PATH=${CMAKE_PREFIX_PATH}:/opt/ros/jazzy DEBUGINFOD_URLS=https://debuginfod.ubuntu.com /usr/bin/cmake --install /home/vudinhso/rmitbot_eeet2610_ws/lesson6_ws/build/rmitbot_localization
