[0.025s] Invoking command in '/home/ngan/Documents/test_github/lesson6_ws/build/rmitbot_mapping': DEBUGINFOD_URLS=https://debuginfod.ubuntu.com /usr/bin/cmake --build /home/ngan/Documents/test_github/lesson6_ws/build/rmitbot_mapping -- -j4 -l4
[0.152s] Invoked command in '/home/ngan/Documents/test_github/lesson6_ws/build/rmitbot_mapping' returned '0': DEBUGINFOD_URLS=https://debuginfod.ubuntu.com /usr/bin/cmake --build /home/ngan/Documents/test_github/lesson6_ws/build/rmitbot_mapping -- -j4 -l4
[0.160s] Invoking command in '/home/ngan/Documents/test_github/lesson6_ws/build/rmitbot_mapping': DEBUGINFOD_URLS=https://debuginfod.ubuntu.com /usr/bin/cmake --install /home/ngan/Documents/test_github/lesson6_ws/build/rmitbot_mapping
[0.199s] -- Install configuration: ""
[0.199s] -- Up-to-date: /home/ngan/Documents/test_github/lesson6_ws/install/rmitbot_mapping/share/rmitbot_mapping/launch
[0.200s] -- Up-to-date: /home/ngan/Documents/test_github/lesson6_ws/install/rmitbot_mapping/share/rmitbot_mapping/launch/lidar.launch.py
[0.201s] -- Up-to-date: /home/ngan/Documents/test_github/lesson6_ws/install/rmitbot_mapping/share/rmitbot_mapping/launch/slam.launch.py
[0.204s] -- Up-to-date: /home/ngan/Documents/test_github/lesson6_ws/install/rmitbot_mapping/share/rmitbot_mapping/config
[0.204s] -- Up-to-date: /home/ngan/Documents/test_github/lesson6_ws/install/rmitbot_mapping/share/rmitbot_mapping/config/slam.yaml
[0.204s] -- Up-to-date: /home/ngan/Documents/test_github/lesson6_ws/install/rmitbot_mapping/share/ament_index/resource_index/package_run_dependencies/rmitbot_mapping
[0.204s] -- Up-to-date: /home/ngan/Documents/test_github/lesson6_ws/install/rmitbot_mapping/share/ament_index/resource_index/parent_prefix_path/rmitbot_mapping
[0.204s] -- Up-to-date: /home/ngan/Documents/test_github/lesson6_ws/install/rmitbot_mapping/share/rmitbot_mapping/environment/ament_prefix_path.sh
[0.204s] -- Up-to-date: /home/ngan/Documents/test_github/lesson6_ws/install/rmitbot_mapping/share/rmitbot_mapping/environment/ament_prefix_path.dsv
[0.214s] -- Up-to-date: /home/ngan/Documents/test_github/lesson6_ws/install/rmitbot_mapping/share/rmitbot_mapping/environment/path.sh
[0.214s] -- Up-to-date: /home/ngan/Documents/test_github/lesson6_ws/install/rmitbot_mapping/share/rmitbot_mapping/environment/path.dsv
[0.214s] -- Up-to-date: /home/ngan/Documents/test_github/lesson6_ws/install/rmitbot_mapping/share/rmitbot_mapping/local_setup.bash
[0.215s] -- Up-to-date: /home/ngan/Documents/test_github/lesson6_ws/install/rmitbot_mapping/share/rmitbot_mapping/local_setup.sh
[0.215s] -- Up-to-date: /home/ngan/Documents/test_github/lesson6_ws/install/rmitbot_mapping/share/rmitbot_mapping/local_setup.zsh
[0.215s] -- Up-to-date: /home/ngan/Documents/test_github/lesson6_ws/install/rmitbot_mapping/share/rmitbot_mapping/local_setup.dsv
[0.215s] -- Installing: /home/ngan/Documents/test_github/lesson6_ws/install/rmitbot_mapping/share/rmitbot_mapping/package.dsv
[0.215s] -- Up-to-date: /home/ngan/Documents/test_github/lesson6_ws/install/rmitbot_mapping/share/ament_index/resource_index/packages/rmitbot_mapping
[0.215s] -- Up-to-date: /home/ngan/Documents/test_github/lesson6_ws/install/rmitbot_mapping/share/rmitbot_mapping/cmake/rmitbot_mappingConfig.cmake
[0.215s] -- Up-to-date: /home/ngan/Documents/test_github/lesson6_ws/install/rmitbot_mapping/share/rmitbot_mapping/cmake/rmitbot_mappingConfig-version.cmake
[0.216s] -- Up-to-date: /home/ngan/Documents/test_github/lesson6_ws/install/rmitbot_mapping/share/rmitbot_mapping/package.xml
[0.264s] Invoked command in '/home/ngan/Documents/test_github/lesson6_ws/build/rmitbot_mapping' returned '0': DEBUGINFOD_URLS=https://debuginfod.ubuntu.com /usr/bin/cmake --install /home/ngan/Documents/test_github/lesson6_ws/build/rmitbot_mapping
