[0.050s] Invoking command in '/home/ngan/Documents/test_github/lesson6_ws/build/rmitbot_controller': CMAKE_PREFIX_PATH=${CMAKE_PREFIX_PATH}:/opt/ros/jazzy DEBUGINFOD_URLS=https://debuginfod.ubuntu.com /usr/bin/cmake --build /home/ngan/Documents/test_github/lesson6_ws/build/rmitbot_controller -- -j4 -l4
[0.222s] Invoked command in '/home/ngan/Documents/test_github/lesson6_ws/build/rmitbot_controller' returned '0': CMAKE_PREFIX_PATH=${CMAKE_PREFIX_PATH}:/opt/ros/jazzy DEBUGINFOD_URLS=https://debuginfod.ubuntu.com /usr/bin/cmake --build /home/ngan/Documents/test_github/lesson6_ws/build/rmitbot_controller -- -j4 -l4
[0.238s] Invoking command in '/home/ngan/Documents/test_github/lesson6_ws/build/rmitbot_controller': CMAKE_PREFIX_PATH=${CMAKE_PREFIX_PATH}:/opt/ros/jazzy DEBUGINFOD_URLS=https://debuginfod.ubuntu.com /usr/bin/cmake --install /home/ngan/Documents/test_github/lesson6_ws/build/rmitbot_controller
[0.251s] -- Install configuration: ""
[0.251s] -- Up-to-date: /home/ngan/Documents/test_github/lesson6_ws/install/rmitbot_controller/share/rmitbot_controller/launch
[0.251s] -- Up-to-date: /home/ngan/Documents/test_github/lesson6_ws/install/rmitbot_controller/share/rmitbot_controller/launch/controller.launch.py
[0.251s] -- Up-to-date: /home/ngan/Documents/test_github/lesson6_ws/install/rmitbot_controller/share/rmitbot_controller/launch/teleopkeyboard.launch.py
[0.251s] -- Up-to-date: /home/ngan/Documents/test_github/lesson6_ws/install/rmitbot_controller/share/rmitbot_controller/config
[0.251s] -- Up-to-date: /home/ngan/Documents/test_github/lesson6_ws/install/rmitbot_controller/share/rmitbot_controller/config/rmitbot_controller.yaml
[0.254s] -- Up-to-date: /home/ngan/Documents/test_github/lesson6_ws/install/rmitbot_controller/share/ament_index/resource_index/package_run_dependencies/rmitbot_controller
[0.254s] -- Up-to-date: /home/ngan/Documents/test_github/lesson6_ws/install/rmitbot_controller/share/ament_index/resource_index/parent_prefix_path/rmitbot_controller
[0.254s] -- Up-to-date: /home/ngan/Documents/test_github/lesson6_ws/install/rmitbot_controller/share/rmitbot_controller/environment/ament_prefix_path.sh
[0.254s] -- Up-to-date: /home/ngan/Documents/test_github/lesson6_ws/install/rmitbot_controller/share/rmitbot_controller/environment/ament_prefix_path.dsv
[0.254s] -- Up-to-date: /home/ngan/Documents/test_github/lesson6_ws/install/rmitbot_controller/share/rmitbot_controller/environment/path.sh
[0.254s] -- Up-to-date: /home/ngan/Documents/test_github/lesson6_ws/install/rmitbot_controller/share/rmitbot_controller/environment/path.dsv
[0.255s] -- Up-to-date: /home/ngan/Documents/test_github/lesson6_ws/install/rmitbot_controller/share/rmitbot_controller/local_setup.bash
[0.255s] -- Up-to-date: /home/ngan/Documents/test_github/lesson6_ws/install/rmitbot_controller/share/rmitbot_controller/local_setup.sh
[0.255s] -- Up-to-date: /home/ngan/Documents/test_github/lesson6_ws/install/rmitbot_controller/share/rmitbot_controller/local_setup.zsh
[0.255s] -- Up-to-date: /home/ngan/Documents/test_github/lesson6_ws/install/rmitbot_controller/share/rmitbot_controller/local_setup.dsv
[0.255s] -- Installing: /home/ngan/Documents/test_github/lesson6_ws/install/rmitbot_controller/share/rmitbot_controller/package.dsv
[0.255s] -- Up-to-date: /home/ngan/Documents/test_github/lesson6_ws/install/rmitbot_controller/share/ament_index/resource_index/packages/rmitbot_controller
[0.255s] -- Up-to-date: /home/ngan/Documents/test_github/lesson6_ws/install/rmitbot_controller/share/rmitbot_controller/cmake/rmitbot_controllerConfig.cmake
[0.255s] -- Up-to-date: /home/ngan/Documents/test_github/lesson6_ws/install/rmitbot_controller/share/rmitbot_controller/cmake/rmitbot_controllerConfig-version.cmake
[0.255s] -- Up-to-date: /home/ngan/Documents/test_github/lesson6_ws/install/rmitbot_controller/share/rmitbot_controller/package.xml
[0.257s] Invoked command in '/home/ngan/Documents/test_github/lesson6_ws/build/rmitbot_controller' returned '0': CMAKE_PREFIX_PATH=${CMAKE_PREFIX_PATH}:/opt/ros/jazzy DEBUGINFOD_URLS=https://debuginfod.ubuntu.com /usr/bin/cmake --install /home/ngan/Documents/test_github/lesson6_ws/build/rmitbot_controller
