[0.027s] Invoking command in '/home/vudinhso/rmitbot_eeet2610_ws/lesson6_ws/build/rmitbot_bringup': CMAKE_PREFIX_PATH=${CMAKE_PREFIX_PATH}:/opt/ros/jazzy DEBUGINFOD_URLS=https://debuginfod.ubuntu.com /usr/bin/cmake /home/vudinhso/rmitbot_eeet2610_ws/lesson6_ws/src/rmitbot_bringup -DCMAKE_INSTALL_PREFIX=/home/vudinhso/rmitbot_eeet2610_ws/lesson6_ws/install/rmitbot_bringup
[0.120s] -- The C compiler identification is GNU 13.3.0
[0.195s] -- The CXX compiler identification is GNU 13.3.0
[0.224s] -- Detecting C compiler ABI info
[0.345s] -- Detecting C compiler ABI info - done
[0.368s] -- Check for working C compiler: /usr/bin/cc - skipped
[0.368s] -- Detecting C compile features
[0.368s] -- Detecting C compile features - done
[0.380s] -- Detecting CXX compiler ABI info
[0.571s] -- Detecting CXX compiler ABI info - done
[0.590s] -- Check for working CXX compiler: /usr/bin/c++ - skipped
[0.591s] -- Detecting CXX compile features
[0.591s] -- Detecting CXX compile features - done
[0.595s] -- Found ament_cmake: 2.5.4 (/opt/ros/jazzy/share/ament_cmake/cmake)
[0.778s] -- Found Python3: /usr/bin/python3 (found version "3.12.3") found components: Interpreter 
[1.043s] -- Configuring done (1.0s)
[1.046s] -- Generating done (0.0s)
[1.048s] -- Build files have been written to: /home/vudinhso/rmitbot_eeet2610_ws/lesson6_ws/build/rmitbot_bringup
[1.058s] Invoked command in '/home/vudinhso/rmitbot_eeet2610_ws/lesson6_ws/build/rmitbot_bringup' returned '0': CMAKE_PREFIX_PATH=${CMAKE_PREFIX_PATH}:/opt/ros/jazzy DEBUGINFOD_URLS=https://debuginfod.ubuntu.com /usr/bin/cmake /home/vudinhso/rmitbot_eeet2610_ws/lesson6_ws/src/rmitbot_bringup -DCMAKE_INSTALL_PREFIX=/home/vudinhso/rmitbot_eeet2610_ws/lesson6_ws/install/rmitbot_bringup
[1.063s] Invoking command in '/home/vudinhso/rmitbot_eeet2610_ws/lesson6_ws/build/rmitbot_bringup': CMAKE_PREFIX_PATH=${CMAKE_PREFIX_PATH}:/opt/ros/jazzy DEBUGINFOD_URLS=https://debuginfod.ubuntu.com /usr/bin/cmake --build /home/vudinhso/rmitbot_eeet2610_ws/lesson6_ws/build/rmitbot_bringup -- -j4 -l4
[1.127s] Invoked command in '/home/vudinhso/rmitbot_eeet2610_ws/lesson6_ws/build/rmitbot_bringup' returned '0': CMAKE_PREFIX_PATH=${CMAKE_PREFIX_PATH}:/opt/ros/jazzy DEBUGINFOD_URLS=https://debuginfod.ubuntu.com /usr/bin/cmake --build /home/vudinhso/rmitbot_eeet2610_ws/lesson6_ws/build/rmitbot_bringup -- -j4 -l4
[1.143s] Invoking command in '/home/vudinhso/rmitbot_eeet2610_ws/lesson6_ws/build/rmitbot_bringup': CMAKE_PREFIX_PATH=${CMAKE_PREFIX_PATH}:/opt/ros/jazzy DEBUGINFOD_URLS=https://debuginfod.ubuntu.com /usr/bin/cmake --install /home/vudinhso/rmitbot_eeet2610_ws/lesson6_ws/build/rmitbot_bringup
[1.157s] -- Install configuration: ""
[1.157s] -- Installing: /home/vudinhso/rmitbot_eeet2610_ws/lesson6_ws/install/rmitbot_bringup/share/rmitbot_bringup/launch
[1.158s] -- Installing: /home/vudinhso/rmitbot_eeet2610_ws/lesson6_ws/install/rmitbot_bringup/share/rmitbot_bringup/launch/realrobot.launch.py
[1.158s] -- Installing: /home/vudinhso/rmitbot_eeet2610_ws/lesson6_ws/install/rmitbot_bringup/share/rmitbot_bringup/launch/simrobot.launch.py
[1.159s] -- Installing: /home/vudinhso/rmitbot_eeet2610_ws/lesson6_ws/install/rmitbot_bringup/share/ament_index/resource_index/package_run_dependencies/rmitbot_bringup
[1.159s] -- Installing: /home/vudinhso/rmitbot_eeet2610_ws/lesson6_ws/install/rmitbot_bringup/share/ament_index/resource_index/parent_prefix_path/rmitbot_bringup
[1.159s] -- Installing: /home/vudinhso/rmitbot_eeet2610_ws/lesson6_ws/install/rmitbot_bringup/share/rmitbot_bringup/environment/ament_prefix_path.sh
[1.159s] -- Installing: /home/vudinhso/rmitbot_eeet2610_ws/lesson6_ws/install/rmitbot_bringup/share/rmitbot_bringup/environment/ament_prefix_path.dsv
[1.159s] -- Installing: /home/vudinhso/rmitbot_eeet2610_ws/lesson6_ws/install/rmitbot_bringup/share/rmitbot_bringup/environment/path.sh
[1.160s] -- Installing: /home/vudinhso/rmitbot_eeet2610_ws/lesson6_ws/install/rmitbot_bringup/share/rmitbot_bringup/environment/path.dsv
[1.160s] -- Installing: /home/vudinhso/rmitbot_eeet2610_ws/lesson6_ws/install/rmitbot_bringup/share/rmitbot_bringup/local_setup.bash
[1.162s] -- Installing: /home/vudinhso/rmitbot_eeet2610_ws/lesson6_ws/install/rmitbot_bringup/share/rmitbot_bringup/local_setup.sh
[1.162s] -- Installing: /home/vudinhso/rmitbot_eeet2610_ws/lesson6_ws/install/rmitbot_bringup/share/rmitbot_bringup/local_setup.zsh
[1.162s] -- Installing: /home/vudinhso/rmitbot_eeet2610_ws/lesson6_ws/install/rmitbot_bringup/share/rmitbot_bringup/local_setup.dsv
[1.162s] -- Installing: /home/vudinhso/rmitbot_eeet2610_ws/lesson6_ws/install/rmitbot_bringup/share/rmitbot_bringup/package.dsv
[1.162s] -- Installing: /home/vudinhso/rmitbot_eeet2610_ws/lesson6_ws/install/rmitbot_bringup/share/ament_index/resource_index/packages/rmitbot_bringup
[1.162s] -- Installing: /home/vudinhso/rmitbot_eeet2610_ws/lesson6_ws/install/rmitbot_bringup/share/rmitbot_bringup/cmake/rmitbot_bringupConfig.cmake
[1.162s] -- Installing: /home/vudinhso/rmitbot_eeet2610_ws/lesson6_ws/install/rmitbot_bringup/share/rmitbot_bringup/cmake/rmitbot_bringupConfig-version.cmake
[1.162s] -- Installing: /home/vudinhso/rmitbot_eeet2610_ws/lesson6_ws/install/rmitbot_bringup/share/rmitbot_bringup/package.xml
[1.167s] Invoked command in '/home/vudinhso/rmitbot_eeet2610_ws/lesson6_ws/build/rmitbot_bringup' returned '0': CMAKE_PREFIX_PATH=${CMAKE_PREFIX_PATH}:/opt/ros/jazzy DEBUGINFOD_URLS=https://debuginfod.ubuntu.com /usr/bin/cmake --install /home/vudinhso/rmitbot_eeet2610_ws/lesson6_ws/build/rmitbot_bringup
