[0.018s] Invoking command in '/home/ngan/Documents/test_github/lesson6_ws/build/rmitbot_controller': DEBUGINFOD_URLS=https://debuginfod.ubuntu.com /usr/bin/cmake --build /home/ngan/Documents/test_github/lesson6_ws/build/rmitbot_controller -- -j4 -l4
[0.167s] Invoked command in '/home/ngan/Documents/test_github/lesson6_ws/build/rmitbot_controller' returned '0': DEBUGINFOD_URLS=https://debuginfod.ubuntu.com /usr/bin/cmake --build /home/ngan/Documents/test_github/lesson6_ws/build/rmitbot_controller -- -j4 -l4
[0.172s] Invoking command in '/home/ngan/Documents/test_github/lesson6_ws/build/rmitbot_controller': DEBUGINFOD_URLS=https://debuginfod.ubuntu.com /usr/bin/cmake --install /home/ngan/Documents/test_github/lesson6_ws/build/rmitbot_controller
[0.179s] -- Install configuration: ""
[0.179s] -- Up-to-date: /home/ngan/Documents/test_github/lesson6_ws/install/rmitbot_controller/share/rmitbot_controller/launch
[0.179s] -- Up-to-date: /home/ngan/Documents/test_github/lesson6_ws/install/rmitbot_controller/share/rmitbot_controller/launch/controller.launch.py
[0.180s] -- Up-to-date: /home/ngan/Documents/test_github/lesson6_ws/install/rmitbot_controller/share/rmitbot_controller/launch/teleopkeyboard.launch.py
[0.182s] -- Up-to-date: /home/ngan/Documents/test_github/lesson6_ws/install/rmitbot_controller/share/rmitbot_controller/config
[0.182s] -- Installing: /home/ngan/Documents/test_github/lesson6_ws/install/rmitbot_controller/share/rmitbot_controller/config/rmitbot_controller.yaml
[0.183s] -- Up-to-date: /home/ngan/Documents/test_github/lesson6_ws/install/rmitbot_controller/share/ament_index/resource_index/package_run_dependencies/rmitbot_controller
[0.184s] -- Up-to-date: /home/ngan/Documents/test_github/lesson6_ws/install/rmitbot_controller/share/ament_index/resource_index/parent_prefix_path/rmitbot_controller
[0.184s] -- Up-to-date: /home/ngan/Documents/test_github/lesson6_ws/install/rmitbot_controller/share/rmitbot_controller/environment/ament_prefix_path.sh
[0.184s] -- Up-to-date: /home/ngan/Documents/test_github/lesson6_ws/install/rmitbot_controller/share/rmitbot_controller/environment/ament_prefix_path.dsv
[0.184s] -- Up-to-date: /home/ngan/Documents/test_github/lesson6_ws/install/rmitbot_controller/share/rmitbot_controller/environment/path.sh
[0.184s] -- Up-to-date: /home/ngan/Documents/test_github/lesson6_ws/install/rmitbot_controller/share/rmitbot_controller/environment/path.dsv
[0.184s] -- Up-to-date: /home/ngan/Documents/test_github/lesson6_ws/install/rmitbot_controller/share/rmitbot_controller/local_setup.bash
[0.184s] -- Up-to-date: /home/ngan/Documents/test_github/lesson6_ws/install/rmitbot_controller/share/rmitbot_controller/local_setup.sh
[0.184s] -- Up-to-date: /home/ngan/Documents/test_github/lesson6_ws/install/rmitbot_controller/share/rmitbot_controller/local_setup.zsh
[0.184s] -- Up-to-date: /home/ngan/Documents/test_github/lesson6_ws/install/rmitbot_controller/share/rmitbot_controller/local_setup.dsv
[0.184s] -- Installing: /home/ngan/Documents/test_github/lesson6_ws/install/rmitbot_controller/share/rmitbot_controller/package.dsv
[0.184s] -- Up-to-date: /home/ngan/Documents/test_github/lesson6_ws/install/rmitbot_controller/share/ament_index/resource_index/packages/rmitbot_controller
[0.185s] -- Up-to-date: /home/ngan/Documents/test_github/lesson6_ws/install/rmitbot_controller/share/rmitbot_controller/cmake/rmitbot_controllerConfig.cmake
[0.185s] -- Up-to-date: /home/ngan/Documents/test_github/lesson6_ws/install/rmitbot_controller/share/rmitbot_controller/cmake/rmitbot_controllerConfig-version.cmake
[0.186s] -- Up-to-date: /home/ngan/Documents/test_github/lesson6_ws/install/rmitbot_controller/share/rmitbot_controller/package.xml
[0.230s] Invoked command in '/home/ngan/Documents/test_github/lesson6_ws/build/rmitbot_controller' returned '0': DEBUGINFOD_URLS=https://debuginfod.ubuntu.com /usr/bin/cmake --install /home/ngan/Documents/test_github/lesson6_ws/build/rmitbot_controller
