[0.510s] DEBUG:colcon:Command line arguments: ['/usr/bin/colcon', 'build']
[0.510s] DEBUG:colcon:Parsed command line arguments: Namespace(log_base=None, log_level=None, verb_name='build', build_base='build', install_base='install', merge_install=False, symlink_install=False, test_result_base=None, continue_on_error=False, executor='parallel', parallel_workers=4, event_handlers=None, ignore_user_meta=False, metas=['./colcon.meta'], base_paths=['.'], packages_ignore=None, packages_ignore_regex=None, paths=None, packages_up_to=None, packages_up_to_regex=None, packages_above=None, packages_above_and_dependencies=None, packages_above_depth=None, packages_select_by_dep=None, packages_skip_by_dep=None, packages_skip_up_to=None, packages_select_build_failed=False, packages_skip_build_finished=False, packages_select_test_failures=False, packages_skip_test_passed=False, packages_select=None, packages_skip=None, packages_select_regex=None, packages_skip_regex=None, packages_start=None, packages_end=None, allow_overriding=[], cmake_args=None, cmake_target=None, cmake_target_skip_unavailable=False, cmake_clean_cache=False, cmake_clean_first=False, cmake_force_configure=False, ament_cmake_args=None, catkin_cmake_args=None, catkin_skip_building_tests=False, mixin_files=None, mixin=None, verb_parser=<colcon_mixin.mixin.mixin_argument.MixinArgumentDecorator object at 0x770467e88e00>, verb_extension=<colcon_core.verb.build.BuildVerb object at 0x770467e88bc0>, main=<bound method BuildVerb.main of <colcon_core.verb.build.BuildVerb object at 0x770467e88bc0>>, mixin_verb=('build',))
[0.666s] Level 1:colcon.colcon_core.package_discovery:discover_packages(colcon_meta) check parameters
[0.667s] Level 1:colcon.colcon_core.package_discovery:discover_packages(recursive) check parameters
[0.667s] Level 1:colcon.colcon_core.package_discovery:discover_packages(ignore) check parameters
[0.667s] Level 1:colcon.colcon_core.package_discovery:discover_packages(path) check parameters
[0.667s] Level 1:colcon.colcon_core.package_discovery:discover_packages(colcon_meta) discover
[0.667s] Level 1:colcon.colcon_core.package_discovery:discover_packages(recursive) discover
[0.667s] INFO:colcon.colcon_core.package_discovery:Crawling recursively for packages in '/home/vudinhso/RMIT_Bot/lesson6_ws'
[0.667s] Level 1:colcon.colcon_core.package_identification:_identify(.) by extensions ['ignore', 'ignore_ament_install']
[0.667s] Level 1:colcon.colcon_core.package_identification:_identify(.) by extension 'ignore'
[0.668s] Level 1:colcon.colcon_core.package_identification:_identify(.) by extension 'ignore_ament_install'
[0.668s] Level 1:colcon.colcon_core.package_identification:_identify(.) by extensions ['colcon_pkg']
[0.668s] Level 1:colcon.colcon_core.package_identification:_identify(.) by extension 'colcon_pkg'
[0.668s] Level 1:colcon.colcon_core.package_identification:_identify(.) by extensions ['colcon_meta']
[0.668s] Level 1:colcon.colcon_core.package_identification:_identify(.) by extension 'colcon_meta'
[0.668s] Level 1:colcon.colcon_core.package_identification:_identify(.) by extensions ['ros']
[0.668s] Level 1:colcon.colcon_core.package_identification:_identify(.) by extension 'ros'
[0.850s] Level 1:colcon.colcon_core.package_identification:_identify(.) by extensions ['cmake', 'python']
[0.850s] Level 1:colcon.colcon_core.package_identification:_identify(.) by extension 'cmake'
[0.851s] Level 1:colcon.colcon_core.package_identification:_identify(.) by extension 'python'
[0.851s] Level 1:colcon.colcon_core.package_identification:_identify(.) by extensions ['python_setup_py']
[0.851s] Level 1:colcon.colcon_core.package_identification:_identify(.) by extension 'python_setup_py'
[0.851s] Level 1:colcon.colcon_core.package_identification:_identify(build) by extensions ['ignore', 'ignore_ament_install']
[0.852s] Level 1:colcon.colcon_core.package_identification:_identify(build) by extension 'ignore'
[0.852s] Level 1:colcon.colcon_core.package_identification:_identify(build) ignored
[0.852s] Level 1:colcon.colcon_core.package_identification:_identify(install) by extensions ['ignore', 'ignore_ament_install']
[0.853s] Level 1:colcon.colcon_core.package_identification:_identify(install) by extension 'ignore'
[0.853s] Level 1:colcon.colcon_core.package_identification:_identify(install) ignored
[0.853s] Level 1:colcon.colcon_core.package_identification:_identify(log) by extensions ['ignore', 'ignore_ament_install']
[0.853s] Level 1:colcon.colcon_core.package_identification:_identify(log) by extension 'ignore'
[0.853s] Level 1:colcon.colcon_core.package_identification:_identify(log) ignored
[0.853s] Level 1:colcon.colcon_core.package_identification:_identify(src) by extensions ['ignore', 'ignore_ament_install']
[0.853s] Level 1:colcon.colcon_core.package_identification:_identify(src) by extension 'ignore'
[0.853s] Level 1:colcon.colcon_core.package_identification:_identify(src) by extension 'ignore_ament_install'
[0.853s] Level 1:colcon.colcon_core.package_identification:_identify(src) by extensions ['colcon_pkg']
[0.853s] Level 1:colcon.colcon_core.package_identification:_identify(src) by extension 'colcon_pkg'
[0.854s] Level 1:colcon.colcon_core.package_identification:_identify(src) by extensions ['colcon_meta']
[0.854s] Level 1:colcon.colcon_core.package_identification:_identify(src) by extension 'colcon_meta'
[0.854s] Level 1:colcon.colcon_core.package_identification:_identify(src) by extensions ['ros']
[0.854s] Level 1:colcon.colcon_core.package_identification:_identify(src) by extension 'ros'
[0.854s] Level 1:colcon.colcon_core.package_identification:_identify(src) by extensions ['cmake', 'python']
[0.854s] Level 1:colcon.colcon_core.package_identification:_identify(src) by extension 'cmake'
[0.854s] Level 1:colcon.colcon_core.package_identification:_identify(src) by extension 'python'
[0.855s] Level 1:colcon.colcon_core.package_identification:_identify(src) by extensions ['python_setup_py']
[0.855s] Level 1:colcon.colcon_core.package_identification:_identify(src) by extension 'python_setup_py'
[0.855s] Level 1:colcon.colcon_core.package_identification:_identify(src/rmitbot_bringup) by extensions ['ignore', 'ignore_ament_install']
[0.855s] Level 1:colcon.colcon_core.package_identification:_identify(src/rmitbot_bringup) by extension 'ignore'
[0.855s] Level 1:colcon.colcon_core.package_identification:_identify(src/rmitbot_bringup) by extension 'ignore_ament_install'
[0.856s] Level 1:colcon.colcon_core.package_identification:_identify(src/rmitbot_bringup) by extensions ['colcon_pkg']
[0.856s] Level 1:colcon.colcon_core.package_identification:_identify(src/rmitbot_bringup) by extension 'colcon_pkg'
[0.856s] Level 1:colcon.colcon_core.package_identification:_identify(src/rmitbot_bringup) by extensions ['colcon_meta']
[0.856s] Level 1:colcon.colcon_core.package_identification:_identify(src/rmitbot_bringup) by extension 'colcon_meta'
[0.856s] Level 1:colcon.colcon_core.package_identification:_identify(src/rmitbot_bringup) by extensions ['ros']
[0.856s] Level 1:colcon.colcon_core.package_identification:_identify(src/rmitbot_bringup) by extension 'ros'
[0.862s] DEBUG:colcon.colcon_core.package_identification:Package 'src/rmitbot_bringup' with type 'ros.ament_cmake' and name 'rmitbot_bringup'
[0.862s] Level 1:colcon.colcon_core.package_identification:_identify(src/rmitbot_controller) by extensions ['ignore', 'ignore_ament_install']
[0.862s] Level 1:colcon.colcon_core.package_identification:_identify(src/rmitbot_controller) by extension 'ignore'
[0.862s] Level 1:colcon.colcon_core.package_identification:_identify(src/rmitbot_controller) by extension 'ignore_ament_install'
[0.863s] Level 1:colcon.colcon_core.package_identification:_identify(src/rmitbot_controller) by extensions ['colcon_pkg']
[0.863s] Level 1:colcon.colcon_core.package_identification:_identify(src/rmitbot_controller) by extension 'colcon_pkg'
[0.863s] Level 1:colcon.colcon_core.package_identification:_identify(src/rmitbot_controller) by extensions ['colcon_meta']
[0.863s] Level 1:colcon.colcon_core.package_identification:_identify(src/rmitbot_controller) by extension 'colcon_meta'
[0.863s] Level 1:colcon.colcon_core.package_identification:_identify(src/rmitbot_controller) by extensions ['ros']
[0.863s] Level 1:colcon.colcon_core.package_identification:_identify(src/rmitbot_controller) by extension 'ros'
[0.864s] DEBUG:colcon.colcon_core.package_identification:Package 'src/rmitbot_controller' with type 'ros.ament_cmake' and name 'rmitbot_controller'
[0.865s] Level 1:colcon.colcon_core.package_identification:_identify(src/rmitbot_description) by extensions ['ignore', 'ignore_ament_install']
[0.865s] Level 1:colcon.colcon_core.package_identification:_identify(src/rmitbot_description) by extension 'ignore'
[0.865s] Level 1:colcon.colcon_core.package_identification:_identify(src/rmitbot_description) by extension 'ignore_ament_install'
[0.866s] Level 1:colcon.colcon_core.package_identification:_identify(src/rmitbot_description) by extensions ['colcon_pkg']
[0.866s] Level 1:colcon.colcon_core.package_identification:_identify(src/rmitbot_description) by extension 'colcon_pkg'
[0.866s] Level 1:colcon.colcon_core.package_identification:_identify(src/rmitbot_description) by extensions ['colcon_meta']
[0.866s] Level 1:colcon.colcon_core.package_identification:_identify(src/rmitbot_description) by extension 'colcon_meta'
[0.866s] Level 1:colcon.colcon_core.package_identification:_identify(src/rmitbot_description) by extensions ['ros']
[0.866s] Level 1:colcon.colcon_core.package_identification:_identify(src/rmitbot_description) by extension 'ros'
[0.868s] DEBUG:colcon.colcon_core.package_identification:Package 'src/rmitbot_description' with type 'ros.ament_cmake' and name 'rmitbot_description'
[0.868s] Level 1:colcon.colcon_core.package_identification:_identify(src/rmitbot_firmware) by extensions ['ignore', 'ignore_ament_install']
[0.869s] Level 1:colcon.colcon_core.package_identification:_identify(src/rmitbot_firmware) by extension 'ignore'
[0.869s] Level 1:colcon.colcon_core.package_identification:_identify(src/rmitbot_firmware) by extension 'ignore_ament_install'
[0.869s] Level 1:colcon.colcon_core.package_identification:_identify(src/rmitbot_firmware) by extensions ['colcon_pkg']
[0.869s] Level 1:colcon.colcon_core.package_identification:_identify(src/rmitbot_firmware) by extension 'colcon_pkg'
[0.869s] Level 1:colcon.colcon_core.package_identification:_identify(src/rmitbot_firmware) by extensions ['colcon_meta']
[0.869s] Level 1:colcon.colcon_core.package_identification:_identify(src/rmitbot_firmware) by extension 'colcon_meta'
[0.869s] Level 1:colcon.colcon_core.package_identification:_identify(src/rmitbot_firmware) by extensions ['ros']
[0.869s] Level 1:colcon.colcon_core.package_identification:_identify(src/rmitbot_firmware) by extension 'ros'
[0.871s] DEBUG:colcon.colcon_core.package_identification:Package 'src/rmitbot_firmware' with type 'ros.ament_cmake' and name 'rmitbot_firmware'
[0.872s] Level 1:colcon.colcon_core.package_identification:_identify(src/rmitbot_localization) by extensions ['ignore', 'ignore_ament_install']
[0.872s] Level 1:colcon.colcon_core.package_identification:_identify(src/rmitbot_localization) by extension 'ignore'
[0.872s] Level 1:colcon.colcon_core.package_identification:_identify(src/rmitbot_localization) by extension 'ignore_ament_install'
[0.873s] Level 1:colcon.colcon_core.package_identification:_identify(src/rmitbot_localization) by extensions ['colcon_pkg']
[0.873s] Level 1:colcon.colcon_core.package_identification:_identify(src/rmitbot_localization) by extension 'colcon_pkg'
[0.873s] Level 1:colcon.colcon_core.package_identification:_identify(src/rmitbot_localization) by extensions ['colcon_meta']
[0.873s] Level 1:colcon.colcon_core.package_identification:_identify(src/rmitbot_localization) by extension 'colcon_meta'
[0.873s] Level 1:colcon.colcon_core.package_identification:_identify(src/rmitbot_localization) by extensions ['ros']
[0.873s] Level 1:colcon.colcon_core.package_identification:_identify(src/rmitbot_localization) by extension 'ros'
[0.875s] DEBUG:colcon.colcon_core.package_identification:Package 'src/rmitbot_localization' with type 'ros.ament_cmake' and name 'rmitbot_localization'
[0.876s] Level 1:colcon.colcon_core.package_identification:_identify(src/rmitbot_mapping) by extensions ['ignore', 'ignore_ament_install']
[0.876s] Level 1:colcon.colcon_core.package_identification:_identify(src/rmitbot_mapping) by extension 'ignore'
[0.876s] Level 1:colcon.colcon_core.package_identification:_identify(src/rmitbot_mapping) by extension 'ignore_ament_install'
[0.876s] Level 1:colcon.colcon_core.package_identification:_identify(src/rmitbot_mapping) by extensions ['colcon_pkg']
[0.876s] Level 1:colcon.colcon_core.package_identification:_identify(src/rmitbot_mapping) by extension 'colcon_pkg'
[0.876s] Level 1:colcon.colcon_core.package_identification:_identify(src/rmitbot_mapping) by extensions ['colcon_meta']
[0.876s] Level 1:colcon.colcon_core.package_identification:_identify(src/rmitbot_mapping) by extension 'colcon_meta'
[0.877s] Level 1:colcon.colcon_core.package_identification:_identify(src/rmitbot_mapping) by extensions ['ros']
[0.877s] Level 1:colcon.colcon_core.package_identification:_identify(src/rmitbot_mapping) by extension 'ros'
[0.881s] DEBUG:colcon.colcon_core.package_identification:Package 'src/rmitbot_mapping' with type 'ros.ament_cmake' and name 'rmitbot_mapping'
[0.881s] Level 1:colcon.colcon_core.package_discovery:discover_packages(recursive) using defaults
[0.881s] Level 1:colcon.colcon_core.package_discovery:discover_packages(ignore) discover
[0.881s] Level 1:colcon.colcon_core.package_discovery:discover_packages(ignore) using defaults
[0.881s] Level 1:colcon.colcon_core.package_discovery:discover_packages(path) discover
[0.881s] Level 1:colcon.colcon_core.package_discovery:discover_packages(path) using defaults
[0.959s] Level 1:colcon.colcon_core.package_discovery:discover_packages(prefix_path) check parameters
[0.959s] Level 1:colcon.colcon_core.package_discovery:discover_packages(prefix_path) discover
[0.969s] DEBUG:colcon.colcon_installed_package_information.package_discovery:Found 6 installed packages in /home/vudinhso/RMIT_Bot/lesson6_ws/install
[0.977s] DEBUG:colcon.colcon_installed_package_information.package_discovery:Found 391 installed packages in /opt/ros/jazzy
[0.981s] Level 1:colcon.colcon_core.package_discovery:discover_packages(prefix_path) using defaults
[1.326s] Level 5:colcon.colcon_core.verb:set package 'rmitbot_bringup' build argument 'cmake_args' from command line to 'None'
[1.326s] Level 5:colcon.colcon_core.verb:set package 'rmitbot_bringup' build argument 'cmake_target' from command line to 'None'
[1.326s] Level 5:colcon.colcon_core.verb:set package 'rmitbot_bringup' build argument 'cmake_target_skip_unavailable' from command line to 'False'
[1.326s] Level 5:colcon.colcon_core.verb:set package 'rmitbot_bringup' build argument 'cmake_clean_cache' from command line to 'False'
[1.326s] Level 5:colcon.colcon_core.verb:set package 'rmitbot_bringup' build argument 'cmake_clean_first' from command line to 'False'
[1.326s] Level 5:colcon.colcon_core.verb:set package 'rmitbot_bringup' build argument 'cmake_force_configure' from command line to 'False'
[1.326s] Level 5:colcon.colcon_core.verb:set package 'rmitbot_bringup' build argument 'ament_cmake_args' from command line to 'None'
[1.326s] Level 5:colcon.colcon_core.verb:set package 'rmitbot_bringup' build argument 'catkin_cmake_args' from command line to 'None'
[1.326s] Level 5:colcon.colcon_core.verb:set package 'rmitbot_bringup' build argument 'catkin_skip_building_tests' from command line to 'False'
[1.326s] DEBUG:colcon.colcon_core.verb:Building package 'rmitbot_bringup' with the following arguments: {'ament_cmake_args': None, 'build_base': '/home/vudinhso/RMIT_Bot/lesson6_ws/build/rmitbot_bringup', 'catkin_cmake_args': None, 'catkin_skip_building_tests': False, 'cmake_args': None, 'cmake_clean_cache': False, 'cmake_clean_first': False, 'cmake_force_configure': False, 'cmake_target': None, 'cmake_target_skip_unavailable': False, 'install_base': '/home/vudinhso/RMIT_Bot/lesson6_ws/install/rmitbot_bringup', 'merge_install': False, 'path': '/home/vudinhso/RMIT_Bot/lesson6_ws/src/rmitbot_bringup', 'symlink_install': False, 'test_result_base': None}
[1.330s] Level 5:colcon.colcon_core.verb:set package 'rmitbot_controller' build argument 'cmake_args' from command line to 'None'
[1.331s] Level 5:colcon.colcon_core.verb:set package 'rmitbot_controller' build argument 'cmake_target' from command line to 'None'
[1.333s] Level 5:colcon.colcon_core.verb:set package 'rmitbot_controller' build argument 'cmake_target_skip_unavailable' from command line to 'False'
[1.333s] Level 5:colcon.colcon_core.verb:set package 'rmitbot_controller' build argument 'cmake_clean_cache' from command line to 'False'
[1.333s] Level 5:colcon.colcon_core.verb:set package 'rmitbot_controller' build argument 'cmake_clean_first' from command line to 'False'
[1.333s] Level 5:colcon.colcon_core.verb:set package 'rmitbot_controller' build argument 'cmake_force_configure' from command line to 'False'
[1.333s] Level 5:colcon.colcon_core.verb:set package 'rmitbot_controller' build argument 'ament_cmake_args' from command line to 'None'
[1.333s] Level 5:colcon.colcon_core.verb:set package 'rmitbot_controller' build argument 'catkin_cmake_args' from command line to 'None'
[1.333s] Level 5:colcon.colcon_core.verb:set package 'rmitbot_controller' build argument 'catkin_skip_building_tests' from command line to 'False'
[1.333s] DEBUG:colcon.colcon_core.verb:Building package 'rmitbot_controller' with the following arguments: {'ament_cmake_args': None, 'build_base': '/home/vudinhso/RMIT_Bot/lesson6_ws/build/rmitbot_controller', 'catkin_cmake_args': None, 'catkin_skip_building_tests': False, 'cmake_args': None, 'cmake_clean_cache': False, 'cmake_clean_first': False, 'cmake_force_configure': False, 'cmake_target': None, 'cmake_target_skip_unavailable': False, 'install_base': '/home/vudinhso/RMIT_Bot/lesson6_ws/install/rmitbot_controller', 'merge_install': False, 'path': '/home/vudinhso/RMIT_Bot/lesson6_ws/src/rmitbot_controller', 'symlink_install': False, 'test_result_base': None}
[1.333s] Level 5:colcon.colcon_core.verb:set package 'rmitbot_description' build argument 'cmake_args' from command line to 'None'
[1.333s] Level 5:colcon.colcon_core.verb:set package 'rmitbot_description' build argument 'cmake_target' from command line to 'None'
[1.333s] Level 5:colcon.colcon_core.verb:set package 'rmitbot_description' build argument 'cmake_target_skip_unavailable' from command line to 'False'
[1.333s] Level 5:colcon.colcon_core.verb:set package 'rmitbot_description' build argument 'cmake_clean_cache' from command line to 'False'
[1.333s] Level 5:colcon.colcon_core.verb:set package 'rmitbot_description' build argument 'cmake_clean_first' from command line to 'False'
[1.334s] Level 5:colcon.colcon_core.verb:set package 'rmitbot_description' build argument 'cmake_force_configure' from command line to 'False'
[1.334s] Level 5:colcon.colcon_core.verb:set package 'rmitbot_description' build argument 'ament_cmake_args' from command line to 'None'
[1.334s] Level 5:colcon.colcon_core.verb:set package 'rmitbot_description' build argument 'catkin_cmake_args' from command line to 'None'
[1.334s] Level 5:colcon.colcon_core.verb:set package 'rmitbot_description' build argument 'catkin_skip_building_tests' from command line to 'False'
[1.334s] DEBUG:colcon.colcon_core.verb:Building package 'rmitbot_description' with the following arguments: {'ament_cmake_args': None, 'build_base': '/home/vudinhso/RMIT_Bot/lesson6_ws/build/rmitbot_description', 'catkin_cmake_args': None, 'catkin_skip_building_tests': False, 'cmake_args': None, 'cmake_clean_cache': False, 'cmake_clean_first': False, 'cmake_force_configure': False, 'cmake_target': None, 'cmake_target_skip_unavailable': False, 'install_base': '/home/vudinhso/RMIT_Bot/lesson6_ws/install/rmitbot_description', 'merge_install': False, 'path': '/home/vudinhso/RMIT_Bot/lesson6_ws/src/rmitbot_description', 'symlink_install': False, 'test_result_base': None}
[1.334s] Level 5:colcon.colcon_core.verb:set package 'rmitbot_firmware' build argument 'cmake_args' from command line to 'None'
[1.334s] Level 5:colcon.colcon_core.verb:set package 'rmitbot_firmware' build argument 'cmake_target' from command line to 'None'
[1.334s] Level 5:colcon.colcon_core.verb:set package 'rmitbot_firmware' build argument 'cmake_target_skip_unavailable' from command line to 'False'
[1.334s] Level 5:colcon.colcon_core.verb:set package 'rmitbot_firmware' build argument 'cmake_clean_cache' from command line to 'False'
[1.334s] Level 5:colcon.colcon_core.verb:set package 'rmitbot_firmware' build argument 'cmake_clean_first' from command line to 'False'
[1.334s] Level 5:colcon.colcon_core.verb:set package 'rmitbot_firmware' build argument 'cmake_force_configure' from command line to 'False'
[1.334s] Level 5:colcon.colcon_core.verb:set package 'rmitbot_firmware' build argument 'ament_cmake_args' from command line to 'None'
[1.334s] Level 5:colcon.colcon_core.verb:set package 'rmitbot_firmware' build argument 'catkin_cmake_args' from command line to 'None'
[1.334s] Level 5:colcon.colcon_core.verb:set package 'rmitbot_firmware' build argument 'catkin_skip_building_tests' from command line to 'False'
[1.334s] DEBUG:colcon.colcon_core.verb:Building package 'rmitbot_firmware' with the following arguments: {'ament_cmake_args': None, 'build_base': '/home/vudinhso/RMIT_Bot/lesson6_ws/build/rmitbot_firmware', 'catkin_cmake_args': None, 'catkin_skip_building_tests': False, 'cmake_args': None, 'cmake_clean_cache': False, 'cmake_clean_first': False, 'cmake_force_configure': False, 'cmake_target': None, 'cmake_target_skip_unavailable': False, 'install_base': '/home/vudinhso/RMIT_Bot/lesson6_ws/install/rmitbot_firmware', 'merge_install': False, 'path': '/home/vudinhso/RMIT_Bot/lesson6_ws/src/rmitbot_firmware', 'symlink_install': False, 'test_result_base': None}
[1.335s] Level 5:colcon.colcon_core.verb:set package 'rmitbot_localization' build argument 'cmake_args' from command line to 'None'
[1.335s] Level 5:colcon.colcon_core.verb:set package 'rmitbot_localization' build argument 'cmake_target' from command line to 'None'
[1.335s] Level 5:colcon.colcon_core.verb:set package 'rmitbot_localization' build argument 'cmake_target_skip_unavailable' from command line to 'False'
[1.335s] Level 5:colcon.colcon_core.verb:set package 'rmitbot_localization' build argument 'cmake_clean_cache' from command line to 'False'
[1.335s] Level 5:colcon.colcon_core.verb:set package 'rmitbot_localization' build argument 'cmake_clean_first' from command line to 'False'
[1.335s] Level 5:colcon.colcon_core.verb:set package 'rmitbot_localization' build argument 'cmake_force_configure' from command line to 'False'
[1.335s] Level 5:colcon.colcon_core.verb:set package 'rmitbot_localization' build argument 'ament_cmake_args' from command line to 'None'
[1.335s] Level 5:colcon.colcon_core.verb:set package 'rmitbot_localization' build argument 'catkin_cmake_args' from command line to 'None'
[1.335s] Level 5:colcon.colcon_core.verb:set package 'rmitbot_localization' build argument 'catkin_skip_building_tests' from command line to 'False'
[1.335s] DEBUG:colcon.colcon_core.verb:Building package 'rmitbot_localization' with the following arguments: {'ament_cmake_args': None, 'build_base': '/home/vudinhso/RMIT_Bot/lesson6_ws/build/rmitbot_localization', 'catkin_cmake_args': None, 'catkin_skip_building_tests': False, 'cmake_args': None, 'cmake_clean_cache': False, 'cmake_clean_first': False, 'cmake_force_configure': False, 'cmake_target': None, 'cmake_target_skip_unavailable': False, 'install_base': '/home/vudinhso/RMIT_Bot/lesson6_ws/install/rmitbot_localization', 'merge_install': False, 'path': '/home/vudinhso/RMIT_Bot/lesson6_ws/src/rmitbot_localization', 'symlink_install': False, 'test_result_base': None}
[1.335s] Level 5:colcon.colcon_core.verb:set package 'rmitbot_mapping' build argument 'cmake_args' from command line to 'None'
[1.335s] Level 5:colcon.colcon_core.verb:set package 'rmitbot_mapping' build argument 'cmake_target' from command line to 'None'
[1.335s] Level 5:colcon.colcon_core.verb:set package 'rmitbot_mapping' build argument 'cmake_target_skip_unavailable' from command line to 'False'
[1.335s] Level 5:colcon.colcon_core.verb:set package 'rmitbot_mapping' build argument 'cmake_clean_cache' from command line to 'False'
[1.335s] Level 5:colcon.colcon_core.verb:set package 'rmitbot_mapping' build argument 'cmake_clean_first' from command line to 'False'
[1.335s] Level 5:colcon.colcon_core.verb:set package 'rmitbot_mapping' build argument 'cmake_force_configure' from command line to 'False'
[1.335s] Level 5:colcon.colcon_core.verb:set package 'rmitbot_mapping' build argument 'ament_cmake_args' from command line to 'None'
[1.335s] Level 5:colcon.colcon_core.verb:set package 'rmitbot_mapping' build argument 'catkin_cmake_args' from command line to 'None'
[1.335s] Level 5:colcon.colcon_core.verb:set package 'rmitbot_mapping' build argument 'catkin_skip_building_tests' from command line to 'False'
[1.335s] DEBUG:colcon.colcon_core.verb:Building package 'rmitbot_mapping' with the following arguments: {'ament_cmake_args': None, 'build_base': '/home/vudinhso/RMIT_Bot/lesson6_ws/build/rmitbot_mapping', 'catkin_cmake_args': None, 'catkin_skip_building_tests': False, 'cmake_args': None, 'cmake_clean_cache': False, 'cmake_clean_first': False, 'cmake_force_configure': False, 'cmake_target': None, 'cmake_target_skip_unavailable': False, 'install_base': '/home/vudinhso/RMIT_Bot/lesson6_ws/install/rmitbot_mapping', 'merge_install': False, 'path': '/home/vudinhso/RMIT_Bot/lesson6_ws/src/rmitbot_mapping', 'symlink_install': False, 'test_result_base': None}
[1.336s] INFO:colcon.colcon_core.executor:Executing jobs using 'parallel' executor
[1.340s] DEBUG:colcon.colcon_parallel_executor.executor.parallel:run_until_complete
[1.340s] INFO:colcon.colcon_ros.task.ament_cmake.build:Building ROS package in '/home/vudinhso/RMIT_Bot/lesson6_ws/src/rmitbot_bringup' with build type 'ament_cmake'
[1.340s] INFO:colcon.colcon_cmake.task.cmake.build:Building CMake package in '/home/vudinhso/RMIT_Bot/lesson6_ws/src/rmitbot_bringup'
[1.348s] INFO:colcon.colcon_core.plugin_system:Skipping extension 'colcon_core.shell.bat': Not used on non-Windows systems
[1.349s] INFO:colcon.colcon_core.shell:Skip shell extension 'powershell' for command environment: Not usable outside of PowerShell
[1.349s] DEBUG:colcon.colcon_core.shell:Skip shell extension 'dsv' for command environment
[1.359s] INFO:colcon.colcon_ros.task.ament_cmake.build:Building ROS package in '/home/vudinhso/RMIT_Bot/lesson6_ws/src/rmitbot_controller' with build type 'ament_cmake'
[1.359s] INFO:colcon.colcon_cmake.task.cmake.build:Building CMake package in '/home/vudinhso/RMIT_Bot/lesson6_ws/src/rmitbot_controller'
[1.359s] INFO:colcon.colcon_core.shell:Skip shell extension 'powershell' for command environment: Not usable outside of PowerShell
[1.360s] DEBUG:colcon.colcon_core.shell:Skip shell extension 'dsv' for command environment
[1.367s] INFO:colcon.colcon_ros.task.ament_cmake.build:Building ROS package in '/home/vudinhso/RMIT_Bot/lesson6_ws/src/rmitbot_description' with build type 'ament_cmake'
[1.369s] INFO:colcon.colcon_cmake.task.cmake.build:Building CMake package in '/home/vudinhso/RMIT_Bot/lesson6_ws/src/rmitbot_description'
[1.369s] INFO:colcon.colcon_core.shell:Skip shell extension 'powershell' for command environment: Not usable outside of PowerShell
[1.370s] DEBUG:colcon.colcon_core.shell:Skip shell extension 'dsv' for command environment
[1.384s] INFO:colcon.colcon_ros.task.ament_cmake.build:Building ROS package in '/home/vudinhso/RMIT_Bot/lesson6_ws/src/rmitbot_firmware' with build type 'ament_cmake'
[1.385s] INFO:colcon.colcon_cmake.task.cmake.build:Building CMake package in '/home/vudinhso/RMIT_Bot/lesson6_ws/src/rmitbot_firmware'
[1.385s] INFO:colcon.colcon_core.shell:Skip shell extension 'powershell' for command environment: Not usable outside of PowerShell
[1.386s] DEBUG:colcon.colcon_core.shell:Skip shell extension 'dsv' for command environment
[1.408s] DEBUG:colcon.colcon_core.event_handler.log_command:Invoking command in '/home/vudinhso/RMIT_Bot/lesson6_ws/build/rmitbot_bringup': CMAKE_PREFIX_PATH=${CMAKE_PREFIX_PATH}:/opt/ros/jazzy DEBUGINFOD_URLS=https://debuginfod.ubuntu.com /usr/bin/cmake --build /home/vudinhso/RMIT_Bot/lesson6_ws/build/rmitbot_bringup -- -j4 -l4
[1.433s] DEBUG:colcon.colcon_core.event_handler.log_command:Invoking command in '/home/vudinhso/RMIT_Bot/lesson6_ws/build/rmitbot_controller': CMAKE_PREFIX_PATH=${CMAKE_PREFIX_PATH}:/opt/ros/jazzy DEBUGINFOD_URLS=https://debuginfod.ubuntu.com /usr/bin/cmake --build /home/vudinhso/RMIT_Bot/lesson6_ws/build/rmitbot_controller -- -j4 -l4
[1.458s] DEBUG:colcon.colcon_core.event_handler.log_command:Invoking command in '/home/vudinhso/RMIT_Bot/lesson6_ws/build/rmitbot_description': CMAKE_PREFIX_PATH=${CMAKE_PREFIX_PATH}:/opt/ros/jazzy DEBUGINFOD_URLS=https://debuginfod.ubuntu.com /usr/bin/cmake --build /home/vudinhso/RMIT_Bot/lesson6_ws/build/rmitbot_description -- -j4 -l4
[1.508s] DEBUG:colcon.colcon_core.event_handler.log_command:Invoking command in '/home/vudinhso/RMIT_Bot/lesson6_ws/build/rmitbot_firmware': CMAKE_PREFIX_PATH=${CMAKE_PREFIX_PATH}:/opt/ros/jazzy DEBUGINFOD_URLS=https://debuginfod.ubuntu.com /usr/bin/cmake --build /home/vudinhso/RMIT_Bot/lesson6_ws/build/rmitbot_firmware -- -j4 -l4
[1.760s] DEBUG:colcon.colcon_core.event_handler.log_command:Invoked command in '/home/vudinhso/RMIT_Bot/lesson6_ws/build/rmitbot_bringup' returned '0': CMAKE_PREFIX_PATH=${CMAKE_PREFIX_PATH}:/opt/ros/jazzy DEBUGINFOD_URLS=https://debuginfod.ubuntu.com /usr/bin/cmake --build /home/vudinhso/RMIT_Bot/lesson6_ws/build/rmitbot_bringup -- -j4 -l4
[1.819s] DEBUG:colcon.colcon_core.event_handler.log_command:Invoking command in '/home/vudinhso/RMIT_Bot/lesson6_ws/build/rmitbot_bringup': CMAKE_PREFIX_PATH=${CMAKE_PREFIX_PATH}:/opt/ros/jazzy DEBUGINFOD_URLS=https://debuginfod.ubuntu.com /usr/bin/cmake --install /home/vudinhso/RMIT_Bot/lesson6_ws/build/rmitbot_bringup
[1.824s] DEBUG:colcon.colcon_core.event_handler.log_command:Invoked command in '/home/vudinhso/RMIT_Bot/lesson6_ws/build/rmitbot_description' returned '0': CMAKE_PREFIX_PATH=${CMAKE_PREFIX_PATH}:/opt/ros/jazzy DEBUGINFOD_URLS=https://debuginfod.ubuntu.com /usr/bin/cmake --build /home/vudinhso/RMIT_Bot/lesson6_ws/build/rmitbot_description -- -j4 -l4
[1.828s] DEBUG:colcon.colcon_core.event_handler.log_command:Invoking command in '/home/vudinhso/RMIT_Bot/lesson6_ws/build/rmitbot_description': CMAKE_PREFIX_PATH=${CMAKE_PREFIX_PATH}:/opt/ros/jazzy DEBUGINFOD_URLS=https://debuginfod.ubuntu.com /usr/bin/cmake --install /home/vudinhso/RMIT_Bot/lesson6_ws/build/rmitbot_description
[1.841s] DEBUG:colcon.colcon_core.event_handler.log_command:Invoked command in '/home/vudinhso/RMIT_Bot/lesson6_ws/build/rmitbot_controller' returned '0': CMAKE_PREFIX_PATH=${CMAKE_PREFIX_PATH}:/opt/ros/jazzy DEBUGINFOD_URLS=https://debuginfod.ubuntu.com /usr/bin/cmake --build /home/vudinhso/RMIT_Bot/lesson6_ws/build/rmitbot_controller -- -j4 -l4
[1.845s] DEBUG:colcon.colcon_core.event_handler.log_command:Invoking command in '/home/vudinhso/RMIT_Bot/lesson6_ws/build/rmitbot_controller': CMAKE_PREFIX_PATH=${CMAKE_PREFIX_PATH}:/opt/ros/jazzy DEBUGINFOD_URLS=https://debuginfod.ubuntu.com /usr/bin/cmake --install /home/vudinhso/RMIT_Bot/lesson6_ws/build/rmitbot_controller
[1.885s] Level 1:colcon.colcon_core.environment:create_environment_scripts_only(rmitbot_bringup)
[1.888s] DEBUG:colcon.colcon_core.event_handler.log_command:Invoked command in '/home/vudinhso/RMIT_Bot/lesson6_ws/build/rmitbot_bringup' returned '0': CMAKE_PREFIX_PATH=${CMAKE_PREFIX_PATH}:/opt/ros/jazzy DEBUGINFOD_URLS=https://debuginfod.ubuntu.com /usr/bin/cmake --install /home/vudinhso/RMIT_Bot/lesson6_ws/build/rmitbot_bringup
[1.905s] Level 1:colcon.colcon_core.environment:checking '/home/vudinhso/RMIT_Bot/lesson6_ws/install/rmitbot_bringup' for CMake module files
[1.906s] Level 1:colcon.colcon_core.environment:checking '/home/vudinhso/RMIT_Bot/lesson6_ws/install/rmitbot_bringup' for CMake config files
[1.906s] Level 1:colcon.colcon_core.shell:create_environment_hook('rmitbot_bringup', 'cmake_prefix_path')
[1.906s] INFO:colcon.colcon_core.shell:Creating environment hook '/home/vudinhso/RMIT_Bot/lesson6_ws/install/rmitbot_bringup/share/rmitbot_bringup/hook/cmake_prefix_path.ps1'
[1.917s] INFO:colcon.colcon_core.shell:Creating environment descriptor '/home/vudinhso/RMIT_Bot/lesson6_ws/install/rmitbot_bringup/share/rmitbot_bringup/hook/cmake_prefix_path.dsv'
[1.918s] INFO:colcon.colcon_core.shell:Creating environment hook '/home/vudinhso/RMIT_Bot/lesson6_ws/install/rmitbot_bringup/share/rmitbot_bringup/hook/cmake_prefix_path.sh'
[1.920s] Level 1:colcon.colcon_core.environment:checking '/home/vudinhso/RMIT_Bot/lesson6_ws/install/rmitbot_bringup/bin'
[1.924s] Level 1:colcon.colcon_core.environment:checking '/home/vudinhso/RMIT_Bot/lesson6_ws/install/rmitbot_bringup/lib/pkgconfig/rmitbot_bringup.pc'
[1.924s] Level 1:colcon.colcon_core.environment:checking '/home/vudinhso/RMIT_Bot/lesson6_ws/install/rmitbot_bringup/lib/python3.12/site-packages'
[1.925s] Level 1:colcon.colcon_core.environment:checking '/home/vudinhso/RMIT_Bot/lesson6_ws/install/rmitbot_bringup/bin'
[1.925s] INFO:colcon.colcon_core.shell:Creating package script '/home/vudinhso/RMIT_Bot/lesson6_ws/install/rmitbot_bringup/share/rmitbot_bringup/package.ps1'
[1.937s] INFO:colcon.colcon_core.shell:Creating package descriptor '/home/vudinhso/RMIT_Bot/lesson6_ws/install/rmitbot_bringup/share/rmitbot_bringup/package.dsv'
[1.939s] INFO:colcon.colcon_core.shell:Creating package script '/home/vudinhso/RMIT_Bot/lesson6_ws/install/rmitbot_bringup/share/rmitbot_bringup/package.sh'
[1.946s] INFO:colcon.colcon_core.shell:Creating package script '/home/vudinhso/RMIT_Bot/lesson6_ws/install/rmitbot_bringup/share/rmitbot_bringup/package.bash'
[1.953s] INFO:colcon.colcon_core.shell:Creating package script '/home/vudinhso/RMIT_Bot/lesson6_ws/install/rmitbot_bringup/share/rmitbot_bringup/package.zsh'
[1.963s] Level 1:colcon.colcon_core.environment:create_file_with_runtime_dependencies(/home/vudinhso/RMIT_Bot/lesson6_ws/install/rmitbot_bringup/share/colcon-core/packages/rmitbot_bringup)
[1.964s] Level 1:colcon.colcon_core.environment:create_environment_scripts_only(rmitbot_bringup)
[1.976s] Level 1:colcon.colcon_core.environment:checking '/home/vudinhso/RMIT_Bot/lesson6_ws/install/rmitbot_bringup' for CMake module files
[1.977s] Level 1:colcon.colcon_core.environment:checking '/home/vudinhso/RMIT_Bot/lesson6_ws/install/rmitbot_bringup' for CMake config files
[1.978s] Level 1:colcon.colcon_core.shell:create_environment_hook('rmitbot_bringup', 'cmake_prefix_path')
[1.978s] INFO:colcon.colcon_core.shell:Creating environment hook '/home/vudinhso/RMIT_Bot/lesson6_ws/install/rmitbot_bringup/share/rmitbot_bringup/hook/cmake_prefix_path.ps1'
[1.991s] INFO:colcon.colcon_core.shell:Creating environment descriptor '/home/vudinhso/RMIT_Bot/lesson6_ws/install/rmitbot_bringup/share/rmitbot_bringup/hook/cmake_prefix_path.dsv'
[1.993s] INFO:colcon.colcon_core.shell:Creating environment hook '/home/vudinhso/RMIT_Bot/lesson6_ws/install/rmitbot_bringup/share/rmitbot_bringup/hook/cmake_prefix_path.sh'
[1.999s] Level 1:colcon.colcon_core.environment:checking '/home/vudinhso/RMIT_Bot/lesson6_ws/install/rmitbot_bringup/bin'
[2.000s] Level 1:colcon.colcon_core.environment:checking '/home/vudinhso/RMIT_Bot/lesson6_ws/install/rmitbot_bringup/lib/pkgconfig/rmitbot_bringup.pc'
[2.000s] Level 1:colcon.colcon_core.environment:checking '/home/vudinhso/RMIT_Bot/lesson6_ws/install/rmitbot_bringup/lib/python3.12/site-packages'
[2.001s] Level 1:colcon.colcon_core.environment:checking '/home/vudinhso/RMIT_Bot/lesson6_ws/install/rmitbot_bringup/bin'
[2.001s] INFO:colcon.colcon_core.shell:Creating package script '/home/vudinhso/RMIT_Bot/lesson6_ws/install/rmitbot_bringup/share/rmitbot_bringup/package.ps1'
[2.017s] INFO:colcon.colcon_core.shell:Creating package descriptor '/home/vudinhso/RMIT_Bot/lesson6_ws/install/rmitbot_bringup/share/rmitbot_bringup/package.dsv'
[2.025s] INFO:colcon.colcon_core.shell:Creating package script '/home/vudinhso/RMIT_Bot/lesson6_ws/install/rmitbot_bringup/share/rmitbot_bringup/package.sh'
[2.029s] INFO:colcon.colcon_core.shell:Creating package script '/home/vudinhso/RMIT_Bot/lesson6_ws/install/rmitbot_bringup/share/rmitbot_bringup/package.bash'
[2.032s] INFO:colcon.colcon_core.shell:Creating package script '/home/vudinhso/RMIT_Bot/lesson6_ws/install/rmitbot_bringup/share/rmitbot_bringup/package.zsh'
[2.034s] Level 1:colcon.colcon_core.environment:create_file_with_runtime_dependencies(/home/vudinhso/RMIT_Bot/lesson6_ws/install/rmitbot_bringup/share/colcon-core/packages/rmitbot_bringup)
[2.036s] INFO:colcon.colcon_ros.task.ament_cmake.build:Building ROS package in '/home/vudinhso/RMIT_Bot/lesson6_ws/src/rmitbot_localization' with build type 'ament_cmake'
[2.037s] INFO:colcon.colcon_cmake.task.cmake.build:Building CMake package in '/home/vudinhso/RMIT_Bot/lesson6_ws/src/rmitbot_localization'
[2.038s] INFO:colcon.colcon_core.shell:Skip shell extension 'powershell' for command environment: Not usable outside of PowerShell
[2.041s] DEBUG:colcon.colcon_core.shell:Skip shell extension 'dsv' for command environment
[2.070s] Level 1:colcon.colcon_core.environment:create_environment_scripts_only(rmitbot_description)
[2.072s] Level 1:colcon.colcon_core.environment:checking '/home/vudinhso/RMIT_Bot/lesson6_ws/install/rmitbot_description' for CMake module files
[2.076s] DEBUG:colcon.colcon_core.event_handler.log_command:Invoked command in '/home/vudinhso/RMIT_Bot/lesson6_ws/build/rmitbot_description' returned '0': CMAKE_PREFIX_PATH=${CMAKE_PREFIX_PATH}:/opt/ros/jazzy DEBUGINFOD_URLS=https://debuginfod.ubuntu.com /usr/bin/cmake --install /home/vudinhso/RMIT_Bot/lesson6_ws/build/rmitbot_description
[2.078s] Level 1:colcon.colcon_core.environment:checking '/home/vudinhso/RMIT_Bot/lesson6_ws/install/rmitbot_description' for CMake config files
[2.084s] Level 1:colcon.colcon_core.shell:create_environment_hook('rmitbot_description', 'cmake_prefix_path')
[2.088s] INFO:colcon.colcon_core.shell:Creating environment hook '/home/vudinhso/RMIT_Bot/lesson6_ws/install/rmitbot_description/share/rmitbot_description/hook/cmake_prefix_path.ps1'
[2.094s] INFO:colcon.colcon_core.shell:Creating environment descriptor '/home/vudinhso/RMIT_Bot/lesson6_ws/install/rmitbot_description/share/rmitbot_description/hook/cmake_prefix_path.dsv'
[2.101s] INFO:colcon.colcon_core.shell:Creating environment hook '/home/vudinhso/RMIT_Bot/lesson6_ws/install/rmitbot_description/share/rmitbot_description/hook/cmake_prefix_path.sh'
[2.105s] Level 1:colcon.colcon_core.environment:checking '/home/vudinhso/RMIT_Bot/lesson6_ws/install/rmitbot_description/bin'
[2.105s] Level 1:colcon.colcon_core.environment:checking '/home/vudinhso/RMIT_Bot/lesson6_ws/install/rmitbot_description/lib/pkgconfig/rmitbot_description.pc'
[2.109s] Level 1:colcon.colcon_core.environment:checking '/home/vudinhso/RMIT_Bot/lesson6_ws/install/rmitbot_description/lib/python3.12/site-packages'
[2.111s] Level 1:colcon.colcon_core.environment:checking '/home/vudinhso/RMIT_Bot/lesson6_ws/install/rmitbot_description/bin'
[2.112s] INFO:colcon.colcon_core.shell:Creating package script '/home/vudinhso/RMIT_Bot/lesson6_ws/install/rmitbot_description/share/rmitbot_description/package.ps1'
[2.113s] INFO:colcon.colcon_core.shell:Creating package descriptor '/home/vudinhso/RMIT_Bot/lesson6_ws/install/rmitbot_description/share/rmitbot_description/package.dsv'
[2.116s] INFO:colcon.colcon_core.shell:Creating package script '/home/vudinhso/RMIT_Bot/lesson6_ws/install/rmitbot_description/share/rmitbot_description/package.sh'
[2.117s] INFO:colcon.colcon_core.shell:Creating package script '/home/vudinhso/RMIT_Bot/lesson6_ws/install/rmitbot_description/share/rmitbot_description/package.bash'
[2.118s] INFO:colcon.colcon_core.shell:Creating package script '/home/vudinhso/RMIT_Bot/lesson6_ws/install/rmitbot_description/share/rmitbot_description/package.zsh'
[2.120s] Level 1:colcon.colcon_core.environment:create_file_with_runtime_dependencies(/home/vudinhso/RMIT_Bot/lesson6_ws/install/rmitbot_description/share/colcon-core/packages/rmitbot_description)
[2.122s] Level 1:colcon.colcon_core.environment:create_environment_scripts_only(rmitbot_description)
[2.123s] Level 1:colcon.colcon_core.environment:checking '/home/vudinhso/RMIT_Bot/lesson6_ws/install/rmitbot_description' for CMake module files
[2.126s] Level 1:colcon.colcon_core.environment:checking '/home/vudinhso/RMIT_Bot/lesson6_ws/install/rmitbot_description' for CMake config files
[2.127s] Level 1:colcon.colcon_core.shell:create_environment_hook('rmitbot_description', 'cmake_prefix_path')
[2.128s] INFO:colcon.colcon_core.shell:Creating environment hook '/home/vudinhso/RMIT_Bot/lesson6_ws/install/rmitbot_description/share/rmitbot_description/hook/cmake_prefix_path.ps1'
[2.131s] INFO:colcon.colcon_core.shell:Creating environment descriptor '/home/vudinhso/RMIT_Bot/lesson6_ws/install/rmitbot_description/share/rmitbot_description/hook/cmake_prefix_path.dsv'
[2.132s] INFO:colcon.colcon_core.shell:Creating environment hook '/home/vudinhso/RMIT_Bot/lesson6_ws/install/rmitbot_description/share/rmitbot_description/hook/cmake_prefix_path.sh'
[2.133s] Level 1:colcon.colcon_core.environment:checking '/home/vudinhso/RMIT_Bot/lesson6_ws/install/rmitbot_description/bin'
[2.133s] Level 1:colcon.colcon_core.environment:checking '/home/vudinhso/RMIT_Bot/lesson6_ws/install/rmitbot_description/lib/pkgconfig/rmitbot_description.pc'
[2.134s] Level 1:colcon.colcon_core.environment:checking '/home/vudinhso/RMIT_Bot/lesson6_ws/install/rmitbot_description/lib/python3.12/site-packages'
[2.134s] Level 1:colcon.colcon_core.environment:checking '/home/vudinhso/RMIT_Bot/lesson6_ws/install/rmitbot_description/bin'
[2.135s] INFO:colcon.colcon_core.shell:Creating package script '/home/vudinhso/RMIT_Bot/lesson6_ws/install/rmitbot_description/share/rmitbot_description/package.ps1'
[2.138s] INFO:colcon.colcon_core.shell:Creating package descriptor '/home/vudinhso/RMIT_Bot/lesson6_ws/install/rmitbot_description/share/rmitbot_description/package.dsv'
[2.142s] INFO:colcon.colcon_core.shell:Creating package script '/home/vudinhso/RMIT_Bot/lesson6_ws/install/rmitbot_description/share/rmitbot_description/package.sh'
[2.145s] INFO:colcon.colcon_core.shell:Creating package script '/home/vudinhso/RMIT_Bot/lesson6_ws/install/rmitbot_description/share/rmitbot_description/package.bash'
[2.147s] INFO:colcon.colcon_core.shell:Creating package script '/home/vudinhso/RMIT_Bot/lesson6_ws/install/rmitbot_description/share/rmitbot_description/package.zsh'
[2.148s] Level 1:colcon.colcon_core.environment:create_file_with_runtime_dependencies(/home/vudinhso/RMIT_Bot/lesson6_ws/install/rmitbot_description/share/colcon-core/packages/rmitbot_description)
[2.152s] INFO:colcon.colcon_ros.task.ament_cmake.build:Building ROS package in '/home/vudinhso/RMIT_Bot/lesson6_ws/src/rmitbot_mapping' with build type 'ament_cmake'
[2.153s] INFO:colcon.colcon_cmake.task.cmake.build:Building CMake package in '/home/vudinhso/RMIT_Bot/lesson6_ws/src/rmitbot_mapping'
[2.155s] INFO:colcon.colcon_core.shell:Skip shell extension 'powershell' for command environment: Not usable outside of PowerShell
[2.156s] DEBUG:colcon.colcon_core.shell:Skip shell extension 'dsv' for command environment
[2.173s] Level 1:colcon.colcon_core.environment:create_environment_scripts_only(rmitbot_controller)
[2.173s] Level 1:colcon.colcon_core.environment:checking '/home/vudinhso/RMIT_Bot/lesson6_ws/install/rmitbot_controller' for CMake module files
[2.176s] DEBUG:colcon.colcon_core.event_handler.log_command:Invoked command in '/home/vudinhso/RMIT_Bot/lesson6_ws/build/rmitbot_controller' returned '0': CMAKE_PREFIX_PATH=${CMAKE_PREFIX_PATH}:/opt/ros/jazzy DEBUGINFOD_URLS=https://debuginfod.ubuntu.com /usr/bin/cmake --install /home/vudinhso/RMIT_Bot/lesson6_ws/build/rmitbot_controller
[2.178s] Level 1:colcon.colcon_core.environment:checking '/home/vudinhso/RMIT_Bot/lesson6_ws/install/rmitbot_controller' for CMake config files
[2.180s] Level 1:colcon.colcon_core.shell:create_environment_hook('rmitbot_controller', 'cmake_prefix_path')
[2.180s] INFO:colcon.colcon_core.shell:Creating environment hook '/home/vudinhso/RMIT_Bot/lesson6_ws/install/rmitbot_controller/share/rmitbot_controller/hook/cmake_prefix_path.ps1'
[2.182s] INFO:colcon.colcon_core.shell:Creating environment descriptor '/home/vudinhso/RMIT_Bot/lesson6_ws/install/rmitbot_controller/share/rmitbot_controller/hook/cmake_prefix_path.dsv'
[2.183s] INFO:colcon.colcon_core.shell:Creating environment hook '/home/vudinhso/RMIT_Bot/lesson6_ws/install/rmitbot_controller/share/rmitbot_controller/hook/cmake_prefix_path.sh'
[2.185s] Level 1:colcon.colcon_core.environment:checking '/home/vudinhso/RMIT_Bot/lesson6_ws/install/rmitbot_controller/bin'
[2.185s] Level 1:colcon.colcon_core.environment:checking '/home/vudinhso/RMIT_Bot/lesson6_ws/install/rmitbot_controller/lib/pkgconfig/rmitbot_controller.pc'
[2.185s] Level 1:colcon.colcon_core.environment:checking '/home/vudinhso/RMIT_Bot/lesson6_ws/install/rmitbot_controller/lib/python3.12/site-packages'
[2.186s] Level 1:colcon.colcon_core.environment:checking '/home/vudinhso/RMIT_Bot/lesson6_ws/install/rmitbot_controller/bin'
[2.186s] INFO:colcon.colcon_core.shell:Creating package script '/home/vudinhso/RMIT_Bot/lesson6_ws/install/rmitbot_controller/share/rmitbot_controller/package.ps1'
[2.187s] INFO:colcon.colcon_core.shell:Creating package descriptor '/home/vudinhso/RMIT_Bot/lesson6_ws/install/rmitbot_controller/share/rmitbot_controller/package.dsv'
[2.188s] INFO:colcon.colcon_core.shell:Creating package script '/home/vudinhso/RMIT_Bot/lesson6_ws/install/rmitbot_controller/share/rmitbot_controller/package.sh'
[2.188s] INFO:colcon.colcon_core.shell:Creating package script '/home/vudinhso/RMIT_Bot/lesson6_ws/install/rmitbot_controller/share/rmitbot_controller/package.bash'
[2.189s] INFO:colcon.colcon_core.shell:Creating package script '/home/vudinhso/RMIT_Bot/lesson6_ws/install/rmitbot_controller/share/rmitbot_controller/package.zsh'
[2.189s] Level 1:colcon.colcon_core.environment:create_file_with_runtime_dependencies(/home/vudinhso/RMIT_Bot/lesson6_ws/install/rmitbot_controller/share/colcon-core/packages/rmitbot_controller)
[2.190s] Level 1:colcon.colcon_core.environment:create_environment_scripts_only(rmitbot_controller)
[2.191s] Level 1:colcon.colcon_core.environment:checking '/home/vudinhso/RMIT_Bot/lesson6_ws/install/rmitbot_controller' for CMake module files
[2.192s] Level 1:colcon.colcon_core.environment:checking '/home/vudinhso/RMIT_Bot/lesson6_ws/install/rmitbot_controller' for CMake config files
[2.192s] Level 1:colcon.colcon_core.shell:create_environment_hook('rmitbot_controller', 'cmake_prefix_path')
[2.193s] INFO:colcon.colcon_core.shell:Creating environment hook '/home/vudinhso/RMIT_Bot/lesson6_ws/install/rmitbot_controller/share/rmitbot_controller/hook/cmake_prefix_path.ps1'
[2.193s] INFO:colcon.colcon_core.shell:Creating environment descriptor '/home/vudinhso/RMIT_Bot/lesson6_ws/install/rmitbot_controller/share/rmitbot_controller/hook/cmake_prefix_path.dsv'
[2.195s] INFO:colcon.colcon_core.shell:Creating environment hook '/home/vudinhso/RMIT_Bot/lesson6_ws/install/rmitbot_controller/share/rmitbot_controller/hook/cmake_prefix_path.sh'
[2.196s] Level 1:colcon.colcon_core.environment:checking '/home/vudinhso/RMIT_Bot/lesson6_ws/install/rmitbot_controller/bin'
[2.196s] Level 1:colcon.colcon_core.environment:checking '/home/vudinhso/RMIT_Bot/lesson6_ws/install/rmitbot_controller/lib/pkgconfig/rmitbot_controller.pc'
[2.196s] Level 1:colcon.colcon_core.environment:checking '/home/vudinhso/RMIT_Bot/lesson6_ws/install/rmitbot_controller/lib/python3.12/site-packages'
[2.197s] Level 1:colcon.colcon_core.environment:checking '/home/vudinhso/RMIT_Bot/lesson6_ws/install/rmitbot_controller/bin'
[2.197s] INFO:colcon.colcon_core.shell:Creating package script '/home/vudinhso/RMIT_Bot/lesson6_ws/install/rmitbot_controller/share/rmitbot_controller/package.ps1'
[2.197s] INFO:colcon.colcon_core.shell:Creating package descriptor '/home/vudinhso/RMIT_Bot/lesson6_ws/install/rmitbot_controller/share/rmitbot_controller/package.dsv'
[2.199s] INFO:colcon.colcon_core.shell:Creating package script '/home/vudinhso/RMIT_Bot/lesson6_ws/install/rmitbot_controller/share/rmitbot_controller/package.sh'
[2.201s] INFO:colcon.colcon_core.shell:Creating package script '/home/vudinhso/RMIT_Bot/lesson6_ws/install/rmitbot_controller/share/rmitbot_controller/package.bash'
[2.203s] INFO:colcon.colcon_core.shell:Creating package script '/home/vudinhso/RMIT_Bot/lesson6_ws/install/rmitbot_controller/share/rmitbot_controller/package.zsh'
[2.204s] Level 1:colcon.colcon_core.environment:create_file_with_runtime_dependencies(/home/vudinhso/RMIT_Bot/lesson6_ws/install/rmitbot_controller/share/colcon-core/packages/rmitbot_controller)
[2.209s] DEBUG:colcon.colcon_core.event_handler.log_command:Invoked command in '/home/vudinhso/RMIT_Bot/lesson6_ws/build/rmitbot_firmware' returned '0': CMAKE_PREFIX_PATH=${CMAKE_PREFIX_PATH}:/opt/ros/jazzy DEBUGINFOD_URLS=https://debuginfod.ubuntu.com /usr/bin/cmake --build /home/vudinhso/RMIT_Bot/lesson6_ws/build/rmitbot_firmware -- -j4 -l4
[2.210s] DEBUG:colcon.colcon_core.event_handler.log_command:Invoking command in '/home/vudinhso/RMIT_Bot/lesson6_ws/build/rmitbot_firmware': CMAKE_PREFIX_PATH=${CMAKE_PREFIX_PATH}:/opt/ros/jazzy DEBUGINFOD_URLS=https://debuginfod.ubuntu.com /usr/bin/cmake --install /home/vudinhso/RMIT_Bot/lesson6_ws/build/rmitbot_firmware
[2.232s] DEBUG:colcon.colcon_core.event_handler.log_command:Invoking command in '/home/vudinhso/RMIT_Bot/lesson6_ws/build/rmitbot_localization': CMAKE_PREFIX_PATH=${CMAKE_PREFIX_PATH}:/opt/ros/jazzy DEBUGINFOD_URLS=https://debuginfod.ubuntu.com /usr/bin/cmake --build /home/vudinhso/RMIT_Bot/lesson6_ws/build/rmitbot_localization -- -j4 -l4
[2.248s] DEBUG:colcon.colcon_core.event_handler.log_command:Invoking command in '/home/vudinhso/RMIT_Bot/lesson6_ws/build/rmitbot_mapping': CMAKE_PREFIX_PATH=${CMAKE_PREFIX_PATH}:/opt/ros/jazzy DEBUGINFOD_URLS=https://debuginfod.ubuntu.com /usr/bin/cmake --build /home/vudinhso/RMIT_Bot/lesson6_ws/build/rmitbot_mapping -- -j4 -l4
[2.288s] Level 1:colcon.colcon_core.environment:create_environment_scripts_only(rmitbot_firmware)
[2.289s] Level 1:colcon.colcon_core.environment:checking '/home/vudinhso/RMIT_Bot/lesson6_ws/install/rmitbot_firmware' for CMake module files
[2.290s] DEBUG:colcon.colcon_core.event_handler.log_command:Invoked command in '/home/vudinhso/RMIT_Bot/lesson6_ws/build/rmitbot_firmware' returned '0': CMAKE_PREFIX_PATH=${CMAKE_PREFIX_PATH}:/opt/ros/jazzy DEBUGINFOD_URLS=https://debuginfod.ubuntu.com /usr/bin/cmake --install /home/vudinhso/RMIT_Bot/lesson6_ws/build/rmitbot_firmware
[2.290s] Level 1:colcon.colcon_core.environment:checking '/home/vudinhso/RMIT_Bot/lesson6_ws/install/rmitbot_firmware' for CMake config files
[2.291s] Level 1:colcon.colcon_core.shell:create_environment_hook('rmitbot_firmware', 'cmake_prefix_path')
[2.291s] INFO:colcon.colcon_core.shell:Creating environment hook '/home/vudinhso/RMIT_Bot/lesson6_ws/install/rmitbot_firmware/share/rmitbot_firmware/hook/cmake_prefix_path.ps1'
[2.291s] INFO:colcon.colcon_core.shell:Creating environment descriptor '/home/vudinhso/RMIT_Bot/lesson6_ws/install/rmitbot_firmware/share/rmitbot_firmware/hook/cmake_prefix_path.dsv'
[2.296s] INFO:colcon.colcon_core.shell:Creating environment hook '/home/vudinhso/RMIT_Bot/lesson6_ws/install/rmitbot_firmware/share/rmitbot_firmware/hook/cmake_prefix_path.sh'
[2.298s] Level 1:colcon.colcon_core.environment:checking '/home/vudinhso/RMIT_Bot/lesson6_ws/install/rmitbot_firmware/lib'
[2.298s] Level 1:colcon.colcon_core.shell:create_environment_hook('rmitbot_firmware', 'ld_library_path_lib')
[2.299s] INFO:colcon.colcon_core.shell:Creating environment hook '/home/vudinhso/RMIT_Bot/lesson6_ws/install/rmitbot_firmware/share/rmitbot_firmware/hook/ld_library_path_lib.ps1'
[2.301s] INFO:colcon.colcon_core.shell:Creating environment descriptor '/home/vudinhso/RMIT_Bot/lesson6_ws/install/rmitbot_firmware/share/rmitbot_firmware/hook/ld_library_path_lib.dsv'
[2.305s] INFO:colcon.colcon_core.shell:Creating environment hook '/home/vudinhso/RMIT_Bot/lesson6_ws/install/rmitbot_firmware/share/rmitbot_firmware/hook/ld_library_path_lib.sh'
[2.309s] Level 1:colcon.colcon_core.environment:checking '/home/vudinhso/RMIT_Bot/lesson6_ws/install/rmitbot_firmware/bin'
[2.312s] Level 1:colcon.colcon_core.environment:checking '/home/vudinhso/RMIT_Bot/lesson6_ws/install/rmitbot_firmware/lib/pkgconfig/rmitbot_firmware.pc'
[2.312s] Level 1:colcon.colcon_core.environment:checking '/home/vudinhso/RMIT_Bot/lesson6_ws/install/rmitbot_firmware/lib/python3.12/site-packages'
[2.312s] Level 1:colcon.colcon_core.environment:checking '/home/vudinhso/RMIT_Bot/lesson6_ws/install/rmitbot_firmware/bin'
[2.313s] INFO:colcon.colcon_core.shell:Creating package script '/home/vudinhso/RMIT_Bot/lesson6_ws/install/rmitbot_firmware/share/rmitbot_firmware/package.ps1'
[2.314s] INFO:colcon.colcon_core.shell:Creating package descriptor '/home/vudinhso/RMIT_Bot/lesson6_ws/install/rmitbot_firmware/share/rmitbot_firmware/package.dsv'
[2.324s] INFO:colcon.colcon_core.shell:Creating package script '/home/vudinhso/RMIT_Bot/lesson6_ws/install/rmitbot_firmware/share/rmitbot_firmware/package.sh'
[2.328s] INFO:colcon.colcon_core.shell:Creating package script '/home/vudinhso/RMIT_Bot/lesson6_ws/install/rmitbot_firmware/share/rmitbot_firmware/package.bash'
[2.337s] INFO:colcon.colcon_core.shell:Creating package script '/home/vudinhso/RMIT_Bot/lesson6_ws/install/rmitbot_firmware/share/rmitbot_firmware/package.zsh'
[2.342s] Level 1:colcon.colcon_core.environment:create_file_with_runtime_dependencies(/home/vudinhso/RMIT_Bot/lesson6_ws/install/rmitbot_firmware/share/colcon-core/packages/rmitbot_firmware)
[2.348s] Level 1:colcon.colcon_core.environment:create_environment_scripts_only(rmitbot_firmware)
[2.349s] Level 1:colcon.colcon_core.environment:checking '/home/vudinhso/RMIT_Bot/lesson6_ws/install/rmitbot_firmware' for CMake module files
[2.349s] Level 1:colcon.colcon_core.environment:checking '/home/vudinhso/RMIT_Bot/lesson6_ws/install/rmitbot_firmware' for CMake config files
[2.350s] Level 1:colcon.colcon_core.shell:create_environment_hook('rmitbot_firmware', 'cmake_prefix_path')
[2.352s] INFO:colcon.colcon_core.shell:Creating environment hook '/home/vudinhso/RMIT_Bot/lesson6_ws/install/rmitbot_firmware/share/rmitbot_firmware/hook/cmake_prefix_path.ps1'
[2.355s] INFO:colcon.colcon_core.shell:Creating environment descriptor '/home/vudinhso/RMIT_Bot/lesson6_ws/install/rmitbot_firmware/share/rmitbot_firmware/hook/cmake_prefix_path.dsv'
[2.356s] INFO:colcon.colcon_core.shell:Creating environment hook '/home/vudinhso/RMIT_Bot/lesson6_ws/install/rmitbot_firmware/share/rmitbot_firmware/hook/cmake_prefix_path.sh'
[2.365s] Level 1:colcon.colcon_core.environment:checking '/home/vudinhso/RMIT_Bot/lesson6_ws/install/rmitbot_firmware/lib'
[2.366s] Level 1:colcon.colcon_core.shell:create_environment_hook('rmitbot_firmware', 'ld_library_path_lib')
[2.368s] INFO:colcon.colcon_core.shell:Creating environment hook '/home/vudinhso/RMIT_Bot/lesson6_ws/install/rmitbot_firmware/share/rmitbot_firmware/hook/ld_library_path_lib.ps1'
[2.376s] INFO:colcon.colcon_core.shell:Creating environment descriptor '/home/vudinhso/RMIT_Bot/lesson6_ws/install/rmitbot_firmware/share/rmitbot_firmware/hook/ld_library_path_lib.dsv'
[2.378s] INFO:colcon.colcon_core.shell:Creating environment hook '/home/vudinhso/RMIT_Bot/lesson6_ws/install/rmitbot_firmware/share/rmitbot_firmware/hook/ld_library_path_lib.sh'
[2.382s] Level 1:colcon.colcon_core.environment:checking '/home/vudinhso/RMIT_Bot/lesson6_ws/install/rmitbot_firmware/bin'
[2.384s] Level 1:colcon.colcon_core.environment:checking '/home/vudinhso/RMIT_Bot/lesson6_ws/install/rmitbot_firmware/lib/pkgconfig/rmitbot_firmware.pc'
[2.385s] Level 1:colcon.colcon_core.environment:checking '/home/vudinhso/RMIT_Bot/lesson6_ws/install/rmitbot_firmware/lib/python3.12/site-packages'
[2.385s] Level 1:colcon.colcon_core.environment:checking '/home/vudinhso/RMIT_Bot/lesson6_ws/install/rmitbot_firmware/bin'
[2.385s] INFO:colcon.colcon_core.shell:Creating package script '/home/vudinhso/RMIT_Bot/lesson6_ws/install/rmitbot_firmware/share/rmitbot_firmware/package.ps1'
[2.386s] INFO:colcon.colcon_core.shell:Creating package descriptor '/home/vudinhso/RMIT_Bot/lesson6_ws/install/rmitbot_firmware/share/rmitbot_firmware/package.dsv'
[2.397s] INFO:colcon.colcon_core.shell:Creating package script '/home/vudinhso/RMIT_Bot/lesson6_ws/install/rmitbot_firmware/share/rmitbot_firmware/package.sh'
[2.401s] INFO:colcon.colcon_core.shell:Creating package script '/home/vudinhso/RMIT_Bot/lesson6_ws/install/rmitbot_firmware/share/rmitbot_firmware/package.bash'
[2.407s] INFO:colcon.colcon_core.shell:Creating package script '/home/vudinhso/RMIT_Bot/lesson6_ws/install/rmitbot_firmware/share/rmitbot_firmware/package.zsh'
[2.414s] Level 1:colcon.colcon_core.environment:create_file_with_runtime_dependencies(/home/vudinhso/RMIT_Bot/lesson6_ws/install/rmitbot_firmware/share/colcon-core/packages/rmitbot_firmware)
[2.429s] DEBUG:colcon.colcon_core.event_handler.log_command:Invoked command in '/home/vudinhso/RMIT_Bot/lesson6_ws/build/rmitbot_localization' returned '0': CMAKE_PREFIX_PATH=${CMAKE_PREFIX_PATH}:/opt/ros/jazzy DEBUGINFOD_URLS=https://debuginfod.ubuntu.com /usr/bin/cmake --build /home/vudinhso/RMIT_Bot/lesson6_ws/build/rmitbot_localization -- -j4 -l4
[2.430s] DEBUG:colcon.colcon_core.event_handler.log_command:Invoking command in '/home/vudinhso/RMIT_Bot/lesson6_ws/build/rmitbot_localization': CMAKE_PREFIX_PATH=${CMAKE_PREFIX_PATH}:/opt/ros/jazzy DEBUGINFOD_URLS=https://debuginfod.ubuntu.com /usr/bin/cmake --install /home/vudinhso/RMIT_Bot/lesson6_ws/build/rmitbot_localization
[2.460s] Level 1:colcon.colcon_core.environment:create_environment_scripts_only(rmitbot_localization)
[2.461s] Level 1:colcon.colcon_core.environment:checking '/home/vudinhso/RMIT_Bot/lesson6_ws/install/rmitbot_localization' for CMake module files
[2.461s] Level 1:colcon.colcon_core.environment:checking '/home/vudinhso/RMIT_Bot/lesson6_ws/install/rmitbot_localization' for CMake config files
[2.462s] Level 1:colcon.colcon_core.shell:create_environment_hook('rmitbot_localization', 'cmake_prefix_path')
[2.462s] INFO:colcon.colcon_core.shell:Creating environment hook '/home/vudinhso/RMIT_Bot/lesson6_ws/install/rmitbot_localization/share/rmitbot_localization/hook/cmake_prefix_path.ps1'
[2.467s] INFO:colcon.colcon_core.shell:Creating environment descriptor '/home/vudinhso/RMIT_Bot/lesson6_ws/install/rmitbot_localization/share/rmitbot_localization/hook/cmake_prefix_path.dsv'
[2.468s] INFO:colcon.colcon_core.shell:Creating environment hook '/home/vudinhso/RMIT_Bot/lesson6_ws/install/rmitbot_localization/share/rmitbot_localization/hook/cmake_prefix_path.sh'
[2.468s] Level 1:colcon.colcon_core.environment:checking '/home/vudinhso/RMIT_Bot/lesson6_ws/install/rmitbot_localization/bin'
[2.469s] Level 1:colcon.colcon_core.environment:checking '/home/vudinhso/RMIT_Bot/lesson6_ws/install/rmitbot_localization/lib/pkgconfig/rmitbot_localization.pc'
[2.469s] Level 1:colcon.colcon_core.environment:checking '/home/vudinhso/RMIT_Bot/lesson6_ws/install/rmitbot_localization/lib/python3.12/site-packages'
[2.469s] Level 1:colcon.colcon_core.environment:checking '/home/vudinhso/RMIT_Bot/lesson6_ws/install/rmitbot_localization/bin'
[2.469s] INFO:colcon.colcon_core.shell:Creating package script '/home/vudinhso/RMIT_Bot/lesson6_ws/install/rmitbot_localization/share/rmitbot_localization/package.ps1'
[2.471s] INFO:colcon.colcon_core.shell:Creating package descriptor '/home/vudinhso/RMIT_Bot/lesson6_ws/install/rmitbot_localization/share/rmitbot_localization/package.dsv'
[2.472s] INFO:colcon.colcon_core.shell:Creating package script '/home/vudinhso/RMIT_Bot/lesson6_ws/install/rmitbot_localization/share/rmitbot_localization/package.sh'
[2.473s] INFO:colcon.colcon_core.shell:Creating package script '/home/vudinhso/RMIT_Bot/lesson6_ws/install/rmitbot_localization/share/rmitbot_localization/package.bash'
[2.474s] INFO:colcon.colcon_core.shell:Creating package script '/home/vudinhso/RMIT_Bot/lesson6_ws/install/rmitbot_localization/share/rmitbot_localization/package.zsh'
[2.474s] Level 1:colcon.colcon_core.environment:create_file_with_runtime_dependencies(/home/vudinhso/RMIT_Bot/lesson6_ws/install/rmitbot_localization/share/colcon-core/packages/rmitbot_localization)
[2.475s] Level 1:colcon.colcon_core.environment:create_environment_scripts_only(rmitbot_localization)
[2.476s] Level 1:colcon.colcon_core.environment:checking '/home/vudinhso/RMIT_Bot/lesson6_ws/install/rmitbot_localization' for CMake module files
[2.476s] Level 1:colcon.colcon_core.environment:checking '/home/vudinhso/RMIT_Bot/lesson6_ws/install/rmitbot_localization' for CMake config files
[2.477s] Level 1:colcon.colcon_core.shell:create_environment_hook('rmitbot_localization', 'cmake_prefix_path')
[2.477s] INFO:colcon.colcon_core.shell:Creating environment hook '/home/vudinhso/RMIT_Bot/lesson6_ws/install/rmitbot_localization/share/rmitbot_localization/hook/cmake_prefix_path.ps1'
[2.478s] INFO:colcon.colcon_core.shell:Creating environment descriptor '/home/vudinhso/RMIT_Bot/lesson6_ws/install/rmitbot_localization/share/rmitbot_localization/hook/cmake_prefix_path.dsv'
[2.478s] INFO:colcon.colcon_core.shell:Creating environment hook '/home/vudinhso/RMIT_Bot/lesson6_ws/install/rmitbot_localization/share/rmitbot_localization/hook/cmake_prefix_path.sh'
[2.479s] Level 1:colcon.colcon_core.environment:checking '/home/vudinhso/RMIT_Bot/lesson6_ws/install/rmitbot_localization/bin'
[2.479s] Level 1:colcon.colcon_core.environment:checking '/home/vudinhso/RMIT_Bot/lesson6_ws/install/rmitbot_localization/lib/pkgconfig/rmitbot_localization.pc'
[2.480s] Level 1:colcon.colcon_core.environment:checking '/home/vudinhso/RMIT_Bot/lesson6_ws/install/rmitbot_localization/lib/python3.12/site-packages'
[2.480s] Level 1:colcon.colcon_core.environment:checking '/home/vudinhso/RMIT_Bot/lesson6_ws/install/rmitbot_localization/bin'
[2.480s] INFO:colcon.colcon_core.shell:Creating package script '/home/vudinhso/RMIT_Bot/lesson6_ws/install/rmitbot_localization/share/rmitbot_localization/package.ps1'
[2.483s] DEBUG:colcon.colcon_core.event_handler.log_command:Invoked command in '/home/vudinhso/RMIT_Bot/lesson6_ws/build/rmitbot_localization' returned '0': CMAKE_PREFIX_PATH=${CMAKE_PREFIX_PATH}:/opt/ros/jazzy DEBUGINFOD_URLS=https://debuginfod.ubuntu.com /usr/bin/cmake --install /home/vudinhso/RMIT_Bot/lesson6_ws/build/rmitbot_localization
[2.484s] INFO:colcon.colcon_core.shell:Creating package descriptor '/home/vudinhso/RMIT_Bot/lesson6_ws/install/rmitbot_localization/share/rmitbot_localization/package.dsv'
[2.485s] INFO:colcon.colcon_core.shell:Creating package script '/home/vudinhso/RMIT_Bot/lesson6_ws/install/rmitbot_localization/share/rmitbot_localization/package.sh'
[2.485s] INFO:colcon.colcon_core.shell:Creating package script '/home/vudinhso/RMIT_Bot/lesson6_ws/install/rmitbot_localization/share/rmitbot_localization/package.bash'
[2.488s] INFO:colcon.colcon_core.shell:Creating package script '/home/vudinhso/RMIT_Bot/lesson6_ws/install/rmitbot_localization/share/rmitbot_localization/package.zsh'
[2.489s] Level 1:colcon.colcon_core.environment:create_file_with_runtime_dependencies(/home/vudinhso/RMIT_Bot/lesson6_ws/install/rmitbot_localization/share/colcon-core/packages/rmitbot_localization)
[2.494s] DEBUG:colcon.colcon_core.event_handler.log_command:Invoked command in '/home/vudinhso/RMIT_Bot/lesson6_ws/build/rmitbot_mapping' returned '0': CMAKE_PREFIX_PATH=${CMAKE_PREFIX_PATH}:/opt/ros/jazzy DEBUGINFOD_URLS=https://debuginfod.ubuntu.com /usr/bin/cmake --build /home/vudinhso/RMIT_Bot/lesson6_ws/build/rmitbot_mapping -- -j4 -l4
[2.494s] DEBUG:colcon.colcon_core.event_handler.log_command:Invoking command in '/home/vudinhso/RMIT_Bot/lesson6_ws/build/rmitbot_mapping': CMAKE_PREFIX_PATH=${CMAKE_PREFIX_PATH}:/opt/ros/jazzy DEBUGINFOD_URLS=https://debuginfod.ubuntu.com /usr/bin/cmake --install /home/vudinhso/RMIT_Bot/lesson6_ws/build/rmitbot_mapping
[2.521s] Level 1:colcon.colcon_core.environment:create_environment_scripts_only(rmitbot_mapping)
[2.522s] Level 1:colcon.colcon_core.environment:checking '/home/vudinhso/RMIT_Bot/lesson6_ws/install/rmitbot_mapping' for CMake module files
[2.524s] Level 1:colcon.colcon_core.environment:checking '/home/vudinhso/RMIT_Bot/lesson6_ws/install/rmitbot_mapping' for CMake config files
[2.526s] DEBUG:colcon.colcon_core.event_handler.log_command:Invoked command in '/home/vudinhso/RMIT_Bot/lesson6_ws/build/rmitbot_mapping' returned '0': CMAKE_PREFIX_PATH=${CMAKE_PREFIX_PATH}:/opt/ros/jazzy DEBUGINFOD_URLS=https://debuginfod.ubuntu.com /usr/bin/cmake --install /home/vudinhso/RMIT_Bot/lesson6_ws/build/rmitbot_mapping
[2.526s] Level 1:colcon.colcon_core.shell:create_environment_hook('rmitbot_mapping', 'cmake_prefix_path')
[2.527s] INFO:colcon.colcon_core.shell:Creating environment hook '/home/vudinhso/RMIT_Bot/lesson6_ws/install/rmitbot_mapping/share/rmitbot_mapping/hook/cmake_prefix_path.ps1'
[2.530s] INFO:colcon.colcon_core.shell:Creating environment descriptor '/home/vudinhso/RMIT_Bot/lesson6_ws/install/rmitbot_mapping/share/rmitbot_mapping/hook/cmake_prefix_path.dsv'
[2.531s] INFO:colcon.colcon_core.shell:Creating environment hook '/home/vudinhso/RMIT_Bot/lesson6_ws/install/rmitbot_mapping/share/rmitbot_mapping/hook/cmake_prefix_path.sh'
[2.534s] Level 1:colcon.colcon_core.environment:checking '/home/vudinhso/RMIT_Bot/lesson6_ws/install/rmitbot_mapping/bin'
[2.534s] Level 1:colcon.colcon_core.environment:checking '/home/vudinhso/RMIT_Bot/lesson6_ws/install/rmitbot_mapping/lib/pkgconfig/rmitbot_mapping.pc'
[2.535s] Level 1:colcon.colcon_core.environment:checking '/home/vudinhso/RMIT_Bot/lesson6_ws/install/rmitbot_mapping/lib/python3.12/site-packages'
[2.535s] Level 1:colcon.colcon_core.environment:checking '/home/vudinhso/RMIT_Bot/lesson6_ws/install/rmitbot_mapping/bin'
[2.536s] INFO:colcon.colcon_core.shell:Creating package script '/home/vudinhso/RMIT_Bot/lesson6_ws/install/rmitbot_mapping/share/rmitbot_mapping/package.ps1'
[2.538s] INFO:colcon.colcon_core.shell:Creating package descriptor '/home/vudinhso/RMIT_Bot/lesson6_ws/install/rmitbot_mapping/share/rmitbot_mapping/package.dsv'
[2.539s] INFO:colcon.colcon_core.shell:Creating package script '/home/vudinhso/RMIT_Bot/lesson6_ws/install/rmitbot_mapping/share/rmitbot_mapping/package.sh'
[2.540s] INFO:colcon.colcon_core.shell:Creating package script '/home/vudinhso/RMIT_Bot/lesson6_ws/install/rmitbot_mapping/share/rmitbot_mapping/package.bash'
[2.541s] INFO:colcon.colcon_core.shell:Creating package script '/home/vudinhso/RMIT_Bot/lesson6_ws/install/rmitbot_mapping/share/rmitbot_mapping/package.zsh'
[2.541s] Level 1:colcon.colcon_core.environment:create_file_with_runtime_dependencies(/home/vudinhso/RMIT_Bot/lesson6_ws/install/rmitbot_mapping/share/colcon-core/packages/rmitbot_mapping)
[2.542s] Level 1:colcon.colcon_core.environment:create_environment_scripts_only(rmitbot_mapping)
[2.545s] Level 1:colcon.colcon_core.environment:checking '/home/vudinhso/RMIT_Bot/lesson6_ws/install/rmitbot_mapping' for CMake module files
[2.550s] Level 1:colcon.colcon_core.environment:checking '/home/vudinhso/RMIT_Bot/lesson6_ws/install/rmitbot_mapping' for CMake config files
[2.552s] Level 1:colcon.colcon_core.shell:create_environment_hook('rmitbot_mapping', 'cmake_prefix_path')
[2.555s] INFO:colcon.colcon_core.shell:Creating environment hook '/home/vudinhso/RMIT_Bot/lesson6_ws/install/rmitbot_mapping/share/rmitbot_mapping/hook/cmake_prefix_path.ps1'
[2.561s] INFO:colcon.colcon_core.shell:Creating environment descriptor '/home/vudinhso/RMIT_Bot/lesson6_ws/install/rmitbot_mapping/share/rmitbot_mapping/hook/cmake_prefix_path.dsv'
[2.566s] INFO:colcon.colcon_core.shell:Creating environment hook '/home/vudinhso/RMIT_Bot/lesson6_ws/install/rmitbot_mapping/share/rmitbot_mapping/hook/cmake_prefix_path.sh'
[2.568s] Level 1:colcon.colcon_core.environment:checking '/home/vudinhso/RMIT_Bot/lesson6_ws/install/rmitbot_mapping/bin'
[2.568s] Level 1:colcon.colcon_core.environment:checking '/home/vudinhso/RMIT_Bot/lesson6_ws/install/rmitbot_mapping/lib/pkgconfig/rmitbot_mapping.pc'
[2.568s] Level 1:colcon.colcon_core.environment:checking '/home/vudinhso/RMIT_Bot/lesson6_ws/install/rmitbot_mapping/lib/python3.12/site-packages'
[2.571s] Level 1:colcon.colcon_core.environment:checking '/home/vudinhso/RMIT_Bot/lesson6_ws/install/rmitbot_mapping/bin'
[2.571s] INFO:colcon.colcon_core.shell:Creating package script '/home/vudinhso/RMIT_Bot/lesson6_ws/install/rmitbot_mapping/share/rmitbot_mapping/package.ps1'
[2.573s] INFO:colcon.colcon_core.shell:Creating package descriptor '/home/vudinhso/RMIT_Bot/lesson6_ws/install/rmitbot_mapping/share/rmitbot_mapping/package.dsv'
[2.574s] INFO:colcon.colcon_core.shell:Creating package script '/home/vudinhso/RMIT_Bot/lesson6_ws/install/rmitbot_mapping/share/rmitbot_mapping/package.sh'
[2.578s] INFO:colcon.colcon_core.shell:Creating package script '/home/vudinhso/RMIT_Bot/lesson6_ws/install/rmitbot_mapping/share/rmitbot_mapping/package.bash'
[2.580s] INFO:colcon.colcon_core.shell:Creating package script '/home/vudinhso/RMIT_Bot/lesson6_ws/install/rmitbot_mapping/share/rmitbot_mapping/package.zsh'
[2.583s] Level 1:colcon.colcon_core.environment:create_file_with_runtime_dependencies(/home/vudinhso/RMIT_Bot/lesson6_ws/install/rmitbot_mapping/share/colcon-core/packages/rmitbot_mapping)
[2.584s] DEBUG:colcon.colcon_parallel_executor.executor.parallel:closing loop
[2.584s] DEBUG:colcon.colcon_parallel_executor.executor.parallel:loop closed
[2.584s] DEBUG:colcon.colcon_parallel_executor.executor.parallel:run_until_complete finished with '0'
[2.584s] DEBUG:colcon.colcon_core.event_reactor:joining thread
[2.625s] INFO:colcon.colcon_core.plugin_system:Skipping extension 'colcon_notification.desktop_notification.terminal_notifier': Not used on non-Darwin systems
[2.625s] INFO:colcon.colcon_core.plugin_system:Skipping extension 'colcon_notification.desktop_notification.win32': Not used on non-Windows systems
[2.625s] INFO:colcon.colcon_notification.desktop_notification:Sending desktop notification using 'notify2'
[2.671s] DEBUG:colcon.colcon_core.event_reactor:joined thread
[2.671s] INFO:colcon.colcon_core.shell:Creating prefix script '/home/vudinhso/RMIT_Bot/lesson6_ws/install/local_setup.ps1'
[2.673s] INFO:colcon.colcon_core.shell:Creating prefix util module '/home/vudinhso/RMIT_Bot/lesson6_ws/install/_local_setup_util_ps1.py'
[2.679s] INFO:colcon.colcon_core.shell:Creating prefix chain script '/home/vudinhso/RMIT_Bot/lesson6_ws/install/setup.ps1'
[2.686s] INFO:colcon.colcon_core.shell:Creating prefix script '/home/vudinhso/RMIT_Bot/lesson6_ws/install/local_setup.sh'
[2.688s] INFO:colcon.colcon_core.shell:Creating prefix util module '/home/vudinhso/RMIT_Bot/lesson6_ws/install/_local_setup_util_sh.py'
[2.691s] INFO:colcon.colcon_core.shell:Creating prefix chain script '/home/vudinhso/RMIT_Bot/lesson6_ws/install/setup.sh'
[2.696s] INFO:colcon.colcon_core.shell:Creating prefix script '/home/vudinhso/RMIT_Bot/lesson6_ws/install/local_setup.bash'
[2.699s] INFO:colcon.colcon_core.shell:Creating prefix chain script '/home/vudinhso/RMIT_Bot/lesson6_ws/install/setup.bash'
[2.704s] INFO:colcon.colcon_core.shell:Creating prefix script '/home/vudinhso/RMIT_Bot/lesson6_ws/install/local_setup.zsh'
[2.706s] INFO:colcon.colcon_core.shell:Creating prefix chain script '/home/vudinhso/RMIT_Bot/lesson6_ws/install/setup.zsh'
