[0.044s] Invoking command in '/home/vudinhso/rmitbot_eeet2610_ws/lesson6_ws/build/rmitbot_bringup': CMAKE_PREFIX_PATH=${CMAKE_PREFIX_PATH}:/opt/ros/jazzy DEBUGINFOD_URLS=https://debuginfod.ubuntu.com /usr/bin/cmake --build /home/vudinhso/rmitbot_eeet2610_ws/lesson6_ws/build/rmitbot_bringup -- -j4 -l4
[0.145s] Invoked command in '/home/vudinhso/rmitbot_eeet2610_ws/lesson6_ws/build/rmitbot_bringup' returned '0': CMAKE_PREFIX_PATH=${CMAKE_PREFIX_PATH}:/opt/ros/jazzy DEBUGINFOD_URLS=https://debuginfod.ubuntu.com /usr/bin/cmake --build /home/vudinhso/rmitbot_eeet2610_ws/lesson6_ws/build/rmitbot_bringup -- -j4 -l4
[0.157s] Invoking command in '/home/vudinhso/rmitbot_eeet2610_ws/lesson6_ws/build/rmitbot_bringup': CMAKE_PREFIX_PATH=${CMAKE_PREFIX_PATH}:/opt/ros/jazzy DEBUGINFOD_URLS=https://debuginfod.ubuntu.com /usr/bin/cmake --install /home/vudinhso/rmitbot_eeet2610_ws/lesson6_ws/build/rmitbot_bringup
[0.175s] -- Install configuration: ""
[0.178s] -- Up-to-date: /home/vudinhso/rmitbot_eeet2610_ws/lesson6_ws/install/rmitbot_bringup/share/rmitbot_bringup/launch
[0.178s] -- Up-to-date: /home/vudinhso/rmitbot_eeet2610_ws/lesson6_ws/install/rmitbot_bringup/share/rmitbot_bringup/launch/realrobot.launch.py
[0.178s] -- Installing: /home/vudinhso/rmitbot_eeet2610_ws/lesson6_ws/install/rmitbot_bringup/share/rmitbot_bringup/launch/simrobot.launch.py
[0.179s] -- Up-to-date: /home/vudinhso/rmitbot_eeet2610_ws/lesson6_ws/install/rmitbot_bringup/share/ament_index/resource_index/package_run_dependencies/rmitbot_bringup
[0.179s] -- Up-to-date: /home/vudinhso/rmitbot_eeet2610_ws/lesson6_ws/install/rmitbot_bringup/share/ament_index/resource_index/parent_prefix_path/rmitbot_bringup
[0.179s] -- Up-to-date: /home/vudinhso/rmitbot_eeet2610_ws/lesson6_ws/install/rmitbot_bringup/share/rmitbot_bringup/environment/ament_prefix_path.sh
[0.179s] -- Up-to-date: /home/vudinhso/rmitbot_eeet2610_ws/lesson6_ws/install/rmitbot_bringup/share/rmitbot_bringup/environment/ament_prefix_path.dsv
[0.179s] -- Up-to-date: /home/vudinhso/rmitbot_eeet2610_ws/lesson6_ws/install/rmitbot_bringup/share/rmitbot_bringup/environment/path.sh
[0.179s] -- Up-to-date: /home/vudinhso/rmitbot_eeet2610_ws/lesson6_ws/install/rmitbot_bringup/share/rmitbot_bringup/environment/path.dsv
[0.179s] -- Up-to-date: /home/vudinhso/rmitbot_eeet2610_ws/lesson6_ws/install/rmitbot_bringup/share/rmitbot_bringup/local_setup.bash
[0.179s] -- Up-to-date: /home/vudinhso/rmitbot_eeet2610_ws/lesson6_ws/install/rmitbot_bringup/share/rmitbot_bringup/local_setup.sh
[0.180s] -- Up-to-date: /home/vudinhso/rmitbot_eeet2610_ws/lesson6_ws/install/rmitbot_bringup/share/rmitbot_bringup/local_setup.zsh
[0.180s] -- Up-to-date: /home/vudinhso/rmitbot_eeet2610_ws/lesson6_ws/install/rmitbot_bringup/share/rmitbot_bringup/local_setup.dsv
[0.180s] -- Installing: /home/vudinhso/rmitbot_eeet2610_ws/lesson6_ws/install/rmitbot_bringup/share/rmitbot_bringup/package.dsv
[0.180s] -- Up-to-date: /home/vudinhso/rmitbot_eeet2610_ws/lesson6_ws/install/rmitbot_bringup/share/ament_index/resource_index/packages/rmitbot_bringup
[0.180s] -- Up-to-date: /home/vudinhso/rmitbot_eeet2610_ws/lesson6_ws/install/rmitbot_bringup/share/rmitbot_bringup/cmake/rmitbot_bringupConfig.cmake
[0.180s] -- Up-to-date: /home/vudinhso/rmitbot_eeet2610_ws/lesson6_ws/install/rmitbot_bringup/share/rmitbot_bringup/cmake/rmitbot_bringupConfig-version.cmake
[0.180s] -- Up-to-date: /home/vudinhso/rmitbot_eeet2610_ws/lesson6_ws/install/rmitbot_bringup/share/rmitbot_bringup/package.xml
[0.187s] Invoked command in '/home/vudinhso/rmitbot_eeet2610_ws/lesson6_ws/build/rmitbot_bringup' returned '0': CMAKE_PREFIX_PATH=${CMAKE_PREFIX_PATH}:/opt/ros/jazzy DEBUGINFOD_URLS=https://debuginfod.ubuntu.com /usr/bin/cmake --install /home/vudinhso/rmitbot_eeet2610_ws/lesson6_ws/build/rmitbot_bringup
