[2.345s] DEBUG:colcon:Command line arguments: ['/usr/bin/colcon', 'list', '-p', '--base-paths', '/home/vudinhso/rmitbot_eeet2610_ws/lesson6_ws']
[2.346s] DEBUG:colcon:Parsed command line arguments: Namespace(log_base=None, log_level=None, verb_name='list', build_base='build', ignore_user_meta=False, metas=['./colcon.meta'], base_paths=['/home/vudinhso/rmitbot_eeet2610_ws/lesson6_ws'], packages_ignore=None, packages_ignore_regex=None, paths=None, packages_up_to=None, packages_up_to_regex=None, packages_above=None, packages_above_and_dependencies=None, packages_above_depth=None, packages_select_by_dep=None, packages_skip_by_dep=None, packages_skip_up_to=None, packages_select_build_failed=False, packages_skip_build_finished=False, packages_select_test_failures=False, packages_skip_test_passed=False, packages_select=None, packages_skip=None, packages_select_regex=None, packages_skip_regex=None, packages_start=None, packages_end=None, allow_overriding=[], topological_order=False, names_only=False, paths_only=True, topological_graph=False, topological_graph_dot=False, topological_graph_density=False, topological_graph_legend=False, topological_graph_dot_cluster=False, topological_graph_dot_include_skipped=False, mixin_files=None, mixin=None, verb_parser=<colcon_mixin.mixin.mixin_argument.MixinArgumentDecorator object at 0x7117b979e150>, verb_extension=<colcon_package_information.verb.list.ListVerb object at 0x7117b979d220>, main=<bound method ListVerb.main of <colcon_package_information.verb.list.ListVerb object at 0x7117b979d220>>, mixin_verb=('list',))
[2.922s] Level 1:colcon.colcon_core.package_discovery:discover_packages(colcon_meta) check parameters
[2.922s] Level 1:colcon.colcon_core.package_discovery:discover_packages(recursive) check parameters
[2.922s] Level 1:colcon.colcon_core.package_discovery:discover_packages(ignore) check parameters
[2.922s] Level 1:colcon.colcon_core.package_discovery:discover_packages(path) check parameters
[2.923s] Level 1:colcon.colcon_core.package_discovery:discover_packages(recursive) discover
[2.923s] INFO:colcon.colcon_core.package_discovery:Crawling recursively for packages in '/home/vudinhso/rmitbot_eeet2610_ws/lesson6_ws'
[2.923s] Level 1:colcon.colcon_core.package_identification:_identify(/home/vudinhso/rmitbot_eeet2610_ws/lesson6_ws) by extensions ['ignore', 'ignore_ament_install']
[2.925s] Level 1:colcon.colcon_core.package_identification:_identify(/home/vudinhso/rmitbot_eeet2610_ws/lesson6_ws) by extension 'ignore'
[2.925s] Level 1:colcon.colcon_core.package_identification:_identify(/home/vudinhso/rmitbot_eeet2610_ws/lesson6_ws) by extension 'ignore_ament_install'
[2.925s] Level 1:colcon.colcon_core.package_identification:_identify(/home/vudinhso/rmitbot_eeet2610_ws/lesson6_ws) by extensions ['colcon_pkg']
[2.925s] Level 1:colcon.colcon_core.package_identification:_identify(/home/vudinhso/rmitbot_eeet2610_ws/lesson6_ws) by extension 'colcon_pkg'
[2.925s] Level 1:colcon.colcon_core.package_identification:_identify(/home/vudinhso/rmitbot_eeet2610_ws/lesson6_ws) by extensions ['colcon_meta']
[2.925s] Level 1:colcon.colcon_core.package_identification:_identify(/home/vudinhso/rmitbot_eeet2610_ws/lesson6_ws) by extension 'colcon_meta'
[2.959s] Level 1:colcon.colcon_core.package_identification:_identify(/home/vudinhso/rmitbot_eeet2610_ws/lesson6_ws) by extensions ['ros']
[2.959s] Level 1:colcon.colcon_core.package_identification:_identify(/home/vudinhso/rmitbot_eeet2610_ws/lesson6_ws) by extension 'ros'
[3.366s] Level 1:colcon.colcon_core.package_identification:_identify(/home/vudinhso/rmitbot_eeet2610_ws/lesson6_ws) by extensions ['cmake', 'python']
[3.366s] Level 1:colcon.colcon_core.package_identification:_identify(/home/vudinhso/rmitbot_eeet2610_ws/lesson6_ws) by extension 'cmake'
[3.366s] Level 1:colcon.colcon_core.package_identification:_identify(/home/vudinhso/rmitbot_eeet2610_ws/lesson6_ws) by extension 'python'
[3.384s] Level 1:colcon.colcon_core.package_identification:_identify(/home/vudinhso/rmitbot_eeet2610_ws/lesson6_ws) by extensions ['python_setup_py']
[3.384s] Level 1:colcon.colcon_core.package_identification:_identify(/home/vudinhso/rmitbot_eeet2610_ws/lesson6_ws) by extension 'python_setup_py'
[3.384s] Level 1:colcon.colcon_core.package_identification:_identify(/home/vudinhso/rmitbot_eeet2610_ws/lesson6_ws/build) by extensions ['ignore', 'ignore_ament_install']
[3.385s] Level 1:colcon.colcon_core.package_identification:_identify(/home/vudinhso/rmitbot_eeet2610_ws/lesson6_ws/build) by extension 'ignore'
[3.385s] Level 1:colcon.colcon_core.package_identification:_identify(/home/vudinhso/rmitbot_eeet2610_ws/lesson6_ws/build) ignored
[3.392s] Level 1:colcon.colcon_core.package_identification:_identify(/home/vudinhso/rmitbot_eeet2610_ws/lesson6_ws/install) by extensions ['ignore', 'ignore_ament_install']
[3.392s] Level 1:colcon.colcon_core.package_identification:_identify(/home/vudinhso/rmitbot_eeet2610_ws/lesson6_ws/install) by extension 'ignore'
[3.392s] Level 1:colcon.colcon_core.package_identification:_identify(/home/vudinhso/rmitbot_eeet2610_ws/lesson6_ws/install) ignored
[3.393s] Level 1:colcon.colcon_core.package_identification:_identify(/home/vudinhso/rmitbot_eeet2610_ws/lesson6_ws/log) by extensions ['ignore', 'ignore_ament_install']
[3.393s] Level 1:colcon.colcon_core.package_identification:_identify(/home/vudinhso/rmitbot_eeet2610_ws/lesson6_ws/log) by extension 'ignore'
[3.393s] Level 1:colcon.colcon_core.package_identification:_identify(/home/vudinhso/rmitbot_eeet2610_ws/lesson6_ws/log) ignored
[3.394s] Level 1:colcon.colcon_core.package_identification:_identify(/home/vudinhso/rmitbot_eeet2610_ws/lesson6_ws/src) by extensions ['ignore', 'ignore_ament_install']
[3.406s] Level 1:colcon.colcon_core.package_identification:_identify(/home/vudinhso/rmitbot_eeet2610_ws/lesson6_ws/src) by extension 'ignore'
[3.406s] Level 1:colcon.colcon_core.package_identification:_identify(/home/vudinhso/rmitbot_eeet2610_ws/lesson6_ws/src) by extension 'ignore_ament_install'
[3.407s] Level 1:colcon.colcon_core.package_identification:_identify(/home/vudinhso/rmitbot_eeet2610_ws/lesson6_ws/src) by extensions ['colcon_pkg']
[3.407s] Level 1:colcon.colcon_core.package_identification:_identify(/home/vudinhso/rmitbot_eeet2610_ws/lesson6_ws/src) by extension 'colcon_pkg'
[3.407s] Level 1:colcon.colcon_core.package_identification:_identify(/home/vudinhso/rmitbot_eeet2610_ws/lesson6_ws/src) by extensions ['colcon_meta']
[3.407s] Level 1:colcon.colcon_core.package_identification:_identify(/home/vudinhso/rmitbot_eeet2610_ws/lesson6_ws/src) by extension 'colcon_meta'
[3.407s] Level 1:colcon.colcon_core.package_identification:_identify(/home/vudinhso/rmitbot_eeet2610_ws/lesson6_ws/src) by extensions ['ros']
[3.407s] Level 1:colcon.colcon_core.package_identification:_identify(/home/vudinhso/rmitbot_eeet2610_ws/lesson6_ws/src) by extension 'ros'
[3.412s] Level 1:colcon.colcon_core.package_identification:_identify(/home/vudinhso/rmitbot_eeet2610_ws/lesson6_ws/src) by extensions ['cmake', 'python']
[3.413s] Level 1:colcon.colcon_core.package_identification:_identify(/home/vudinhso/rmitbot_eeet2610_ws/lesson6_ws/src) by extension 'cmake'
[3.413s] Level 1:colcon.colcon_core.package_identification:_identify(/home/vudinhso/rmitbot_eeet2610_ws/lesson6_ws/src) by extension 'python'
[3.413s] Level 1:colcon.colcon_core.package_identification:_identify(/home/vudinhso/rmitbot_eeet2610_ws/lesson6_ws/src) by extensions ['python_setup_py']
[3.413s] Level 1:colcon.colcon_core.package_identification:_identify(/home/vudinhso/rmitbot_eeet2610_ws/lesson6_ws/src) by extension 'python_setup_py'
[3.414s] Level 1:colcon.colcon_core.package_identification:_identify(/home/vudinhso/rmitbot_eeet2610_ws/lesson6_ws/src/rmitbot_bringup) by extensions ['ignore', 'ignore_ament_install']
[3.414s] Level 1:colcon.colcon_core.package_identification:_identify(/home/vudinhso/rmitbot_eeet2610_ws/lesson6_ws/src/rmitbot_bringup) by extension 'ignore'
[3.414s] Level 1:colcon.colcon_core.package_identification:_identify(/home/vudinhso/rmitbot_eeet2610_ws/lesson6_ws/src/rmitbot_bringup) by extension 'ignore_ament_install'
[3.419s] Level 1:colcon.colcon_core.package_identification:_identify(/home/vudinhso/rmitbot_eeet2610_ws/lesson6_ws/src/rmitbot_bringup) by extensions ['colcon_pkg']
[3.419s] Level 1:colcon.colcon_core.package_identification:_identify(/home/vudinhso/rmitbot_eeet2610_ws/lesson6_ws/src/rmitbot_bringup) by extension 'colcon_pkg'
[3.420s] Level 1:colcon.colcon_core.package_identification:_identify(/home/vudinhso/rmitbot_eeet2610_ws/lesson6_ws/src/rmitbot_bringup) by extensions ['colcon_meta']
[3.420s] Level 1:colcon.colcon_core.package_identification:_identify(/home/vudinhso/rmitbot_eeet2610_ws/lesson6_ws/src/rmitbot_bringup) by extension 'colcon_meta'
[3.420s] Level 1:colcon.colcon_core.package_identification:_identify(/home/vudinhso/rmitbot_eeet2610_ws/lesson6_ws/src/rmitbot_bringup) by extensions ['ros']
[3.420s] Level 1:colcon.colcon_core.package_identification:_identify(/home/vudinhso/rmitbot_eeet2610_ws/lesson6_ws/src/rmitbot_bringup) by extension 'ros'
[3.482s] DEBUG:colcon.colcon_core.package_identification:Package '/home/vudinhso/rmitbot_eeet2610_ws/lesson6_ws/src/rmitbot_bringup' with type 'ros.ament_cmake' and name 'rmitbot_bringup'
[3.483s] Level 1:colcon.colcon_core.package_identification:_identify(/home/vudinhso/rmitbot_eeet2610_ws/lesson6_ws/src/rmitbot_controller) by extensions ['ignore', 'ignore_ament_install']
[3.483s] Level 1:colcon.colcon_core.package_identification:_identify(/home/vudinhso/rmitbot_eeet2610_ws/lesson6_ws/src/rmitbot_controller) by extension 'ignore'
[3.483s] Level 1:colcon.colcon_core.package_identification:_identify(/home/vudinhso/rmitbot_eeet2610_ws/lesson6_ws/src/rmitbot_controller) by extension 'ignore_ament_install'
[3.483s] Level 1:colcon.colcon_core.package_identification:_identify(/home/vudinhso/rmitbot_eeet2610_ws/lesson6_ws/src/rmitbot_controller) by extensions ['colcon_pkg']
[3.488s] Level 1:colcon.colcon_core.package_identification:_identify(/home/vudinhso/rmitbot_eeet2610_ws/lesson6_ws/src/rmitbot_controller) by extension 'colcon_pkg'
[3.489s] Level 1:colcon.colcon_core.package_identification:_identify(/home/vudinhso/rmitbot_eeet2610_ws/lesson6_ws/src/rmitbot_controller) by extensions ['colcon_meta']
[3.489s] Level 1:colcon.colcon_core.package_identification:_identify(/home/vudinhso/rmitbot_eeet2610_ws/lesson6_ws/src/rmitbot_controller) by extension 'colcon_meta'
[3.489s] Level 1:colcon.colcon_core.package_identification:_identify(/home/vudinhso/rmitbot_eeet2610_ws/lesson6_ws/src/rmitbot_controller) by extensions ['ros']
[3.489s] Level 1:colcon.colcon_core.package_identification:_identify(/home/vudinhso/rmitbot_eeet2610_ws/lesson6_ws/src/rmitbot_controller) by extension 'ros'
[3.519s] DEBUG:colcon.colcon_core.package_identification:Package '/home/vudinhso/rmitbot_eeet2610_ws/lesson6_ws/src/rmitbot_controller' with type 'ros.ament_cmake' and name 'rmitbot_controller'
[3.519s] Level 1:colcon.colcon_core.package_identification:_identify(/home/vudinhso/rmitbot_eeet2610_ws/lesson6_ws/src/rmitbot_description) by extensions ['ignore', 'ignore_ament_install']
[3.524s] Level 1:colcon.colcon_core.package_identification:_identify(/home/vudinhso/rmitbot_eeet2610_ws/lesson6_ws/src/rmitbot_description) by extension 'ignore'
[3.525s] Level 1:colcon.colcon_core.package_identification:_identify(/home/vudinhso/rmitbot_eeet2610_ws/lesson6_ws/src/rmitbot_description) by extension 'ignore_ament_install'
[3.525s] Level 1:colcon.colcon_core.package_identification:_identify(/home/vudinhso/rmitbot_eeet2610_ws/lesson6_ws/src/rmitbot_description) by extensions ['colcon_pkg']
[3.525s] Level 1:colcon.colcon_core.package_identification:_identify(/home/vudinhso/rmitbot_eeet2610_ws/lesson6_ws/src/rmitbot_description) by extension 'colcon_pkg'
[3.525s] Level 1:colcon.colcon_core.package_identification:_identify(/home/vudinhso/rmitbot_eeet2610_ws/lesson6_ws/src/rmitbot_description) by extensions ['colcon_meta']
[3.525s] Level 1:colcon.colcon_core.package_identification:_identify(/home/vudinhso/rmitbot_eeet2610_ws/lesson6_ws/src/rmitbot_description) by extension 'colcon_meta'
[3.526s] Level 1:colcon.colcon_core.package_identification:_identify(/home/vudinhso/rmitbot_eeet2610_ws/lesson6_ws/src/rmitbot_description) by extensions ['ros']
[3.530s] Level 1:colcon.colcon_core.package_identification:_identify(/home/vudinhso/rmitbot_eeet2610_ws/lesson6_ws/src/rmitbot_description) by extension 'ros'
[3.532s] DEBUG:colcon.colcon_core.package_identification:Package '/home/vudinhso/rmitbot_eeet2610_ws/lesson6_ws/src/rmitbot_description' with type 'ros.ament_cmake' and name 'rmitbot_description'
[3.532s] Level 1:colcon.colcon_core.package_identification:_identify(/home/vudinhso/rmitbot_eeet2610_ws/lesson6_ws/src/rmitbot_firmware) by extensions ['ignore', 'ignore_ament_install']
[3.532s] Level 1:colcon.colcon_core.package_identification:_identify(/home/vudinhso/rmitbot_eeet2610_ws/lesson6_ws/src/rmitbot_firmware) by extension 'ignore'
[3.532s] Level 1:colcon.colcon_core.package_identification:_identify(/home/vudinhso/rmitbot_eeet2610_ws/lesson6_ws/src/rmitbot_firmware) by extension 'ignore_ament_install'
[3.533s] Level 1:colcon.colcon_core.package_identification:_identify(/home/vudinhso/rmitbot_eeet2610_ws/lesson6_ws/src/rmitbot_firmware) by extensions ['colcon_pkg']
[3.534s] Level 1:colcon.colcon_core.package_identification:_identify(/home/vudinhso/rmitbot_eeet2610_ws/lesson6_ws/src/rmitbot_firmware) by extension 'colcon_pkg'
[3.534s] Level 1:colcon.colcon_core.package_identification:_identify(/home/vudinhso/rmitbot_eeet2610_ws/lesson6_ws/src/rmitbot_firmware) by extensions ['colcon_meta']
[3.535s] Level 1:colcon.colcon_core.package_identification:_identify(/home/vudinhso/rmitbot_eeet2610_ws/lesson6_ws/src/rmitbot_firmware) by extension 'colcon_meta'
[3.535s] Level 1:colcon.colcon_core.package_identification:_identify(/home/vudinhso/rmitbot_eeet2610_ws/lesson6_ws/src/rmitbot_firmware) by extensions ['ros']
[3.535s] Level 1:colcon.colcon_core.package_identification:_identify(/home/vudinhso/rmitbot_eeet2610_ws/lesson6_ws/src/rmitbot_firmware) by extension 'ros'
[3.538s] DEBUG:colcon.colcon_core.package_identification:Package '/home/vudinhso/rmitbot_eeet2610_ws/lesson6_ws/src/rmitbot_firmware' with type 'ros.ament_cmake' and name 'rmitbot_firmware'
[3.538s] Level 1:colcon.colcon_core.package_identification:_identify(/home/vudinhso/rmitbot_eeet2610_ws/lesson6_ws/src/rmitbot_localization) by extensions ['ignore', 'ignore_ament_install']
[3.538s] Level 1:colcon.colcon_core.package_identification:_identify(/home/vudinhso/rmitbot_eeet2610_ws/lesson6_ws/src/rmitbot_localization) by extension 'ignore'
[3.538s] Level 1:colcon.colcon_core.package_identification:_identify(/home/vudinhso/rmitbot_eeet2610_ws/lesson6_ws/src/rmitbot_localization) by extension 'ignore_ament_install'
[3.538s] Level 1:colcon.colcon_core.package_identification:_identify(/home/vudinhso/rmitbot_eeet2610_ws/lesson6_ws/src/rmitbot_localization) by extensions ['colcon_pkg']
[3.538s] Level 1:colcon.colcon_core.package_identification:_identify(/home/vudinhso/rmitbot_eeet2610_ws/lesson6_ws/src/rmitbot_localization) by extension 'colcon_pkg'
[3.539s] Level 1:colcon.colcon_core.package_identification:_identify(/home/vudinhso/rmitbot_eeet2610_ws/lesson6_ws/src/rmitbot_localization) by extensions ['colcon_meta']
[3.539s] Level 1:colcon.colcon_core.package_identification:_identify(/home/vudinhso/rmitbot_eeet2610_ws/lesson6_ws/src/rmitbot_localization) by extension 'colcon_meta'
[3.539s] Level 1:colcon.colcon_core.package_identification:_identify(/home/vudinhso/rmitbot_eeet2610_ws/lesson6_ws/src/rmitbot_localization) by extensions ['ros']
[3.539s] Level 1:colcon.colcon_core.package_identification:_identify(/home/vudinhso/rmitbot_eeet2610_ws/lesson6_ws/src/rmitbot_localization) by extension 'ros'
[3.542s] DEBUG:colcon.colcon_core.package_identification:Package '/home/vudinhso/rmitbot_eeet2610_ws/lesson6_ws/src/rmitbot_localization' with type 'ros.ament_cmake' and name 'rmitbot_localization'
[3.542s] Level 1:colcon.colcon_core.package_identification:_identify(/home/vudinhso/rmitbot_eeet2610_ws/lesson6_ws/src/rmitbot_mapping) by extensions ['ignore', 'ignore_ament_install']
[3.543s] Level 1:colcon.colcon_core.package_identification:_identify(/home/vudinhso/rmitbot_eeet2610_ws/lesson6_ws/src/rmitbot_mapping) by extension 'ignore'
[3.543s] Level 1:colcon.colcon_core.package_identification:_identify(/home/vudinhso/rmitbot_eeet2610_ws/lesson6_ws/src/rmitbot_mapping) by extension 'ignore_ament_install'
[3.544s] Level 1:colcon.colcon_core.package_identification:_identify(/home/vudinhso/rmitbot_eeet2610_ws/lesson6_ws/src/rmitbot_mapping) by extensions ['colcon_pkg']
[3.544s] Level 1:colcon.colcon_core.package_identification:_identify(/home/vudinhso/rmitbot_eeet2610_ws/lesson6_ws/src/rmitbot_mapping) by extension 'colcon_pkg'
[3.544s] Level 1:colcon.colcon_core.package_identification:_identify(/home/vudinhso/rmitbot_eeet2610_ws/lesson6_ws/src/rmitbot_mapping) by extensions ['colcon_meta']
[3.544s] Level 1:colcon.colcon_core.package_identification:_identify(/home/vudinhso/rmitbot_eeet2610_ws/lesson6_ws/src/rmitbot_mapping) by extension 'colcon_meta'
[3.544s] Level 1:colcon.colcon_core.package_identification:_identify(/home/vudinhso/rmitbot_eeet2610_ws/lesson6_ws/src/rmitbot_mapping) by extensions ['ros']
[3.544s] Level 1:colcon.colcon_core.package_identification:_identify(/home/vudinhso/rmitbot_eeet2610_ws/lesson6_ws/src/rmitbot_mapping) by extension 'ros'
[3.582s] DEBUG:colcon.colcon_core.package_identification:Package '/home/vudinhso/rmitbot_eeet2610_ws/lesson6_ws/src/rmitbot_mapping' with type 'ros.ament_cmake' and name 'rmitbot_mapping'
[3.583s] Level 1:colcon.colcon_core.package_discovery:discover_packages(recursive) using defaults
