[0.026s] Invoking command in '/home/vudinhso/rmitbot_eeet2610_ws/lesson6_ws/build/rmitbot_mapping': CMAKE_PREFIX_PATH=${CMAKE_PREFIX_PATH}:/opt/ros/jazzy DEBUGINFOD_URLS=https://debuginfod.ubuntu.com /usr/bin/cmake --build /home/vudinhso/rmitbot_eeet2610_ws/lesson6_ws/build/rmitbot_mapping -- -j4 -l4
[0.072s] -- Found ament_cmake: 2.5.4 (/opt/ros/jazzy/share/ament_cmake/cmake)
[0.405s] -- Configuring done (0.3s)
[0.410s] -- Generating done (0.0s)
[0.410s] -- Build files have been written to: /home/vudinhso/rmitbot_eeet2610_ws/lesson6_ws/build/rmitbot_mapping
[0.434s] Invoked command in '/home/vudinhso/rmitbot_eeet2610_ws/lesson6_ws/build/rmitbot_mapping' returned '0': CMAKE_PREFIX_PATH=${CMAKE_PREFIX_PATH}:/opt/ros/jazzy DEBUGINFOD_URLS=https://debuginfod.ubuntu.com /usr/bin/cmake --build /home/vudinhso/rmitbot_eeet2610_ws/lesson6_ws/build/rmitbot_mapping -- -j4 -l4
[0.435s] Invoking command in '/home/vudinhso/rmitbot_eeet2610_ws/lesson6_ws/build/rmitbot_mapping': CMAKE_PREFIX_PATH=${CMAKE_PREFIX_PATH}:/opt/ros/jazzy DEBUGINFOD_URLS=https://debuginfod.ubuntu.com /usr/bin/cmake --install /home/vudinhso/rmitbot_eeet2610_ws/lesson6_ws/build/rmitbot_mapping
[0.446s] -- Install configuration: ""
[0.446s] -- Up-to-date: /home/vudinhso/rmitbot_eeet2610_ws/lesson6_ws/install/rmitbot_mapping/share/rmitbot_mapping/launch
[0.446s] -- Up-to-date: /home/vudinhso/rmitbot_eeet2610_ws/lesson6_ws/install/rmitbot_mapping/share/rmitbot_mapping/launch/lidar.launch.py
[0.446s] -- Installing: /home/vudinhso/rmitbot_eeet2610_ws/lesson6_ws/install/rmitbot_mapping/share/rmitbot_mapping/launch/slam.launch.py
[0.446s] -- Up-to-date: /home/vudinhso/rmitbot_eeet2610_ws/lesson6_ws/install/rmitbot_mapping/share/rmitbot_mapping/config
[0.446s] -- Installing: /home/vudinhso/rmitbot_eeet2610_ws/lesson6_ws/install/rmitbot_mapping/share/rmitbot_mapping/config/slam.yaml
[0.446s] -- Up-to-date: /home/vudinhso/rmitbot_eeet2610_ws/lesson6_ws/install/rmitbot_mapping/share/ament_index/resource_index/package_run_dependencies/rmitbot_mapping
[0.446s] -- Up-to-date: /home/vudinhso/rmitbot_eeet2610_ws/lesson6_ws/install/rmitbot_mapping/share/ament_index/resource_index/parent_prefix_path/rmitbot_mapping
[0.446s] -- Up-to-date: /home/vudinhso/rmitbot_eeet2610_ws/lesson6_ws/install/rmitbot_mapping/share/rmitbot_mapping/environment/ament_prefix_path.sh
[0.447s] -- Up-to-date: /home/vudinhso/rmitbot_eeet2610_ws/lesson6_ws/install/rmitbot_mapping/share/rmitbot_mapping/environment/ament_prefix_path.dsv
[0.447s] -- Up-to-date: /home/vudinhso/rmitbot_eeet2610_ws/lesson6_ws/install/rmitbot_mapping/share/rmitbot_mapping/environment/path.sh
[0.447s] -- Up-to-date: /home/vudinhso/rmitbot_eeet2610_ws/lesson6_ws/install/rmitbot_mapping/share/rmitbot_mapping/environment/path.dsv
[0.447s] -- Up-to-date: /home/vudinhso/rmitbot_eeet2610_ws/lesson6_ws/install/rmitbot_mapping/share/rmitbot_mapping/local_setup.bash
[0.447s] -- Up-to-date: /home/vudinhso/rmitbot_eeet2610_ws/lesson6_ws/install/rmitbot_mapping/share/rmitbot_mapping/local_setup.sh
[0.447s] -- Up-to-date: /home/vudinhso/rmitbot_eeet2610_ws/lesson6_ws/install/rmitbot_mapping/share/rmitbot_mapping/local_setup.zsh
[0.448s] -- Up-to-date: /home/vudinhso/rmitbot_eeet2610_ws/lesson6_ws/install/rmitbot_mapping/share/rmitbot_mapping/local_setup.dsv
[0.448s] -- Installing: /home/vudinhso/rmitbot_eeet2610_ws/lesson6_ws/install/rmitbot_mapping/share/rmitbot_mapping/package.dsv
[0.448s] -- Up-to-date: /home/vudinhso/rmitbot_eeet2610_ws/lesson6_ws/install/rmitbot_mapping/share/ament_index/resource_index/packages/rmitbot_mapping
[0.448s] -- Up-to-date: /home/vudinhso/rmitbot_eeet2610_ws/lesson6_ws/install/rmitbot_mapping/share/rmitbot_mapping/cmake/rmitbot_mappingConfig.cmake
[0.448s] -- Up-to-date: /home/vudinhso/rmitbot_eeet2610_ws/lesson6_ws/install/rmitbot_mapping/share/rmitbot_mapping/cmake/rmitbot_mappingConfig-version.cmake
[0.448s] -- Installing: /home/vudinhso/rmitbot_eeet2610_ws/lesson6_ws/install/rmitbot_mapping/share/rmitbot_mapping/package.xml
[0.450s] Invoked command in '/home/vudinhso/rmitbot_eeet2610_ws/lesson6_ws/build/rmitbot_mapping' returned '0': CMAKE_PREFIX_PATH=${CMAKE_PREFIX_PATH}:/opt/ros/jazzy DEBUGINFOD_URLS=https://debuginfod.ubuntu.com /usr/bin/cmake --install /home/vudinhso/rmitbot_eeet2610_ws/lesson6_ws/build/rmitbot_mapping
