[0.030s] Invoking command in '/home/vudinhso/RMIT_Bot/lesson6_ws/build/rmitbot_description': CMAKE_PREFIX_PATH=${CMAKE_PREFIX_PATH}:/opt/ros/jazzy DEBUGINFOD_URLS=https://debuginfod.ubuntu.com /usr/bin/cmake /home/vudinhso/RMIT_Bot/lesson6_ws/src/rmitbot_description -DCMAKE_INSTALL_PREFIX=/home/vudinhso/RMIT_Bot/lesson6_ws/install/rmitbot_description
[0.259s] -- The C compiler identification is GNU 13.3.0
[0.448s] -- The CXX compiler identification is GNU 13.3.0
[0.494s] -- Detecting C compiler ABI info
[0.678s] -- Detecting C compiler ABI info - done
[0.768s] -- Check for working C compiler: /usr/bin/cc - skipped
[0.772s] -- Detecting C compile features
[0.783s] -- Detecting C compile features - done
[0.830s] -- Detecting CXX compiler ABI info
[1.104s] -- Detecting CXX compiler ABI info - done
[1.122s] -- Check for working CXX compiler: /usr/bin/c++ - skipped
[1.123s] -- Detecting CXX compile features
[1.123s] -- Detecting CXX compile features - done
[1.156s] -- Found ament_cmake: 2.5.3 (/opt/ros/jazzy/share/ament_cmake/cmake)
[1.517s] -- Found Python3: /usr/bin/python3 (found version "3.12.3") found components: Interpreter 
[1.816s] -- Found urdf: 2.10.0 (/opt/ros/jazzy/share/urdf/cmake)
[1.970s] -- Found TinyXML2 via Config file: /usr/lib/x86_64-linux-gnu/cmake/tinyxml2
[2.199s] -- Configuring done (2.1s)
[2.204s] -- Generating done (0.0s)
[2.211s] -- Build files have been written to: /home/vudinhso/RMIT_Bot/lesson6_ws/build/rmitbot_description
[2.247s] Invoked command in '/home/vudinhso/RMIT_Bot/lesson6_ws/build/rmitbot_description' returned '0': CMAKE_PREFIX_PATH=${CMAKE_PREFIX_PATH}:/opt/ros/jazzy DEBUGINFOD_URLS=https://debuginfod.ubuntu.com /usr/bin/cmake /home/vudinhso/RMIT_Bot/lesson6_ws/src/rmitbot_description -DCMAKE_INSTALL_PREFIX=/home/vudinhso/RMIT_Bot/lesson6_ws/install/rmitbot_description
[2.247s] Invoking command in '/home/vudinhso/RMIT_Bot/lesson6_ws/build/rmitbot_description': CMAKE_PREFIX_PATH=${CMAKE_PREFIX_PATH}:/opt/ros/jazzy DEBUGINFOD_URLS=https://debuginfod.ubuntu.com /usr/bin/cmake --build /home/vudinhso/RMIT_Bot/lesson6_ws/build/rmitbot_description -- -j4 -l4
[2.431s] Invoked command in '/home/vudinhso/RMIT_Bot/lesson6_ws/build/rmitbot_description' returned '0': CMAKE_PREFIX_PATH=${CMAKE_PREFIX_PATH}:/opt/ros/jazzy DEBUGINFOD_URLS=https://debuginfod.ubuntu.com /usr/bin/cmake --build /home/vudinhso/RMIT_Bot/lesson6_ws/build/rmitbot_description -- -j4 -l4
[2.435s] Invoking command in '/home/vudinhso/RMIT_Bot/lesson6_ws/build/rmitbot_description': CMAKE_PREFIX_PATH=${CMAKE_PREFIX_PATH}:/opt/ros/jazzy DEBUGINFOD_URLS=https://debuginfod.ubuntu.com /usr/bin/cmake --install /home/vudinhso/RMIT_Bot/lesson6_ws/build/rmitbot_description
[2.455s] -- Install configuration: ""
[2.456s] -- Installing: /home/vudinhso/RMIT_Bot/lesson6_ws/install/rmitbot_description/share/rmitbot_description/meshes
[2.456s] -- Installing: /home/vudinhso/RMIT_Bot/lesson6_ws/install/rmitbot_description/share/rmitbot_description/meshes/wheel_left_link.STL
[2.461s] -- Installing: /home/vudinhso/RMIT_Bot/lesson6_ws/install/rmitbot_description/share/rmitbot_description/meshes/base_link.STL
[2.511s] -- Installing: /home/vudinhso/RMIT_Bot/lesson6_ws/install/rmitbot_description/share/rmitbot_description/meshes/caster_front_link.STL
[2.515s] -- Installing: /home/vudinhso/RMIT_Bot/lesson6_ws/install/rmitbot_description/share/rmitbot_description/meshes/caster_rear_link.STL
[2.516s] -- Installing: /home/vudinhso/RMIT_Bot/lesson6_ws/install/rmitbot_description/share/rmitbot_description/meshes/imu_link.STL
[2.517s] -- Installing: /home/vudinhso/RMIT_Bot/lesson6_ws/install/rmitbot_description/share/rmitbot_description/meshes/wheel_right_link.STL
[2.521s] -- Installing: /home/vudinhso/RMIT_Bot/lesson6_ws/install/rmitbot_description/share/rmitbot_description/urdf
[2.522s] -- Installing: /home/vudinhso/RMIT_Bot/lesson6_ws/install/rmitbot_description/share/rmitbot_description/urdf/rmitbot_gazebo.xacro
[2.522s] -- Installing: /home/vudinhso/RMIT_Bot/lesson6_ws/install/rmitbot_description/share/rmitbot_description/urdf/rmitbot_ros2_control.xacro
[2.522s] -- Installing: /home/vudinhso/RMIT_Bot/lesson6_ws/install/rmitbot_description/share/rmitbot_description/urdf/rmitbot.urdf.xacro
[2.525s] -- Installing: /home/vudinhso/RMIT_Bot/lesson6_ws/install/rmitbot_description/share/rmitbot_description/launch
[2.525s] -- Installing: /home/vudinhso/RMIT_Bot/lesson6_ws/install/rmitbot_description/share/rmitbot_description/launch/gazebo.launch.py
[2.526s] -- Installing: /home/vudinhso/RMIT_Bot/lesson6_ws/install/rmitbot_description/share/rmitbot_description/launch/display.launch.py
[2.528s] -- Installing: /home/vudinhso/RMIT_Bot/lesson6_ws/install/rmitbot_description/share/rmitbot_description/rviz
[2.528s] -- Installing: /home/vudinhso/RMIT_Bot/lesson6_ws/install/rmitbot_description/share/rmitbot_description/rviz/display.rviz
[2.528s] -- Installing: /home/vudinhso/RMIT_Bot/lesson6_ws/install/rmitbot_description/share/ament_index/resource_index/package_run_dependencies/rmitbot_description
[2.528s] -- Installing: /home/vudinhso/RMIT_Bot/lesson6_ws/install/rmitbot_description/share/ament_index/resource_index/parent_prefix_path/rmitbot_description
[2.532s] -- Installing: /home/vudinhso/RMIT_Bot/lesson6_ws/install/rmitbot_description/share/rmitbot_description/environment/ament_prefix_path.sh
[2.532s] -- Installing: /home/vudinhso/RMIT_Bot/lesson6_ws/install/rmitbot_description/share/rmitbot_description/environment/ament_prefix_path.dsv
[2.532s] -- Installing: /home/vudinhso/RMIT_Bot/lesson6_ws/install/rmitbot_description/share/rmitbot_description/environment/path.sh
[2.532s] -- Installing: /home/vudinhso/RMIT_Bot/lesson6_ws/install/rmitbot_description/share/rmitbot_description/environment/path.dsv
[2.532s] -- Installing: /home/vudinhso/RMIT_Bot/lesson6_ws/install/rmitbot_description/share/rmitbot_description/local_setup.bash
[2.533s] -- Installing: /home/vudinhso/RMIT_Bot/lesson6_ws/install/rmitbot_description/share/rmitbot_description/local_setup.sh
[2.533s] -- Installing: /home/vudinhso/RMIT_Bot/lesson6_ws/install/rmitbot_description/share/rmitbot_description/local_setup.zsh
[2.533s] -- Installing: /home/vudinhso/RMIT_Bot/lesson6_ws/install/rmitbot_description/share/rmitbot_description/local_setup.dsv
[2.533s] -- Installing: /home/vudinhso/RMIT_Bot/lesson6_ws/install/rmitbot_description/share/rmitbot_description/package.dsv
[2.533s] -- Installing: /home/vudinhso/RMIT_Bot/lesson6_ws/install/rmitbot_description/share/ament_index/resource_index/packages/rmitbot_description
[2.533s] -- Installing: /home/vudinhso/RMIT_Bot/lesson6_ws/install/rmitbot_description/share/rmitbot_description/cmake/rmitbot_descriptionConfig.cmake
[2.534s] -- Installing: /home/vudinhso/RMIT_Bot/lesson6_ws/install/rmitbot_description/share/rmitbot_description/cmake/rmitbot_descriptionConfig-version.cmake
[2.534s] -- Installing: /home/vudinhso/RMIT_Bot/lesson6_ws/install/rmitbot_description/share/rmitbot_description/package.xml
[2.547s] Invoked command in '/home/vudinhso/RMIT_Bot/lesson6_ws/build/rmitbot_description' returned '0': CMAKE_PREFIX_PATH=${CMAKE_PREFIX_PATH}:/opt/ros/jazzy DEBUGINFOD_URLS=https://debuginfod.ubuntu.com /usr/bin/cmake --install /home/vudinhso/RMIT_Bot/lesson6_ws/build/rmitbot_description
