[0.065s] Invoking command in '/home/vudinhso/RMIT_Bot/lesson6_ws/build/rmitbot_description': CMAKE_PREFIX_PATH=${CMAKE_PREFIX_PATH}:/opt/ros/jazzy DEBUGINFOD_URLS=https://debuginfod.ubuntu.com /usr/bin/cmake --build /home/vudinhso/RMIT_Bot/lesson6_ws/build/rmitbot_description -- -j4 -l4
[0.359s] Invoked command in '/home/vudinhso/RMIT_Bot/lesson6_ws/build/rmitbot_description' returned '0': CMAKE_PREFIX_PATH=${CMAKE_PREFIX_PATH}:/opt/ros/jazzy DEBUGINFOD_URLS=https://debuginfod.ubuntu.com /usr/bin/cmake --build /home/vudinhso/RMIT_Bot/lesson6_ws/build/rmitbot_description -- -j4 -l4
[0.360s] Invoking command in '/home/vudinhso/RMIT_Bot/lesson6_ws/build/rmitbot_description': CMAKE_PREFIX_PATH=${CMAKE_PREFIX_PATH}:/opt/ros/jazzy DEBUGINFOD_URLS=https://debuginfod.ubuntu.com /usr/bin/cmake --install /home/vudinhso/RMIT_Bot/lesson6_ws/build/rmitbot_description
[0.481s] -- Install configuration: ""
[0.501s] -- Up-to-date: /home/vudinhso/RMIT_Bot/lesson6_ws/install/rmitbot_description/share/rmitbot_description/meshes
[0.508s] -- Up-to-date: /home/vudinhso/RMIT_Bot/lesson6_ws/install/rmitbot_description/share/rmitbot_description/meshes/wheel_left_link.STL
[0.508s] -- Up-to-date: /home/vudinhso/RMIT_Bot/lesson6_ws/install/rmitbot_description/share/rmitbot_description/meshes/base_link.STL
[0.509s] -- Up-to-date: /home/vudinhso/RMIT_Bot/lesson6_ws/install/rmitbot_description/share/rmitbot_description/meshes/caster_front_link.STL
[0.509s] -- Up-to-date: /home/vudinhso/RMIT_Bot/lesson6_ws/install/rmitbot_description/share/rmitbot_description/meshes/caster_rear_link.STL
[0.515s] -- Up-to-date: /home/vudinhso/RMIT_Bot/lesson6_ws/install/rmitbot_description/share/rmitbot_description/meshes/imu_link.STL
[0.515s] -- Up-to-date: /home/vudinhso/RMIT_Bot/lesson6_ws/install/rmitbot_description/share/rmitbot_description/meshes/wheel_right_link.STL
[0.515s] -- Up-to-date: /home/vudinhso/RMIT_Bot/lesson6_ws/install/rmitbot_description/share/rmitbot_description/urdf
[0.516s] -- Up-to-date: /home/vudinhso/RMIT_Bot/lesson6_ws/install/rmitbot_description/share/rmitbot_description/urdf/rmitbot_gazebo.xacro
[0.516s] -- Up-to-date: /home/vudinhso/RMIT_Bot/lesson6_ws/install/rmitbot_description/share/rmitbot_description/urdf/rmitbot_ros2_control.xacro
[0.516s] -- Up-to-date: /home/vudinhso/RMIT_Bot/lesson6_ws/install/rmitbot_description/share/rmitbot_description/urdf/rmitbot.urdf.xacro
[0.516s] -- Up-to-date: /home/vudinhso/RMIT_Bot/lesson6_ws/install/rmitbot_description/share/rmitbot_description/urdf/rmitbot_lidar.xacro
[0.516s] -- Up-to-date: /home/vudinhso/RMIT_Bot/lesson6_ws/install/rmitbot_description/share/rmitbot_description/launch
[0.516s] -- Up-to-date: /home/vudinhso/RMIT_Bot/lesson6_ws/install/rmitbot_description/share/rmitbot_description/launch/gazebo.launch.py
[0.516s] -- Up-to-date: /home/vudinhso/RMIT_Bot/lesson6_ws/install/rmitbot_description/share/rmitbot_description/launch/display.launch.py
[0.516s] -- Up-to-date: /home/vudinhso/RMIT_Bot/lesson6_ws/install/rmitbot_description/share/rmitbot_description/rviz
[0.516s] -- Up-to-date: /home/vudinhso/RMIT_Bot/lesson6_ws/install/rmitbot_description/share/rmitbot_description/rviz/display.rviz
[0.517s] -- Up-to-date: /home/vudinhso/RMIT_Bot/lesson6_ws/install/rmitbot_description/share/ament_index/resource_index/package_run_dependencies/rmitbot_description
[0.517s] -- Up-to-date: /home/vudinhso/RMIT_Bot/lesson6_ws/install/rmitbot_description/share/ament_index/resource_index/parent_prefix_path/rmitbot_description
[0.529s] -- Up-to-date: /home/vudinhso/RMIT_Bot/lesson6_ws/install/rmitbot_description/share/rmitbot_description/environment/ament_prefix_path.sh
[0.529s] -- Up-to-date: /home/vudinhso/RMIT_Bot/lesson6_ws/install/rmitbot_description/share/rmitbot_description/environment/ament_prefix_path.dsv
[0.529s] -- Up-to-date: /home/vudinhso/RMIT_Bot/lesson6_ws/install/rmitbot_description/share/rmitbot_description/environment/path.sh
[0.530s] -- Up-to-date: /home/vudinhso/RMIT_Bot/lesson6_ws/install/rmitbot_description/share/rmitbot_description/environment/path.dsv
[0.530s] -- Up-to-date: /home/vudinhso/RMIT_Bot/lesson6_ws/install/rmitbot_description/share/rmitbot_description/local_setup.bash
[0.530s] -- Up-to-date: /home/vudinhso/RMIT_Bot/lesson6_ws/install/rmitbot_description/share/rmitbot_description/local_setup.sh
[0.530s] -- Up-to-date: /home/vudinhso/RMIT_Bot/lesson6_ws/install/rmitbot_description/share/rmitbot_description/local_setup.zsh
[0.530s] -- Up-to-date: /home/vudinhso/RMIT_Bot/lesson6_ws/install/rmitbot_description/share/rmitbot_description/local_setup.dsv
[0.531s] -- Installing: /home/vudinhso/RMIT_Bot/lesson6_ws/install/rmitbot_description/share/rmitbot_description/package.dsv
[0.531s] -- Up-to-date: /home/vudinhso/RMIT_Bot/lesson6_ws/install/rmitbot_description/share/ament_index/resource_index/packages/rmitbot_description
[0.537s] -- Up-to-date: /home/vudinhso/RMIT_Bot/lesson6_ws/install/rmitbot_description/share/rmitbot_description/cmake/rmitbot_descriptionConfig.cmake
[0.538s] -- Up-to-date: /home/vudinhso/RMIT_Bot/lesson6_ws/install/rmitbot_description/share/rmitbot_description/cmake/rmitbot_descriptionConfig-version.cmake
[0.538s] -- Up-to-date: /home/vudinhso/RMIT_Bot/lesson6_ws/install/rmitbot_description/share/rmitbot_description/package.xml
[0.903s] Invoked command in '/home/vudinhso/RMIT_Bot/lesson6_ws/build/rmitbot_description' returned '0': CMAKE_PREFIX_PATH=${CMAKE_PREFIX_PATH}:/opt/ros/jazzy DEBUGINFOD_URLS=https://debuginfod.ubuntu.com /usr/bin/cmake --install /home/vudinhso/RMIT_Bot/lesson6_ws/build/rmitbot_description
