[0.039s] Invoking command in '/home/vudinhso/rmitbot_eeet2610_ws/lesson6_ws/build/rmitbot_controller': CMAKE_PREFIX_PATH=${CMAKE_PREFIX_PATH}:/opt/ros/jazzy DEBUGINFOD_URLS=https://debuginfod.ubuntu.com /usr/bin/cmake --build /home/vudinhso/rmitbot_eeet2610_ws/lesson6_ws/build/rmitbot_controller -- -j4 -l4
[0.148s] Invoked command in '/home/vudinhso/rmitbot_eeet2610_ws/lesson6_ws/build/rmitbot_controller' returned '0': CMAKE_PREFIX_PATH=${CMAKE_PREFIX_PATH}:/opt/ros/jazzy DEBUGINFOD_URLS=https://debuginfod.ubuntu.com /usr/bin/cmake --build /home/vudinhso/rmitbot_eeet2610_ws/lesson6_ws/build/rmitbot_controller -- -j4 -l4
[0.150s] Invoking command in '/home/vudinhso/rmitbot_eeet2610_ws/lesson6_ws/build/rmitbot_controller': CMAKE_PREFIX_PATH=${CMAKE_PREFIX_PATH}:/opt/ros/jazzy DEBUGINFOD_URLS=https://debuginfod.ubuntu.com /usr/bin/cmake --install /home/vudinhso/rmitbot_eeet2610_ws/lesson6_ws/build/rmitbot_controller
[0.163s] -- Install configuration: ""
[0.163s] -- Up-to-date: /home/vudinhso/rmitbot_eeet2610_ws/lesson6_ws/install/rmitbot_controller/share/rmitbot_controller/launch
[0.164s] -- Up-to-date: /home/vudinhso/rmitbot_eeet2610_ws/lesson6_ws/install/rmitbot_controller/share/rmitbot_controller/launch/controller.launch.py
[0.164s] -- Up-to-date: /home/vudinhso/rmitbot_eeet2610_ws/lesson6_ws/install/rmitbot_controller/share/rmitbot_controller/launch/teleopkeyboard.launch.py
[0.164s] -- Up-to-date: /home/vudinhso/rmitbot_eeet2610_ws/lesson6_ws/install/rmitbot_controller/share/rmitbot_controller/config
[0.164s] -- Up-to-date: /home/vudinhso/rmitbot_eeet2610_ws/lesson6_ws/install/rmitbot_controller/share/rmitbot_controller/config/rmitbot_controller.yaml
[0.164s] -- Up-to-date: /home/vudinhso/rmitbot_eeet2610_ws/lesson6_ws/install/rmitbot_controller/share/ament_index/resource_index/package_run_dependencies/rmitbot_controller
[0.164s] -- Up-to-date: /home/vudinhso/rmitbot_eeet2610_ws/lesson6_ws/install/rmitbot_controller/share/ament_index/resource_index/parent_prefix_path/rmitbot_controller
[0.164s] -- Up-to-date: /home/vudinhso/rmitbot_eeet2610_ws/lesson6_ws/install/rmitbot_controller/share/rmitbot_controller/environment/ament_prefix_path.sh
[0.165s] -- Up-to-date: /home/vudinhso/rmitbot_eeet2610_ws/lesson6_ws/install/rmitbot_controller/share/rmitbot_controller/environment/ament_prefix_path.dsv
[0.165s] -- Up-to-date: /home/vudinhso/rmitbot_eeet2610_ws/lesson6_ws/install/rmitbot_controller/share/rmitbot_controller/environment/path.sh
[0.165s] -- Up-to-date: /home/vudinhso/rmitbot_eeet2610_ws/lesson6_ws/install/rmitbot_controller/share/rmitbot_controller/environment/path.dsv
[0.165s] -- Up-to-date: /home/vudinhso/rmitbot_eeet2610_ws/lesson6_ws/install/rmitbot_controller/share/rmitbot_controller/local_setup.bash
[0.165s] -- Up-to-date: /home/vudinhso/rmitbot_eeet2610_ws/lesson6_ws/install/rmitbot_controller/share/rmitbot_controller/local_setup.sh
[0.165s] -- Up-to-date: /home/vudinhso/rmitbot_eeet2610_ws/lesson6_ws/install/rmitbot_controller/share/rmitbot_controller/local_setup.zsh
[0.165s] -- Up-to-date: /home/vudinhso/rmitbot_eeet2610_ws/lesson6_ws/install/rmitbot_controller/share/rmitbot_controller/local_setup.dsv
[0.165s] -- Installing: /home/vudinhso/rmitbot_eeet2610_ws/lesson6_ws/install/rmitbot_controller/share/rmitbot_controller/package.dsv
[0.165s] -- Up-to-date: /home/vudinhso/rmitbot_eeet2610_ws/lesson6_ws/install/rmitbot_controller/share/ament_index/resource_index/packages/rmitbot_controller
[0.166s] -- Up-to-date: /home/vudinhso/rmitbot_eeet2610_ws/lesson6_ws/install/rmitbot_controller/share/rmitbot_controller/cmake/rmitbot_controllerConfig.cmake
[0.166s] -- Up-to-date: /home/vudinhso/rmitbot_eeet2610_ws/lesson6_ws/install/rmitbot_controller/share/rmitbot_controller/cmake/rmitbot_controllerConfig-version.cmake
[0.169s] -- Up-to-date: /home/vudinhso/rmitbot_eeet2610_ws/lesson6_ws/install/rmitbot_controller/share/rmitbot_controller/package.xml
[0.233s] Invoked command in '/home/vudinhso/rmitbot_eeet2610_ws/lesson6_ws/build/rmitbot_controller' returned '0': CMAKE_PREFIX_PATH=${CMAKE_PREFIX_PATH}:/opt/ros/jazzy DEBUGINFOD_URLS=https://debuginfod.ubuntu.com /usr/bin/cmake --install /home/vudinhso/rmitbot_eeet2610_ws/lesson6_ws/build/rmitbot_controller
