[0.038s] Invoking command in '/home/ngan/Documents/test_github/lesson6_ws/build/rmitbot_firmware': CMAKE_PREFIX_PATH=${CMAKE_PREFIX_PATH}:/opt/ros/jazzy DEBUGINFOD_URLS=https://debuginfod.ubuntu.com /usr/bin/cmake --build /home/ngan/Documents/test_github/lesson6_ws/build/rmitbot_firmware -- -j4 -l4
[0.301s] [100%] Built target rmitbot_firmware
[0.364s] Invoked command in '/home/ngan/Documents/test_github/lesson6_ws/build/rmitbot_firmware' returned '0': CMAKE_PREFIX_PATH=${CMAKE_PREFIX_PATH}:/opt/ros/jazzy DEBUGINFOD_URLS=https://debuginfod.ubuntu.com /usr/bin/cmake --build /home/ngan/Documents/test_github/lesson6_ws/build/rmitbot_firmware -- -j4 -l4
[0.365s] Invoking command in '/home/ngan/Documents/test_github/lesson6_ws/build/rmitbot_firmware': CMAKE_PREFIX_PATH=${CMAKE_PREFIX_PATH}:/opt/ros/jazzy DEBUGINFOD_URLS=https://debuginfod.ubuntu.com /usr/bin/cmake --install /home/ngan/Documents/test_github/lesson6_ws/build/rmitbot_firmware
[0.393s] -- Install configuration: ""
[0.393s] -- Up-to-date: /home/ngan/Documents/test_github/lesson6_ws/install/rmitbot_firmware/share/rmitbot_firmware/rmitbot_interface.xml
[0.400s] -- Up-to-date: /home/ngan/Documents/test_github/lesson6_ws/install/rmitbot_firmware/lib/librmitbot_firmware.so
[0.402s] -- Up-to-date: /home/ngan/Documents/test_github/lesson6_ws/install/rmitbot_firmware/include
[0.402s] -- Up-to-date: /home/ngan/Documents/test_github/lesson6_ws/install/rmitbot_firmware/include/rmitbot_firmware
[0.402s] -- Up-to-date: /home/ngan/Documents/test_github/lesson6_ws/install/rmitbot_firmware/include/rmitbot_firmware/rmitbot_interface.hpp
[0.402s] -- Up-to-date: /home/ngan/Documents/test_github/lesson6_ws/install/rmitbot_firmware/share/rmitbot_firmware/launch
[0.402s] -- Up-to-date: /home/ngan/Documents/test_github/lesson6_ws/install/rmitbot_firmware/share/rmitbot_firmware/launch/hardware_interface.launch.py
[0.402s] -- Up-to-date: /home/ngan/Documents/test_github/lesson6_ws/install/rmitbot_firmware/share/rmitbot_firmware/environment/library_path.sh
[0.405s] -- Up-to-date: /home/ngan/Documents/test_github/lesson6_ws/install/rmitbot_firmware/share/rmitbot_firmware/environment/library_path.dsv
[0.409s] -- Up-to-date: /home/ngan/Documents/test_github/lesson6_ws/install/rmitbot_firmware/share/ament_index/resource_index/package_run_dependencies/rmitbot_firmware
[0.410s] -- Up-to-date: /home/ngan/Documents/test_github/lesson6_ws/install/rmitbot_firmware/share/ament_index/resource_index/parent_prefix_path/rmitbot_firmware
[0.413s] -- Up-to-date: /home/ngan/Documents/test_github/lesson6_ws/install/rmitbot_firmware/share/rmitbot_firmware/environment/ament_prefix_path.sh
[0.413s] -- Up-to-date: /home/ngan/Documents/test_github/lesson6_ws/install/rmitbot_firmware/share/rmitbot_firmware/environment/ament_prefix_path.dsv
[0.413s] -- Up-to-date: /home/ngan/Documents/test_github/lesson6_ws/install/rmitbot_firmware/share/rmitbot_firmware/environment/path.sh
[0.416s] -- Up-to-date: /home/ngan/Documents/test_github/lesson6_ws/install/rmitbot_firmware/share/rmitbot_firmware/environment/path.dsv
[0.416s] -- Up-to-date: /home/ngan/Documents/test_github/lesson6_ws/install/rmitbot_firmware/share/rmitbot_firmware/local_setup.bash
[0.417s] -- Up-to-date: /home/ngan/Documents/test_github/lesson6_ws/install/rmitbot_firmware/share/rmitbot_firmware/local_setup.sh
[0.417s] -- Up-to-date: /home/ngan/Documents/test_github/lesson6_ws/install/rmitbot_firmware/share/rmitbot_firmware/local_setup.zsh
[0.427s] -- Up-to-date: /home/ngan/Documents/test_github/lesson6_ws/install/rmitbot_firmware/share/rmitbot_firmware/local_setup.dsv
[0.428s] -- Installing: /home/ngan/Documents/test_github/lesson6_ws/install/rmitbot_firmware/share/rmitbot_firmware/package.dsv
[0.433s] -- Up-to-date: /home/ngan/Documents/test_github/lesson6_ws/install/rmitbot_firmware/share/ament_index/resource_index/packages/rmitbot_firmware
[0.433s] -- Up-to-date: /home/ngan/Documents/test_github/lesson6_ws/install/rmitbot_firmware/share/ament_index/resource_index/hardware_interface__pluginlib__plugin/rmitbot_firmware
[0.434s] -- Up-to-date: /home/ngan/Documents/test_github/lesson6_ws/install/rmitbot_firmware/share/rmitbot_firmware/cmake/ament_cmake_export_include_directories-extras.cmake
[0.434s] -- Up-to-date: /home/ngan/Documents/test_github/lesson6_ws/install/rmitbot_firmware/share/rmitbot_firmware/cmake/ament_cmake_export_libraries-extras.cmake
[0.434s] -- Up-to-date: /home/ngan/Documents/test_github/lesson6_ws/install/rmitbot_firmware/share/rmitbot_firmware/cmake/ament_cmake_export_dependencies-extras.cmake
[0.434s] -- Up-to-date: /home/ngan/Documents/test_github/lesson6_ws/install/rmitbot_firmware/share/rmitbot_firmware/cmake/rmitbot_firmwareConfig.cmake
[0.434s] -- Up-to-date: /home/ngan/Documents/test_github/lesson6_ws/install/rmitbot_firmware/share/rmitbot_firmware/cmake/rmitbot_firmwareConfig-version.cmake
[0.435s] -- Up-to-date: /home/ngan/Documents/test_github/lesson6_ws/install/rmitbot_firmware/share/rmitbot_firmware/package.xml
[0.435s] Invoked command in '/home/ngan/Documents/test_github/lesson6_ws/build/rmitbot_firmware' returned '0': CMAKE_PREFIX_PATH=${CMAKE_PREFIX_PATH}:/opt/ros/jazzy DEBUGINFOD_URLS=https://debuginfod.ubuntu.com /usr/bin/cmake --install /home/ngan/Documents/test_github/lesson6_ws/build/rmitbot_firmware
