[0.114s] DEBUG:colcon:Command line arguments: ['/usr/bin/colcon', 'build']
[0.114s] DEBUG:colcon:Parsed command line arguments: Namespace(log_base=None, log_level=None, verb_name='build', build_base='build', install_base='install', merge_install=False, symlink_install=False, test_result_base=None, continue_on_error=False, executor='parallel', parallel_workers=4, event_handlers=None, ignore_user_meta=False, metas=['./colcon.meta'], base_paths=['.'], packages_ignore=None, packages_ignore_regex=None, paths=None, packages_up_to=None, packages_up_to_regex=None, packages_above=None, packages_above_and_dependencies=None, packages_above_depth=None, packages_select_by_dep=None, packages_skip_by_dep=None, packages_skip_up_to=None, packages_select_build_failed=False, packages_skip_build_finished=False, packages_select_test_failures=False, packages_skip_test_passed=False, packages_select=None, packages_skip=None, packages_select_regex=None, packages_skip_regex=None, packages_start=None, packages_end=None, allow_overriding=[], cmake_args=None, cmake_target=None, cmake_target_skip_unavailable=False, cmake_clean_cache=False, cmake_clean_first=False, cmake_force_configure=False, ament_cmake_args=None, catkin_cmake_args=None, catkin_skip_building_tests=False, mixin_files=None, mixin=None, verb_parser=<colcon_mixin.mixin.mixin_argument.MixinArgumentDecorator object at 0x7f5aa3d39100>, verb_extension=<colcon_core.verb.build.BuildVerb object at 0x7f5aa3d38e90>, main=<bound method BuildVerb.main of <colcon_core.verb.build.BuildVerb object at 0x7f5aa3d38e90>>, mixin_verb=('build',))
[0.154s] Level 1:colcon.colcon_core.package_discovery:discover_packages(colcon_meta) check parameters
[0.154s] Level 1:colcon.colcon_core.package_discovery:discover_packages(recursive) check parameters
[0.154s] Level 1:colcon.colcon_core.package_discovery:discover_packages(ignore) check parameters
[0.154s] Level 1:colcon.colcon_core.package_discovery:discover_packages(path) check parameters
[0.154s] Level 1:colcon.colcon_core.package_discovery:discover_packages(colcon_meta) discover
[0.155s] Level 1:colcon.colcon_core.package_discovery:discover_packages(recursive) discover
[0.155s] INFO:colcon.colcon_core.package_discovery:Crawling recursively for packages in '/home/vudinhso/rmitbot_eeet2610_ws/lesson6_ws'
[0.155s] Level 1:colcon.colcon_core.package_identification:_identify(.) by extensions ['ignore', 'ignore_ament_install']
[0.155s] Level 1:colcon.colcon_core.package_identification:_identify(.) by extension 'ignore'
[0.156s] Level 1:colcon.colcon_core.package_identification:_identify(.) by extension 'ignore_ament_install'
[0.156s] Level 1:colcon.colcon_core.package_identification:_identify(.) by extensions ['colcon_pkg']
[0.156s] Level 1:colcon.colcon_core.package_identification:_identify(.) by extension 'colcon_pkg'
[0.156s] Level 1:colcon.colcon_core.package_identification:_identify(.) by extensions ['colcon_meta']
[0.156s] Level 1:colcon.colcon_core.package_identification:_identify(.) by extension 'colcon_meta'
[0.156s] Level 1:colcon.colcon_core.package_identification:_identify(.) by extensions ['ros']
[0.156s] Level 1:colcon.colcon_core.package_identification:_identify(.) by extension 'ros'
[0.184s] Level 1:colcon.colcon_core.package_identification:_identify(.) by extensions ['cmake', 'python']
[0.184s] Level 1:colcon.colcon_core.package_identification:_identify(.) by extension 'cmake'
[0.184s] Level 1:colcon.colcon_core.package_identification:_identify(.) by extension 'python'
[0.184s] Level 1:colcon.colcon_core.package_identification:_identify(.) by extensions ['python_setup_py']
[0.184s] Level 1:colcon.colcon_core.package_identification:_identify(.) by extension 'python_setup_py'
[0.184s] Level 1:colcon.colcon_core.package_identification:_identify(build) by extensions ['ignore', 'ignore_ament_install']
[0.184s] Level 1:colcon.colcon_core.package_identification:_identify(build) by extension 'ignore'
[0.185s] Level 1:colcon.colcon_core.package_identification:_identify(build) ignored
[0.185s] Level 1:colcon.colcon_core.package_identification:_identify(install) by extensions ['ignore', 'ignore_ament_install']
[0.185s] Level 1:colcon.colcon_core.package_identification:_identify(install) by extension 'ignore'
[0.185s] Level 1:colcon.colcon_core.package_identification:_identify(install) ignored
[0.185s] Level 1:colcon.colcon_core.package_identification:_identify(log) by extensions ['ignore', 'ignore_ament_install']
[0.185s] Level 1:colcon.colcon_core.package_identification:_identify(log) by extension 'ignore'
[0.185s] Level 1:colcon.colcon_core.package_identification:_identify(log) ignored
[0.185s] Level 1:colcon.colcon_core.package_identification:_identify(src) by extensions ['ignore', 'ignore_ament_install']
[0.185s] Level 1:colcon.colcon_core.package_identification:_identify(src) by extension 'ignore'
[0.185s] Level 1:colcon.colcon_core.package_identification:_identify(src) by extension 'ignore_ament_install'
[0.185s] Level 1:colcon.colcon_core.package_identification:_identify(src) by extensions ['colcon_pkg']
[0.185s] Level 1:colcon.colcon_core.package_identification:_identify(src) by extension 'colcon_pkg'
[0.185s] Level 1:colcon.colcon_core.package_identification:_identify(src) by extensions ['colcon_meta']
[0.185s] Level 1:colcon.colcon_core.package_identification:_identify(src) by extension 'colcon_meta'
[0.185s] Level 1:colcon.colcon_core.package_identification:_identify(src) by extensions ['ros']
[0.185s] Level 1:colcon.colcon_core.package_identification:_identify(src) by extension 'ros'
[0.185s] Level 1:colcon.colcon_core.package_identification:_identify(src) by extensions ['cmake', 'python']
[0.185s] Level 1:colcon.colcon_core.package_identification:_identify(src) by extension 'cmake'
[0.185s] Level 1:colcon.colcon_core.package_identification:_identify(src) by extension 'python'
[0.185s] Level 1:colcon.colcon_core.package_identification:_identify(src) by extensions ['python_setup_py']
[0.185s] Level 1:colcon.colcon_core.package_identification:_identify(src) by extension 'python_setup_py'
[0.186s] Level 1:colcon.colcon_core.package_identification:_identify(src/rmitbot_bringup) by extensions ['ignore', 'ignore_ament_install']
[0.186s] Level 1:colcon.colcon_core.package_identification:_identify(src/rmitbot_bringup) by extension 'ignore'
[0.186s] Level 1:colcon.colcon_core.package_identification:_identify(src/rmitbot_bringup) by extension 'ignore_ament_install'
[0.186s] Level 1:colcon.colcon_core.package_identification:_identify(src/rmitbot_bringup) by extensions ['colcon_pkg']
[0.186s] Level 1:colcon.colcon_core.package_identification:_identify(src/rmitbot_bringup) by extension 'colcon_pkg'
[0.186s] Level 1:colcon.colcon_core.package_identification:_identify(src/rmitbot_bringup) by extensions ['colcon_meta']
[0.186s] Level 1:colcon.colcon_core.package_identification:_identify(src/rmitbot_bringup) by extension 'colcon_meta'
[0.186s] Level 1:colcon.colcon_core.package_identification:_identify(src/rmitbot_bringup) by extensions ['ros']
[0.186s] Level 1:colcon.colcon_core.package_identification:_identify(src/rmitbot_bringup) by extension 'ros'
[0.189s] DEBUG:colcon.colcon_core.package_identification:Package 'src/rmitbot_bringup' with type 'ros.ament_cmake' and name 'rmitbot_bringup'
[0.189s] Level 1:colcon.colcon_core.package_identification:_identify(src/rmitbot_controller) by extensions ['ignore', 'ignore_ament_install']
[0.189s] Level 1:colcon.colcon_core.package_identification:_identify(src/rmitbot_controller) by extension 'ignore'
[0.189s] Level 1:colcon.colcon_core.package_identification:_identify(src/rmitbot_controller) by extension 'ignore_ament_install'
[0.189s] Level 1:colcon.colcon_core.package_identification:_identify(src/rmitbot_controller) by extensions ['colcon_pkg']
[0.189s] Level 1:colcon.colcon_core.package_identification:_identify(src/rmitbot_controller) by extension 'colcon_pkg'
[0.189s] Level 1:colcon.colcon_core.package_identification:_identify(src/rmitbot_controller) by extensions ['colcon_meta']
[0.189s] Level 1:colcon.colcon_core.package_identification:_identify(src/rmitbot_controller) by extension 'colcon_meta'
[0.189s] Level 1:colcon.colcon_core.package_identification:_identify(src/rmitbot_controller) by extensions ['ros']
[0.189s] Level 1:colcon.colcon_core.package_identification:_identify(src/rmitbot_controller) by extension 'ros'
[0.190s] DEBUG:colcon.colcon_core.package_identification:Package 'src/rmitbot_controller' with type 'ros.ament_cmake' and name 'rmitbot_controller'
[0.190s] Level 1:colcon.colcon_core.package_identification:_identify(src/rmitbot_description) by extensions ['ignore', 'ignore_ament_install']
[0.190s] Level 1:colcon.colcon_core.package_identification:_identify(src/rmitbot_description) by extension 'ignore'
[0.190s] Level 1:colcon.colcon_core.package_identification:_identify(src/rmitbot_description) by extension 'ignore_ament_install'
[0.190s] Level 1:colcon.colcon_core.package_identification:_identify(src/rmitbot_description) by extensions ['colcon_pkg']
[0.190s] Level 1:colcon.colcon_core.package_identification:_identify(src/rmitbot_description) by extension 'colcon_pkg'
[0.190s] Level 1:colcon.colcon_core.package_identification:_identify(src/rmitbot_description) by extensions ['colcon_meta']
[0.191s] Level 1:colcon.colcon_core.package_identification:_identify(src/rmitbot_description) by extension 'colcon_meta'
[0.191s] Level 1:colcon.colcon_core.package_identification:_identify(src/rmitbot_description) by extensions ['ros']
[0.191s] Level 1:colcon.colcon_core.package_identification:_identify(src/rmitbot_description) by extension 'ros'
[0.191s] DEBUG:colcon.colcon_core.package_identification:Package 'src/rmitbot_description' with type 'ros.ament_cmake' and name 'rmitbot_description'
[0.191s] Level 1:colcon.colcon_core.package_identification:_identify(src/rmitbot_firmware) by extensions ['ignore', 'ignore_ament_install']
[0.191s] Level 1:colcon.colcon_core.package_identification:_identify(src/rmitbot_firmware) by extension 'ignore'
[0.191s] Level 1:colcon.colcon_core.package_identification:_identify(src/rmitbot_firmware) by extension 'ignore_ament_install'
[0.192s] Level 1:colcon.colcon_core.package_identification:_identify(src/rmitbot_firmware) by extensions ['colcon_pkg']
[0.192s] Level 1:colcon.colcon_core.package_identification:_identify(src/rmitbot_firmware) by extension 'colcon_pkg'
[0.192s] Level 1:colcon.colcon_core.package_identification:_identify(src/rmitbot_firmware) by extensions ['colcon_meta']
[0.192s] Level 1:colcon.colcon_core.package_identification:_identify(src/rmitbot_firmware) by extension 'colcon_meta'
[0.192s] Level 1:colcon.colcon_core.package_identification:_identify(src/rmitbot_firmware) by extensions ['ros']
[0.192s] Level 1:colcon.colcon_core.package_identification:_identify(src/rmitbot_firmware) by extension 'ros'
[0.193s] DEBUG:colcon.colcon_core.package_identification:Package 'src/rmitbot_firmware' with type 'ros.ament_cmake' and name 'rmitbot_firmware'
[0.193s] Level 1:colcon.colcon_core.package_identification:_identify(src/rmitbot_localization) by extensions ['ignore', 'ignore_ament_install']
[0.193s] Level 1:colcon.colcon_core.package_identification:_identify(src/rmitbot_localization) by extension 'ignore'
[0.193s] Level 1:colcon.colcon_core.package_identification:_identify(src/rmitbot_localization) by extension 'ignore_ament_install'
[0.193s] Level 1:colcon.colcon_core.package_identification:_identify(src/rmitbot_localization) by extensions ['colcon_pkg']
[0.193s] Level 1:colcon.colcon_core.package_identification:_identify(src/rmitbot_localization) by extension 'colcon_pkg'
[0.193s] Level 1:colcon.colcon_core.package_identification:_identify(src/rmitbot_localization) by extensions ['colcon_meta']
[0.193s] Level 1:colcon.colcon_core.package_identification:_identify(src/rmitbot_localization) by extension 'colcon_meta'
[0.193s] Level 1:colcon.colcon_core.package_identification:_identify(src/rmitbot_localization) by extensions ['ros']
[0.193s] Level 1:colcon.colcon_core.package_identification:_identify(src/rmitbot_localization) by extension 'ros'
[0.193s] DEBUG:colcon.colcon_core.package_identification:Package 'src/rmitbot_localization' with type 'ros.ament_cmake' and name 'rmitbot_localization'
[0.194s] Level 1:colcon.colcon_core.package_identification:_identify(src/rmitbot_mapping) by extensions ['ignore', 'ignore_ament_install']
[0.194s] Level 1:colcon.colcon_core.package_identification:_identify(src/rmitbot_mapping) by extension 'ignore'
[0.194s] Level 1:colcon.colcon_core.package_identification:_identify(src/rmitbot_mapping) by extension 'ignore_ament_install'
[0.194s] Level 1:colcon.colcon_core.package_identification:_identify(src/rmitbot_mapping) by extensions ['colcon_pkg']
[0.194s] Level 1:colcon.colcon_core.package_identification:_identify(src/rmitbot_mapping) by extension 'colcon_pkg'
[0.194s] Level 1:colcon.colcon_core.package_identification:_identify(src/rmitbot_mapping) by extensions ['colcon_meta']
[0.194s] Level 1:colcon.colcon_core.package_identification:_identify(src/rmitbot_mapping) by extension 'colcon_meta'
[0.194s] Level 1:colcon.colcon_core.package_identification:_identify(src/rmitbot_mapping) by extensions ['ros']
[0.194s] Level 1:colcon.colcon_core.package_identification:_identify(src/rmitbot_mapping) by extension 'ros'
[0.194s] DEBUG:colcon.colcon_core.package_identification:Package 'src/rmitbot_mapping' with type 'ros.ament_cmake' and name 'rmitbot_mapping'
[0.194s] Level 1:colcon.colcon_core.package_discovery:discover_packages(recursive) using defaults
[0.194s] Level 1:colcon.colcon_core.package_discovery:discover_packages(ignore) discover
[0.194s] Level 1:colcon.colcon_core.package_discovery:discover_packages(ignore) using defaults
[0.194s] Level 1:colcon.colcon_core.package_discovery:discover_packages(path) discover
[0.194s] Level 1:colcon.colcon_core.package_discovery:discover_packages(path) using defaults
[0.212s] Level 1:colcon.colcon_core.package_discovery:discover_packages(prefix_path) check parameters
[0.212s] Level 1:colcon.colcon_core.package_discovery:discover_packages(prefix_path) discover
[0.214s] DEBUG:colcon.colcon_installed_package_information.package_discovery:Found 6 installed packages in /home/vudinhso/rmitbot_eeet2610_ws/lesson6_ws/install
[0.216s] DEBUG:colcon.colcon_installed_package_information.package_discovery:Found 445 installed packages in /opt/ros/jazzy
[0.218s] Level 1:colcon.colcon_core.package_discovery:discover_packages(prefix_path) using defaults
[0.274s] Level 5:colcon.colcon_core.verb:set package 'rmitbot_bringup' build argument 'cmake_args' from command line to 'None'
[0.274s] Level 5:colcon.colcon_core.verb:set package 'rmitbot_bringup' build argument 'cmake_target' from command line to 'None'
[0.274s] Level 5:colcon.colcon_core.verb:set package 'rmitbot_bringup' build argument 'cmake_target_skip_unavailable' from command line to 'False'
[0.274s] Level 5:colcon.colcon_core.verb:set package 'rmitbot_bringup' build argument 'cmake_clean_cache' from command line to 'False'
[0.274s] Level 5:colcon.colcon_core.verb:set package 'rmitbot_bringup' build argument 'cmake_clean_first' from command line to 'False'
[0.274s] Level 5:colcon.colcon_core.verb:set package 'rmitbot_bringup' build argument 'cmake_force_configure' from command line to 'False'
[0.274s] Level 5:colcon.colcon_core.verb:set package 'rmitbot_bringup' build argument 'ament_cmake_args' from command line to 'None'
[0.274s] Level 5:colcon.colcon_core.verb:set package 'rmitbot_bringup' build argument 'catkin_cmake_args' from command line to 'None'
[0.274s] Level 5:colcon.colcon_core.verb:set package 'rmitbot_bringup' build argument 'catkin_skip_building_tests' from command line to 'False'
[0.274s] DEBUG:colcon.colcon_core.verb:Building package 'rmitbot_bringup' with the following arguments: {'ament_cmake_args': None, 'build_base': '/home/vudinhso/rmitbot_eeet2610_ws/lesson6_ws/build/rmitbot_bringup', 'catkin_cmake_args': None, 'catkin_skip_building_tests': False, 'cmake_args': None, 'cmake_clean_cache': False, 'cmake_clean_first': False, 'cmake_force_configure': False, 'cmake_target': None, 'cmake_target_skip_unavailable': False, 'install_base': '/home/vudinhso/rmitbot_eeet2610_ws/lesson6_ws/install/rmitbot_bringup', 'merge_install': False, 'path': '/home/vudinhso/rmitbot_eeet2610_ws/lesson6_ws/src/rmitbot_bringup', 'symlink_install': False, 'test_result_base': None}
[0.274s] Level 5:colcon.colcon_core.verb:set package 'rmitbot_controller' build argument 'cmake_args' from command line to 'None'
[0.274s] Level 5:colcon.colcon_core.verb:set package 'rmitbot_controller' build argument 'cmake_target' from command line to 'None'
[0.274s] Level 5:colcon.colcon_core.verb:set package 'rmitbot_controller' build argument 'cmake_target_skip_unavailable' from command line to 'False'
[0.274s] Level 5:colcon.colcon_core.verb:set package 'rmitbot_controller' build argument 'cmake_clean_cache' from command line to 'False'
[0.274s] Level 5:colcon.colcon_core.verb:set package 'rmitbot_controller' build argument 'cmake_clean_first' from command line to 'False'
[0.275s] Level 5:colcon.colcon_core.verb:set package 'rmitbot_controller' build argument 'cmake_force_configure' from command line to 'False'
[0.275s] Level 5:colcon.colcon_core.verb:set package 'rmitbot_controller' build argument 'ament_cmake_args' from command line to 'None'
[0.275s] Level 5:colcon.colcon_core.verb:set package 'rmitbot_controller' build argument 'catkin_cmake_args' from command line to 'None'
[0.275s] Level 5:colcon.colcon_core.verb:set package 'rmitbot_controller' build argument 'catkin_skip_building_tests' from command line to 'False'
[0.275s] DEBUG:colcon.colcon_core.verb:Building package 'rmitbot_controller' with the following arguments: {'ament_cmake_args': None, 'build_base': '/home/vudinhso/rmitbot_eeet2610_ws/lesson6_ws/build/rmitbot_controller', 'catkin_cmake_args': None, 'catkin_skip_building_tests': False, 'cmake_args': None, 'cmake_clean_cache': False, 'cmake_clean_first': False, 'cmake_force_configure': False, 'cmake_target': None, 'cmake_target_skip_unavailable': False, 'install_base': '/home/vudinhso/rmitbot_eeet2610_ws/lesson6_ws/install/rmitbot_controller', 'merge_install': False, 'path': '/home/vudinhso/rmitbot_eeet2610_ws/lesson6_ws/src/rmitbot_controller', 'symlink_install': False, 'test_result_base': None}
[0.275s] Level 5:colcon.colcon_core.verb:set package 'rmitbot_description' build argument 'cmake_args' from command line to 'None'
[0.275s] Level 5:colcon.colcon_core.verb:set package 'rmitbot_description' build argument 'cmake_target' from command line to 'None'
[0.275s] Level 5:colcon.colcon_core.verb:set package 'rmitbot_description' build argument 'cmake_target_skip_unavailable' from command line to 'False'
[0.275s] Level 5:colcon.colcon_core.verb:set package 'rmitbot_description' build argument 'cmake_clean_cache' from command line to 'False'
[0.275s] Level 5:colcon.colcon_core.verb:set package 'rmitbot_description' build argument 'cmake_clean_first' from command line to 'False'
[0.275s] Level 5:colcon.colcon_core.verb:set package 'rmitbot_description' build argument 'cmake_force_configure' from command line to 'False'
[0.275s] Level 5:colcon.colcon_core.verb:set package 'rmitbot_description' build argument 'ament_cmake_args' from command line to 'None'
[0.275s] Level 5:colcon.colcon_core.verb:set package 'rmitbot_description' build argument 'catkin_cmake_args' from command line to 'None'
[0.275s] Level 5:colcon.colcon_core.verb:set package 'rmitbot_description' build argument 'catkin_skip_building_tests' from command line to 'False'
[0.275s] DEBUG:colcon.colcon_core.verb:Building package 'rmitbot_description' with the following arguments: {'ament_cmake_args': None, 'build_base': '/home/vudinhso/rmitbot_eeet2610_ws/lesson6_ws/build/rmitbot_description', 'catkin_cmake_args': None, 'catkin_skip_building_tests': False, 'cmake_args': None, 'cmake_clean_cache': False, 'cmake_clean_first': False, 'cmake_force_configure': False, 'cmake_target': None, 'cmake_target_skip_unavailable': False, 'install_base': '/home/vudinhso/rmitbot_eeet2610_ws/lesson6_ws/install/rmitbot_description', 'merge_install': False, 'path': '/home/vudinhso/rmitbot_eeet2610_ws/lesson6_ws/src/rmitbot_description', 'symlink_install': False, 'test_result_base': None}
[0.275s] Level 5:colcon.colcon_core.verb:set package 'rmitbot_firmware' build argument 'cmake_args' from command line to 'None'
[0.275s] Level 5:colcon.colcon_core.verb:set package 'rmitbot_firmware' build argument 'cmake_target' from command line to 'None'
[0.275s] Level 5:colcon.colcon_core.verb:set package 'rmitbot_firmware' build argument 'cmake_target_skip_unavailable' from command line to 'False'
[0.275s] Level 5:colcon.colcon_core.verb:set package 'rmitbot_firmware' build argument 'cmake_clean_cache' from command line to 'False'
[0.275s] Level 5:colcon.colcon_core.verb:set package 'rmitbot_firmware' build argument 'cmake_clean_first' from command line to 'False'
[0.275s] Level 5:colcon.colcon_core.verb:set package 'rmitbot_firmware' build argument 'cmake_force_configure' from command line to 'False'
[0.275s] Level 5:colcon.colcon_core.verb:set package 'rmitbot_firmware' build argument 'ament_cmake_args' from command line to 'None'
[0.275s] Level 5:colcon.colcon_core.verb:set package 'rmitbot_firmware' build argument 'catkin_cmake_args' from command line to 'None'
[0.275s] Level 5:colcon.colcon_core.verb:set package 'rmitbot_firmware' build argument 'catkin_skip_building_tests' from command line to 'False'
[0.275s] DEBUG:colcon.colcon_core.verb:Building package 'rmitbot_firmware' with the following arguments: {'ament_cmake_args': None, 'build_base': '/home/vudinhso/rmitbot_eeet2610_ws/lesson6_ws/build/rmitbot_firmware', 'catkin_cmake_args': None, 'catkin_skip_building_tests': False, 'cmake_args': None, 'cmake_clean_cache': False, 'cmake_clean_first': False, 'cmake_force_configure': False, 'cmake_target': None, 'cmake_target_skip_unavailable': False, 'install_base': '/home/vudinhso/rmitbot_eeet2610_ws/lesson6_ws/install/rmitbot_firmware', 'merge_install': False, 'path': '/home/vudinhso/rmitbot_eeet2610_ws/lesson6_ws/src/rmitbot_firmware', 'symlink_install': False, 'test_result_base': None}
[0.276s] Level 5:colcon.colcon_core.verb:set package 'rmitbot_localization' build argument 'cmake_args' from command line to 'None'
[0.276s] Level 5:colcon.colcon_core.verb:set package 'rmitbot_localization' build argument 'cmake_target' from command line to 'None'
[0.276s] Level 5:colcon.colcon_core.verb:set package 'rmitbot_localization' build argument 'cmake_target_skip_unavailable' from command line to 'False'
[0.276s] Level 5:colcon.colcon_core.verb:set package 'rmitbot_localization' build argument 'cmake_clean_cache' from command line to 'False'
[0.276s] Level 5:colcon.colcon_core.verb:set package 'rmitbot_localization' build argument 'cmake_clean_first' from command line to 'False'
[0.276s] Level 5:colcon.colcon_core.verb:set package 'rmitbot_localization' build argument 'cmake_force_configure' from command line to 'False'
[0.276s] Level 5:colcon.colcon_core.verb:set package 'rmitbot_localization' build argument 'ament_cmake_args' from command line to 'None'
[0.276s] Level 5:colcon.colcon_core.verb:set package 'rmitbot_localization' build argument 'catkin_cmake_args' from command line to 'None'
[0.276s] Level 5:colcon.colcon_core.verb:set package 'rmitbot_localization' build argument 'catkin_skip_building_tests' from command line to 'False'
[0.276s] DEBUG:colcon.colcon_core.verb:Building package 'rmitbot_localization' with the following arguments: {'ament_cmake_args': None, 'build_base': '/home/vudinhso/rmitbot_eeet2610_ws/lesson6_ws/build/rmitbot_localization', 'catkin_cmake_args': None, 'catkin_skip_building_tests': False, 'cmake_args': None, 'cmake_clean_cache': False, 'cmake_clean_first': False, 'cmake_force_configure': False, 'cmake_target': None, 'cmake_target_skip_unavailable': False, 'install_base': '/home/vudinhso/rmitbot_eeet2610_ws/lesson6_ws/install/rmitbot_localization', 'merge_install': False, 'path': '/home/vudinhso/rmitbot_eeet2610_ws/lesson6_ws/src/rmitbot_localization', 'symlink_install': False, 'test_result_base': None}
[0.276s] Level 5:colcon.colcon_core.verb:set package 'rmitbot_mapping' build argument 'cmake_args' from command line to 'None'
[0.276s] Level 5:colcon.colcon_core.verb:set package 'rmitbot_mapping' build argument 'cmake_target' from command line to 'None'
[0.276s] Level 5:colcon.colcon_core.verb:set package 'rmitbot_mapping' build argument 'cmake_target_skip_unavailable' from command line to 'False'
[0.276s] Level 5:colcon.colcon_core.verb:set package 'rmitbot_mapping' build argument 'cmake_clean_cache' from command line to 'False'
[0.276s] Level 5:colcon.colcon_core.verb:set package 'rmitbot_mapping' build argument 'cmake_clean_first' from command line to 'False'
[0.276s] Level 5:colcon.colcon_core.verb:set package 'rmitbot_mapping' build argument 'cmake_force_configure' from command line to 'False'
[0.276s] Level 5:colcon.colcon_core.verb:set package 'rmitbot_mapping' build argument 'ament_cmake_args' from command line to 'None'
[0.276s] Level 5:colcon.colcon_core.verb:set package 'rmitbot_mapping' build argument 'catkin_cmake_args' from command line to 'None'
[0.276s] Level 5:colcon.colcon_core.verb:set package 'rmitbot_mapping' build argument 'catkin_skip_building_tests' from command line to 'False'
[0.276s] DEBUG:colcon.colcon_core.verb:Building package 'rmitbot_mapping' with the following arguments: {'ament_cmake_args': None, 'build_base': '/home/vudinhso/rmitbot_eeet2610_ws/lesson6_ws/build/rmitbot_mapping', 'catkin_cmake_args': None, 'catkin_skip_building_tests': False, 'cmake_args': None, 'cmake_clean_cache': False, 'cmake_clean_first': False, 'cmake_force_configure': False, 'cmake_target': None, 'cmake_target_skip_unavailable': False, 'install_base': '/home/vudinhso/rmitbot_eeet2610_ws/lesson6_ws/install/rmitbot_mapping', 'merge_install': False, 'path': '/home/vudinhso/rmitbot_eeet2610_ws/lesson6_ws/src/rmitbot_mapping', 'symlink_install': False, 'test_result_base': None}
[0.276s] INFO:colcon.colcon_core.executor:Executing jobs using 'parallel' executor
[0.277s] DEBUG:colcon.colcon_parallel_executor.executor.parallel:run_until_complete
[0.278s] INFO:colcon.colcon_ros.task.ament_cmake.build:Building ROS package in '/home/vudinhso/rmitbot_eeet2610_ws/lesson6_ws/src/rmitbot_bringup' with build type 'ament_cmake'
[0.278s] INFO:colcon.colcon_cmake.task.cmake.build:Building CMake package in '/home/vudinhso/rmitbot_eeet2610_ws/lesson6_ws/src/rmitbot_bringup'
[0.280s] INFO:colcon.colcon_core.plugin_system:Skipping extension 'colcon_core.shell.bat': Not used on non-Windows systems
[0.280s] INFO:colcon.colcon_core.shell:Skip shell extension 'powershell' for command environment: Not usable outside of PowerShell
[0.280s] DEBUG:colcon.colcon_core.shell:Skip shell extension 'dsv' for command environment
[0.286s] INFO:colcon.colcon_ros.task.ament_cmake.build:Building ROS package in '/home/vudinhso/rmitbot_eeet2610_ws/lesson6_ws/src/rmitbot_controller' with build type 'ament_cmake'
[0.286s] INFO:colcon.colcon_cmake.task.cmake.build:Building CMake package in '/home/vudinhso/rmitbot_eeet2610_ws/lesson6_ws/src/rmitbot_controller'
[0.286s] INFO:colcon.colcon_core.shell:Skip shell extension 'powershell' for command environment: Not usable outside of PowerShell
[0.286s] DEBUG:colcon.colcon_core.shell:Skip shell extension 'dsv' for command environment
[0.292s] INFO:colcon.colcon_ros.task.ament_cmake.build:Building ROS package in '/home/vudinhso/rmitbot_eeet2610_ws/lesson6_ws/src/rmitbot_description' with build type 'ament_cmake'
[0.292s] INFO:colcon.colcon_cmake.task.cmake.build:Building CMake package in '/home/vudinhso/rmitbot_eeet2610_ws/lesson6_ws/src/rmitbot_description'
[0.292s] INFO:colcon.colcon_core.shell:Skip shell extension 'powershell' for command environment: Not usable outside of PowerShell
[0.292s] DEBUG:colcon.colcon_core.shell:Skip shell extension 'dsv' for command environment
[0.296s] INFO:colcon.colcon_ros.task.ament_cmake.build:Building ROS package in '/home/vudinhso/rmitbot_eeet2610_ws/lesson6_ws/src/rmitbot_firmware' with build type 'ament_cmake'
[0.296s] INFO:colcon.colcon_cmake.task.cmake.build:Building CMake package in '/home/vudinhso/rmitbot_eeet2610_ws/lesson6_ws/src/rmitbot_firmware'
[0.296s] INFO:colcon.colcon_core.shell:Skip shell extension 'powershell' for command environment: Not usable outside of PowerShell
[0.296s] DEBUG:colcon.colcon_core.shell:Skip shell extension 'dsv' for command environment
[0.306s] DEBUG:colcon.colcon_core.event_handler.log_command:Invoking command in '/home/vudinhso/rmitbot_eeet2610_ws/lesson6_ws/build/rmitbot_bringup': CMAKE_PREFIX_PATH=${CMAKE_PREFIX_PATH}:/opt/ros/jazzy DEBUGINFOD_URLS=https://debuginfod.ubuntu.com /usr/bin/cmake --build /home/vudinhso/rmitbot_eeet2610_ws/lesson6_ws/build/rmitbot_bringup -- -j4 -l4
[0.312s] DEBUG:colcon.colcon_core.event_handler.log_command:Invoking command in '/home/vudinhso/rmitbot_eeet2610_ws/lesson6_ws/build/rmitbot_controller': CMAKE_PREFIX_PATH=${CMAKE_PREFIX_PATH}:/opt/ros/jazzy DEBUGINFOD_URLS=https://debuginfod.ubuntu.com /usr/bin/cmake --build /home/vudinhso/rmitbot_eeet2610_ws/lesson6_ws/build/rmitbot_controller -- -j4 -l4
[0.314s] DEBUG:colcon.colcon_core.event_handler.log_command:Invoking command in '/home/vudinhso/rmitbot_eeet2610_ws/lesson6_ws/build/rmitbot_description': CMAKE_PREFIX_PATH=${CMAKE_PREFIX_PATH}:/opt/ros/jazzy DEBUGINFOD_URLS=https://debuginfod.ubuntu.com /usr/bin/cmake --build /home/vudinhso/rmitbot_eeet2610_ws/lesson6_ws/build/rmitbot_description -- -j4 -l4
[0.323s] DEBUG:colcon.colcon_core.event_handler.log_command:Invoking command in '/home/vudinhso/rmitbot_eeet2610_ws/lesson6_ws/build/rmitbot_firmware': CMAKE_PREFIX_PATH=${CMAKE_PREFIX_PATH}:/opt/ros/jazzy DEBUGINFOD_URLS=https://debuginfod.ubuntu.com /usr/bin/cmake --build /home/vudinhso/rmitbot_eeet2610_ws/lesson6_ws/build/rmitbot_firmware -- -j4 -l4
[0.365s] DEBUG:colcon.colcon_core.event_handler.log_command:Invoked command in '/home/vudinhso/rmitbot_eeet2610_ws/lesson6_ws/build/rmitbot_bringup' returned '0': CMAKE_PREFIX_PATH=${CMAKE_PREFIX_PATH}:/opt/ros/jazzy DEBUGINFOD_URLS=https://debuginfod.ubuntu.com /usr/bin/cmake --build /home/vudinhso/rmitbot_eeet2610_ws/lesson6_ws/build/rmitbot_bringup -- -j4 -l4
[0.377s] DEBUG:colcon.colcon_core.event_handler.log_command:Invoking command in '/home/vudinhso/rmitbot_eeet2610_ws/lesson6_ws/build/rmitbot_bringup': CMAKE_PREFIX_PATH=${CMAKE_PREFIX_PATH}:/opt/ros/jazzy DEBUGINFOD_URLS=https://debuginfod.ubuntu.com /usr/bin/cmake --install /home/vudinhso/rmitbot_eeet2610_ws/lesson6_ws/build/rmitbot_bringup
[0.377s] DEBUG:colcon.colcon_core.event_handler.log_command:Invoked command in '/home/vudinhso/rmitbot_eeet2610_ws/lesson6_ws/build/rmitbot_controller' returned '0': CMAKE_PREFIX_PATH=${CMAKE_PREFIX_PATH}:/opt/ros/jazzy DEBUGINFOD_URLS=https://debuginfod.ubuntu.com /usr/bin/cmake --build /home/vudinhso/rmitbot_eeet2610_ws/lesson6_ws/build/rmitbot_controller -- -j4 -l4
[0.378s] DEBUG:colcon.colcon_core.event_handler.log_command:Invoking command in '/home/vudinhso/rmitbot_eeet2610_ws/lesson6_ws/build/rmitbot_controller': CMAKE_PREFIX_PATH=${CMAKE_PREFIX_PATH}:/opt/ros/jazzy DEBUGINFOD_URLS=https://debuginfod.ubuntu.com /usr/bin/cmake --install /home/vudinhso/rmitbot_eeet2610_ws/lesson6_ws/build/rmitbot_controller
[0.385s] DEBUG:colcon.colcon_core.event_handler.log_command:Invoked command in '/home/vudinhso/rmitbot_eeet2610_ws/lesson6_ws/build/rmitbot_description' returned '0': CMAKE_PREFIX_PATH=${CMAKE_PREFIX_PATH}:/opt/ros/jazzy DEBUGINFOD_URLS=https://debuginfod.ubuntu.com /usr/bin/cmake --build /home/vudinhso/rmitbot_eeet2610_ws/lesson6_ws/build/rmitbot_description -- -j4 -l4
[0.386s] DEBUG:colcon.colcon_core.event_handler.log_command:Invoking command in '/home/vudinhso/rmitbot_eeet2610_ws/lesson6_ws/build/rmitbot_description': CMAKE_PREFIX_PATH=${CMAKE_PREFIX_PATH}:/opt/ros/jazzy DEBUGINFOD_URLS=https://debuginfod.ubuntu.com /usr/bin/cmake --install /home/vudinhso/rmitbot_eeet2610_ws/lesson6_ws/build/rmitbot_description
[0.401s] Level 1:colcon.colcon_core.environment:create_environment_scripts_only(rmitbot_controller)
[0.402s] DEBUG:colcon.colcon_core.event_handler.log_command:Invoked command in '/home/vudinhso/rmitbot_eeet2610_ws/lesson6_ws/build/rmitbot_controller' returned '0': CMAKE_PREFIX_PATH=${CMAKE_PREFIX_PATH}:/opt/ros/jazzy DEBUGINFOD_URLS=https://debuginfod.ubuntu.com /usr/bin/cmake --install /home/vudinhso/rmitbot_eeet2610_ws/lesson6_ws/build/rmitbot_controller
[0.409s] Level 1:colcon.colcon_core.environment:checking '/home/vudinhso/rmitbot_eeet2610_ws/lesson6_ws/install/rmitbot_controller' for CMake module files
[0.410s] Level 1:colcon.colcon_core.environment:checking '/home/vudinhso/rmitbot_eeet2610_ws/lesson6_ws/install/rmitbot_controller' for CMake config files
[0.410s] Level 1:colcon.colcon_core.shell:create_environment_hook('rmitbot_controller', 'cmake_prefix_path')
[0.410s] INFO:colcon.colcon_core.shell:Creating environment hook '/home/vudinhso/rmitbot_eeet2610_ws/lesson6_ws/install/rmitbot_controller/share/rmitbot_controller/hook/cmake_prefix_path.ps1'
[0.411s] INFO:colcon.colcon_core.shell:Creating environment descriptor '/home/vudinhso/rmitbot_eeet2610_ws/lesson6_ws/install/rmitbot_controller/share/rmitbot_controller/hook/cmake_prefix_path.dsv'
[0.412s] INFO:colcon.colcon_core.shell:Creating environment hook '/home/vudinhso/rmitbot_eeet2610_ws/lesson6_ws/install/rmitbot_controller/share/rmitbot_controller/hook/cmake_prefix_path.sh'
[0.412s] Level 1:colcon.colcon_core.environment:checking '/home/vudinhso/rmitbot_eeet2610_ws/lesson6_ws/install/rmitbot_controller/bin'
[0.412s] Level 1:colcon.colcon_core.environment:checking '/home/vudinhso/rmitbot_eeet2610_ws/lesson6_ws/install/rmitbot_controller/lib/pkgconfig/rmitbot_controller.pc'
[0.413s] Level 1:colcon.colcon_core.environment:checking '/home/vudinhso/rmitbot_eeet2610_ws/lesson6_ws/install/rmitbot_controller/lib/python3.12/site-packages'
[0.413s] Level 1:colcon.colcon_core.environment:checking '/home/vudinhso/rmitbot_eeet2610_ws/lesson6_ws/install/rmitbot_controller/bin'
[0.413s] INFO:colcon.colcon_core.shell:Creating package script '/home/vudinhso/rmitbot_eeet2610_ws/lesson6_ws/install/rmitbot_controller/share/rmitbot_controller/package.ps1'
[0.414s] INFO:colcon.colcon_core.shell:Creating package descriptor '/home/vudinhso/rmitbot_eeet2610_ws/lesson6_ws/install/rmitbot_controller/share/rmitbot_controller/package.dsv'
[0.414s] INFO:colcon.colcon_core.shell:Creating package script '/home/vudinhso/rmitbot_eeet2610_ws/lesson6_ws/install/rmitbot_controller/share/rmitbot_controller/package.sh'
[0.415s] INFO:colcon.colcon_core.shell:Creating package script '/home/vudinhso/rmitbot_eeet2610_ws/lesson6_ws/install/rmitbot_controller/share/rmitbot_controller/package.bash'
[0.415s] INFO:colcon.colcon_core.shell:Creating package script '/home/vudinhso/rmitbot_eeet2610_ws/lesson6_ws/install/rmitbot_controller/share/rmitbot_controller/package.zsh'
[0.416s] Level 1:colcon.colcon_core.environment:create_file_with_runtime_dependencies(/home/vudinhso/rmitbot_eeet2610_ws/lesson6_ws/install/rmitbot_controller/share/colcon-core/packages/rmitbot_controller)
[0.417s] Level 1:colcon.colcon_core.environment:create_environment_scripts_only(rmitbot_controller)
[0.417s] Level 1:colcon.colcon_core.environment:checking '/home/vudinhso/rmitbot_eeet2610_ws/lesson6_ws/install/rmitbot_controller' for CMake module files
[0.417s] Level 1:colcon.colcon_core.environment:checking '/home/vudinhso/rmitbot_eeet2610_ws/lesson6_ws/install/rmitbot_controller' for CMake config files
[0.417s] Level 1:colcon.colcon_core.shell:create_environment_hook('rmitbot_controller', 'cmake_prefix_path')
[0.417s] INFO:colcon.colcon_core.shell:Creating environment hook '/home/vudinhso/rmitbot_eeet2610_ws/lesson6_ws/install/rmitbot_controller/share/rmitbot_controller/hook/cmake_prefix_path.ps1'
[0.418s] INFO:colcon.colcon_core.shell:Creating environment descriptor '/home/vudinhso/rmitbot_eeet2610_ws/lesson6_ws/install/rmitbot_controller/share/rmitbot_controller/hook/cmake_prefix_path.dsv'
[0.418s] INFO:colcon.colcon_core.shell:Creating environment hook '/home/vudinhso/rmitbot_eeet2610_ws/lesson6_ws/install/rmitbot_controller/share/rmitbot_controller/hook/cmake_prefix_path.sh'
[0.419s] Level 1:colcon.colcon_core.environment:checking '/home/vudinhso/rmitbot_eeet2610_ws/lesson6_ws/install/rmitbot_controller/bin'
[0.419s] Level 1:colcon.colcon_core.environment:checking '/home/vudinhso/rmitbot_eeet2610_ws/lesson6_ws/install/rmitbot_controller/lib/pkgconfig/rmitbot_controller.pc'
[0.419s] Level 1:colcon.colcon_core.environment:checking '/home/vudinhso/rmitbot_eeet2610_ws/lesson6_ws/install/rmitbot_controller/lib/python3.12/site-packages'
[0.419s] Level 1:colcon.colcon_core.environment:checking '/home/vudinhso/rmitbot_eeet2610_ws/lesson6_ws/install/rmitbot_controller/bin'
[0.420s] INFO:colcon.colcon_core.shell:Creating package script '/home/vudinhso/rmitbot_eeet2610_ws/lesson6_ws/install/rmitbot_controller/share/rmitbot_controller/package.ps1'
[0.420s] INFO:colcon.colcon_core.shell:Creating package descriptor '/home/vudinhso/rmitbot_eeet2610_ws/lesson6_ws/install/rmitbot_controller/share/rmitbot_controller/package.dsv'
[0.420s] INFO:colcon.colcon_core.shell:Creating package script '/home/vudinhso/rmitbot_eeet2610_ws/lesson6_ws/install/rmitbot_controller/share/rmitbot_controller/package.sh'
[0.421s] INFO:colcon.colcon_core.shell:Creating package script '/home/vudinhso/rmitbot_eeet2610_ws/lesson6_ws/install/rmitbot_controller/share/rmitbot_controller/package.bash'
[0.422s] INFO:colcon.colcon_core.shell:Creating package script '/home/vudinhso/rmitbot_eeet2610_ws/lesson6_ws/install/rmitbot_controller/share/rmitbot_controller/package.zsh'
[0.422s] Level 1:colcon.colcon_core.environment:create_file_with_runtime_dependencies(/home/vudinhso/rmitbot_eeet2610_ws/lesson6_ws/install/rmitbot_controller/share/colcon-core/packages/rmitbot_controller)
[0.423s] Level 1:colcon.colcon_core.environment:create_environment_scripts_only(rmitbot_bringup)
[0.423s] DEBUG:colcon.colcon_core.event_handler.log_command:Invoked command in '/home/vudinhso/rmitbot_eeet2610_ws/lesson6_ws/build/rmitbot_bringup' returned '0': CMAKE_PREFIX_PATH=${CMAKE_PREFIX_PATH}:/opt/ros/jazzy DEBUGINFOD_URLS=https://debuginfod.ubuntu.com /usr/bin/cmake --install /home/vudinhso/rmitbot_eeet2610_ws/lesson6_ws/build/rmitbot_bringup
[0.423s] Level 1:colcon.colcon_core.environment:checking '/home/vudinhso/rmitbot_eeet2610_ws/lesson6_ws/install/rmitbot_bringup' for CMake module files
[0.424s] Level 1:colcon.colcon_core.environment:checking '/home/vudinhso/rmitbot_eeet2610_ws/lesson6_ws/install/rmitbot_bringup' for CMake config files
[0.424s] Level 1:colcon.colcon_core.shell:create_environment_hook('rmitbot_bringup', 'cmake_prefix_path')
[0.424s] INFO:colcon.colcon_core.shell:Creating environment hook '/home/vudinhso/rmitbot_eeet2610_ws/lesson6_ws/install/rmitbot_bringup/share/rmitbot_bringup/hook/cmake_prefix_path.ps1'
[0.425s] INFO:colcon.colcon_core.shell:Creating environment descriptor '/home/vudinhso/rmitbot_eeet2610_ws/lesson6_ws/install/rmitbot_bringup/share/rmitbot_bringup/hook/cmake_prefix_path.dsv'
[0.425s] INFO:colcon.colcon_core.shell:Creating environment hook '/home/vudinhso/rmitbot_eeet2610_ws/lesson6_ws/install/rmitbot_bringup/share/rmitbot_bringup/hook/cmake_prefix_path.sh'
[0.426s] Level 1:colcon.colcon_core.environment:checking '/home/vudinhso/rmitbot_eeet2610_ws/lesson6_ws/install/rmitbot_bringup/bin'
[0.426s] Level 1:colcon.colcon_core.environment:checking '/home/vudinhso/rmitbot_eeet2610_ws/lesson6_ws/install/rmitbot_bringup/lib/pkgconfig/rmitbot_bringup.pc'
[0.426s] Level 1:colcon.colcon_core.environment:checking '/home/vudinhso/rmitbot_eeet2610_ws/lesson6_ws/install/rmitbot_bringup/lib/python3.12/site-packages'
[0.426s] Level 1:colcon.colcon_core.environment:checking '/home/vudinhso/rmitbot_eeet2610_ws/lesson6_ws/install/rmitbot_bringup/bin'
[0.426s] INFO:colcon.colcon_core.shell:Creating package script '/home/vudinhso/rmitbot_eeet2610_ws/lesson6_ws/install/rmitbot_bringup/share/rmitbot_bringup/package.ps1'
[0.427s] INFO:colcon.colcon_core.shell:Creating package descriptor '/home/vudinhso/rmitbot_eeet2610_ws/lesson6_ws/install/rmitbot_bringup/share/rmitbot_bringup/package.dsv'
[0.427s] INFO:colcon.colcon_core.shell:Creating package script '/home/vudinhso/rmitbot_eeet2610_ws/lesson6_ws/install/rmitbot_bringup/share/rmitbot_bringup/package.sh'
[0.428s] INFO:colcon.colcon_core.shell:Creating package script '/home/vudinhso/rmitbot_eeet2610_ws/lesson6_ws/install/rmitbot_bringup/share/rmitbot_bringup/package.bash'
[0.431s] INFO:colcon.colcon_core.shell:Creating package script '/home/vudinhso/rmitbot_eeet2610_ws/lesson6_ws/install/rmitbot_bringup/share/rmitbot_bringup/package.zsh'
[0.431s] Level 1:colcon.colcon_core.environment:create_file_with_runtime_dependencies(/home/vudinhso/rmitbot_eeet2610_ws/lesson6_ws/install/rmitbot_bringup/share/colcon-core/packages/rmitbot_bringup)
[0.432s] Level 1:colcon.colcon_core.environment:create_environment_scripts_only(rmitbot_bringup)
[0.432s] Level 1:colcon.colcon_core.environment:checking '/home/vudinhso/rmitbot_eeet2610_ws/lesson6_ws/install/rmitbot_bringup' for CMake module files
[0.433s] Level 1:colcon.colcon_core.environment:checking '/home/vudinhso/rmitbot_eeet2610_ws/lesson6_ws/install/rmitbot_bringup' for CMake config files
[0.433s] Level 1:colcon.colcon_core.shell:create_environment_hook('rmitbot_bringup', 'cmake_prefix_path')
[0.433s] INFO:colcon.colcon_core.shell:Creating environment hook '/home/vudinhso/rmitbot_eeet2610_ws/lesson6_ws/install/rmitbot_bringup/share/rmitbot_bringup/hook/cmake_prefix_path.ps1'
[0.433s] INFO:colcon.colcon_core.shell:Creating environment descriptor '/home/vudinhso/rmitbot_eeet2610_ws/lesson6_ws/install/rmitbot_bringup/share/rmitbot_bringup/hook/cmake_prefix_path.dsv'
[0.434s] INFO:colcon.colcon_core.shell:Creating environment hook '/home/vudinhso/rmitbot_eeet2610_ws/lesson6_ws/install/rmitbot_bringup/share/rmitbot_bringup/hook/cmake_prefix_path.sh'
[0.434s] Level 1:colcon.colcon_core.environment:checking '/home/vudinhso/rmitbot_eeet2610_ws/lesson6_ws/install/rmitbot_bringup/bin'
[0.434s] Level 1:colcon.colcon_core.environment:checking '/home/vudinhso/rmitbot_eeet2610_ws/lesson6_ws/install/rmitbot_bringup/lib/pkgconfig/rmitbot_bringup.pc'
[0.435s] Level 1:colcon.colcon_core.environment:checking '/home/vudinhso/rmitbot_eeet2610_ws/lesson6_ws/install/rmitbot_bringup/lib/python3.12/site-packages'
[0.435s] Level 1:colcon.colcon_core.environment:checking '/home/vudinhso/rmitbot_eeet2610_ws/lesson6_ws/install/rmitbot_bringup/bin'
[0.435s] INFO:colcon.colcon_core.shell:Creating package script '/home/vudinhso/rmitbot_eeet2610_ws/lesson6_ws/install/rmitbot_bringup/share/rmitbot_bringup/package.ps1'
[0.435s] INFO:colcon.colcon_core.shell:Creating package descriptor '/home/vudinhso/rmitbot_eeet2610_ws/lesson6_ws/install/rmitbot_bringup/share/rmitbot_bringup/package.dsv'
[0.436s] INFO:colcon.colcon_core.shell:Creating package script '/home/vudinhso/rmitbot_eeet2610_ws/lesson6_ws/install/rmitbot_bringup/share/rmitbot_bringup/package.sh'
[0.436s] INFO:colcon.colcon_core.shell:Creating package script '/home/vudinhso/rmitbot_eeet2610_ws/lesson6_ws/install/rmitbot_bringup/share/rmitbot_bringup/package.bash'
[0.437s] INFO:colcon.colcon_core.shell:Creating package script '/home/vudinhso/rmitbot_eeet2610_ws/lesson6_ws/install/rmitbot_bringup/share/rmitbot_bringup/package.zsh'
[0.437s] Level 1:colcon.colcon_core.environment:create_file_with_runtime_dependencies(/home/vudinhso/rmitbot_eeet2610_ws/lesson6_ws/install/rmitbot_bringup/share/colcon-core/packages/rmitbot_bringup)
[0.438s] INFO:colcon.colcon_ros.task.ament_cmake.build:Building ROS package in '/home/vudinhso/rmitbot_eeet2610_ws/lesson6_ws/src/rmitbot_localization' with build type 'ament_cmake'
[0.438s] INFO:colcon.colcon_cmake.task.cmake.build:Building CMake package in '/home/vudinhso/rmitbot_eeet2610_ws/lesson6_ws/src/rmitbot_localization'
[0.439s] INFO:colcon.colcon_core.shell:Skip shell extension 'powershell' for command environment: Not usable outside of PowerShell
[0.439s] DEBUG:colcon.colcon_core.shell:Skip shell extension 'dsv' for command environment
[0.443s] INFO:colcon.colcon_ros.task.ament_cmake.build:Building ROS package in '/home/vudinhso/rmitbot_eeet2610_ws/lesson6_ws/src/rmitbot_mapping' with build type 'ament_cmake'
[0.443s] INFO:colcon.colcon_cmake.task.cmake.build:Building CMake package in '/home/vudinhso/rmitbot_eeet2610_ws/lesson6_ws/src/rmitbot_mapping'
[0.444s] INFO:colcon.colcon_core.shell:Skip shell extension 'powershell' for command environment: Not usable outside of PowerShell
[0.444s] DEBUG:colcon.colcon_core.shell:Skip shell extension 'dsv' for command environment
[0.450s] DEBUG:colcon.colcon_core.event_handler.log_command:Invoked command in '/home/vudinhso/rmitbot_eeet2610_ws/lesson6_ws/build/rmitbot_firmware' returned '0': CMAKE_PREFIX_PATH=${CMAKE_PREFIX_PATH}:/opt/ros/jazzy DEBUGINFOD_URLS=https://debuginfod.ubuntu.com /usr/bin/cmake --build /home/vudinhso/rmitbot_eeet2610_ws/lesson6_ws/build/rmitbot_firmware -- -j4 -l4
[0.451s] DEBUG:colcon.colcon_core.event_handler.log_command:Invoking command in '/home/vudinhso/rmitbot_eeet2610_ws/lesson6_ws/build/rmitbot_firmware': CMAKE_PREFIX_PATH=${CMAKE_PREFIX_PATH}:/opt/ros/jazzy DEBUGINFOD_URLS=https://debuginfod.ubuntu.com /usr/bin/cmake --install /home/vudinhso/rmitbot_eeet2610_ws/lesson6_ws/build/rmitbot_firmware
[0.452s] Level 1:colcon.colcon_core.environment:create_environment_scripts_only(rmitbot_description)
[0.452s] Level 1:colcon.colcon_core.environment:checking '/home/vudinhso/rmitbot_eeet2610_ws/lesson6_ws/install/rmitbot_description' for CMake module files
[0.453s] Level 1:colcon.colcon_core.environment:checking '/home/vudinhso/rmitbot_eeet2610_ws/lesson6_ws/install/rmitbot_description' for CMake config files
[0.456s] Level 1:colcon.colcon_core.shell:create_environment_hook('rmitbot_description', 'cmake_prefix_path')
[0.456s] INFO:colcon.colcon_core.shell:Creating environment hook '/home/vudinhso/rmitbot_eeet2610_ws/lesson6_ws/install/rmitbot_description/share/rmitbot_description/hook/cmake_prefix_path.ps1'
[0.457s] INFO:colcon.colcon_core.shell:Creating environment descriptor '/home/vudinhso/rmitbot_eeet2610_ws/lesson6_ws/install/rmitbot_description/share/rmitbot_description/hook/cmake_prefix_path.dsv'
[0.458s] DEBUG:colcon.colcon_core.event_handler.log_command:Invoked command in '/home/vudinhso/rmitbot_eeet2610_ws/lesson6_ws/build/rmitbot_description' returned '0': CMAKE_PREFIX_PATH=${CMAKE_PREFIX_PATH}:/opt/ros/jazzy DEBUGINFOD_URLS=https://debuginfod.ubuntu.com /usr/bin/cmake --install /home/vudinhso/rmitbot_eeet2610_ws/lesson6_ws/build/rmitbot_description
[0.458s] INFO:colcon.colcon_core.shell:Creating environment hook '/home/vudinhso/rmitbot_eeet2610_ws/lesson6_ws/install/rmitbot_description/share/rmitbot_description/hook/cmake_prefix_path.sh'
[0.459s] Level 1:colcon.colcon_core.environment:checking '/home/vudinhso/rmitbot_eeet2610_ws/lesson6_ws/install/rmitbot_description/bin'
[0.459s] Level 1:colcon.colcon_core.environment:checking '/home/vudinhso/rmitbot_eeet2610_ws/lesson6_ws/install/rmitbot_description/lib/pkgconfig/rmitbot_description.pc'
[0.459s] Level 1:colcon.colcon_core.environment:checking '/home/vudinhso/rmitbot_eeet2610_ws/lesson6_ws/install/rmitbot_description/lib/python3.12/site-packages'
[0.460s] Level 1:colcon.colcon_core.environment:checking '/home/vudinhso/rmitbot_eeet2610_ws/lesson6_ws/install/rmitbot_description/bin'
[0.460s] INFO:colcon.colcon_core.shell:Creating package script '/home/vudinhso/rmitbot_eeet2610_ws/lesson6_ws/install/rmitbot_description/share/rmitbot_description/package.ps1'
[0.460s] INFO:colcon.colcon_core.shell:Creating package descriptor '/home/vudinhso/rmitbot_eeet2610_ws/lesson6_ws/install/rmitbot_description/share/rmitbot_description/package.dsv'
[0.461s] INFO:colcon.colcon_core.shell:Creating package script '/home/vudinhso/rmitbot_eeet2610_ws/lesson6_ws/install/rmitbot_description/share/rmitbot_description/package.sh'
[0.461s] INFO:colcon.colcon_core.shell:Creating package script '/home/vudinhso/rmitbot_eeet2610_ws/lesson6_ws/install/rmitbot_description/share/rmitbot_description/package.bash'
[0.462s] INFO:colcon.colcon_core.shell:Creating package script '/home/vudinhso/rmitbot_eeet2610_ws/lesson6_ws/install/rmitbot_description/share/rmitbot_description/package.zsh'
[0.462s] Level 1:colcon.colcon_core.environment:create_file_with_runtime_dependencies(/home/vudinhso/rmitbot_eeet2610_ws/lesson6_ws/install/rmitbot_description/share/colcon-core/packages/rmitbot_description)
[0.462s] Level 1:colcon.colcon_core.environment:create_environment_scripts_only(rmitbot_description)
[0.463s] Level 1:colcon.colcon_core.environment:checking '/home/vudinhso/rmitbot_eeet2610_ws/lesson6_ws/install/rmitbot_description' for CMake module files
[0.466s] Level 1:colcon.colcon_core.environment:checking '/home/vudinhso/rmitbot_eeet2610_ws/lesson6_ws/install/rmitbot_description' for CMake config files
[0.466s] Level 1:colcon.colcon_core.shell:create_environment_hook('rmitbot_description', 'cmake_prefix_path')
[0.466s] INFO:colcon.colcon_core.shell:Creating environment hook '/home/vudinhso/rmitbot_eeet2610_ws/lesson6_ws/install/rmitbot_description/share/rmitbot_description/hook/cmake_prefix_path.ps1'
[0.468s] INFO:colcon.colcon_core.shell:Creating environment descriptor '/home/vudinhso/rmitbot_eeet2610_ws/lesson6_ws/install/rmitbot_description/share/rmitbot_description/hook/cmake_prefix_path.dsv'
[0.469s] INFO:colcon.colcon_core.shell:Creating environment hook '/home/vudinhso/rmitbot_eeet2610_ws/lesson6_ws/install/rmitbot_description/share/rmitbot_description/hook/cmake_prefix_path.sh'
[0.469s] Level 1:colcon.colcon_core.environment:checking '/home/vudinhso/rmitbot_eeet2610_ws/lesson6_ws/install/rmitbot_description/bin'
[0.469s] Level 1:colcon.colcon_core.environment:checking '/home/vudinhso/rmitbot_eeet2610_ws/lesson6_ws/install/rmitbot_description/lib/pkgconfig/rmitbot_description.pc'
[0.470s] Level 1:colcon.colcon_core.environment:checking '/home/vudinhso/rmitbot_eeet2610_ws/lesson6_ws/install/rmitbot_description/lib/python3.12/site-packages'
[0.470s] Level 1:colcon.colcon_core.environment:checking '/home/vudinhso/rmitbot_eeet2610_ws/lesson6_ws/install/rmitbot_description/bin'
[0.470s] INFO:colcon.colcon_core.shell:Creating package script '/home/vudinhso/rmitbot_eeet2610_ws/lesson6_ws/install/rmitbot_description/share/rmitbot_description/package.ps1'
[0.470s] INFO:colcon.colcon_core.shell:Creating package descriptor '/home/vudinhso/rmitbot_eeet2610_ws/lesson6_ws/install/rmitbot_description/share/rmitbot_description/package.dsv'
[0.471s] INFO:colcon.colcon_core.shell:Creating package script '/home/vudinhso/rmitbot_eeet2610_ws/lesson6_ws/install/rmitbot_description/share/rmitbot_description/package.sh'
[0.471s] INFO:colcon.colcon_core.shell:Creating package script '/home/vudinhso/rmitbot_eeet2610_ws/lesson6_ws/install/rmitbot_description/share/rmitbot_description/package.bash'
[0.472s] INFO:colcon.colcon_core.shell:Creating package script '/home/vudinhso/rmitbot_eeet2610_ws/lesson6_ws/install/rmitbot_description/share/rmitbot_description/package.zsh'
[0.472s] Level 1:colcon.colcon_core.environment:create_file_with_runtime_dependencies(/home/vudinhso/rmitbot_eeet2610_ws/lesson6_ws/install/rmitbot_description/share/colcon-core/packages/rmitbot_description)
[0.477s] DEBUG:colcon.colcon_core.event_handler.log_command:Invoking command in '/home/vudinhso/rmitbot_eeet2610_ws/lesson6_ws/build/rmitbot_localization': CMAKE_PREFIX_PATH=${CMAKE_PREFIX_PATH}:/opt/ros/jazzy DEBUGINFOD_URLS=https://debuginfod.ubuntu.com /usr/bin/cmake --build /home/vudinhso/rmitbot_eeet2610_ws/lesson6_ws/build/rmitbot_localization -- -j4 -l4
[0.485s] DEBUG:colcon.colcon_core.event_handler.log_command:Invoking command in '/home/vudinhso/rmitbot_eeet2610_ws/lesson6_ws/build/rmitbot_mapping': CMAKE_PREFIX_PATH=${CMAKE_PREFIX_PATH}:/opt/ros/jazzy DEBUGINFOD_URLS=https://debuginfod.ubuntu.com /usr/bin/cmake --build /home/vudinhso/rmitbot_eeet2610_ws/lesson6_ws/build/rmitbot_mapping -- -j4 -l4
[0.486s] Level 1:colcon.colcon_core.environment:create_environment_scripts_only(rmitbot_firmware)
[0.486s] Level 1:colcon.colcon_core.environment:checking '/home/vudinhso/rmitbot_eeet2610_ws/lesson6_ws/install/rmitbot_firmware' for CMake module files
[0.487s] DEBUG:colcon.colcon_core.event_handler.log_command:Invoked command in '/home/vudinhso/rmitbot_eeet2610_ws/lesson6_ws/build/rmitbot_firmware' returned '0': CMAKE_PREFIX_PATH=${CMAKE_PREFIX_PATH}:/opt/ros/jazzy DEBUGINFOD_URLS=https://debuginfod.ubuntu.com /usr/bin/cmake --install /home/vudinhso/rmitbot_eeet2610_ws/lesson6_ws/build/rmitbot_firmware
[0.492s] Level 1:colcon.colcon_core.environment:checking '/home/vudinhso/rmitbot_eeet2610_ws/lesson6_ws/install/rmitbot_firmware' for CMake config files
[0.492s] Level 1:colcon.colcon_core.shell:create_environment_hook('rmitbot_firmware', 'cmake_prefix_path')
[0.492s] INFO:colcon.colcon_core.shell:Creating environment hook '/home/vudinhso/rmitbot_eeet2610_ws/lesson6_ws/install/rmitbot_firmware/share/rmitbot_firmware/hook/cmake_prefix_path.ps1'
[0.493s] INFO:colcon.colcon_core.shell:Creating environment descriptor '/home/vudinhso/rmitbot_eeet2610_ws/lesson6_ws/install/rmitbot_firmware/share/rmitbot_firmware/hook/cmake_prefix_path.dsv'
[0.496s] INFO:colcon.colcon_core.shell:Creating environment hook '/home/vudinhso/rmitbot_eeet2610_ws/lesson6_ws/install/rmitbot_firmware/share/rmitbot_firmware/hook/cmake_prefix_path.sh'
[0.497s] Level 1:colcon.colcon_core.environment:checking '/home/vudinhso/rmitbot_eeet2610_ws/lesson6_ws/install/rmitbot_firmware/lib'
[0.498s] Level 1:colcon.colcon_core.shell:create_environment_hook('rmitbot_firmware', 'ld_library_path_lib')
[0.498s] INFO:colcon.colcon_core.shell:Creating environment hook '/home/vudinhso/rmitbot_eeet2610_ws/lesson6_ws/install/rmitbot_firmware/share/rmitbot_firmware/hook/ld_library_path_lib.ps1'
[0.498s] INFO:colcon.colcon_core.shell:Creating environment descriptor '/home/vudinhso/rmitbot_eeet2610_ws/lesson6_ws/install/rmitbot_firmware/share/rmitbot_firmware/hook/ld_library_path_lib.dsv'
[0.499s] INFO:colcon.colcon_core.shell:Creating environment hook '/home/vudinhso/rmitbot_eeet2610_ws/lesson6_ws/install/rmitbot_firmware/share/rmitbot_firmware/hook/ld_library_path_lib.sh'
[0.522s] Level 1:colcon.colcon_core.environment:checking '/home/vudinhso/rmitbot_eeet2610_ws/lesson6_ws/install/rmitbot_firmware/bin'
[0.522s] Level 1:colcon.colcon_core.environment:checking '/home/vudinhso/rmitbot_eeet2610_ws/lesson6_ws/install/rmitbot_firmware/lib/pkgconfig/rmitbot_firmware.pc'
[0.523s] Level 1:colcon.colcon_core.environment:checking '/home/vudinhso/rmitbot_eeet2610_ws/lesson6_ws/install/rmitbot_firmware/lib/python3.12/site-packages'
[0.523s] Level 1:colcon.colcon_core.environment:checking '/home/vudinhso/rmitbot_eeet2610_ws/lesson6_ws/install/rmitbot_firmware/bin'
[0.523s] INFO:colcon.colcon_core.shell:Creating package script '/home/vudinhso/rmitbot_eeet2610_ws/lesson6_ws/install/rmitbot_firmware/share/rmitbot_firmware/package.ps1'
[0.524s] INFO:colcon.colcon_core.shell:Creating package descriptor '/home/vudinhso/rmitbot_eeet2610_ws/lesson6_ws/install/rmitbot_firmware/share/rmitbot_firmware/package.dsv'
[0.525s] INFO:colcon.colcon_core.shell:Creating package script '/home/vudinhso/rmitbot_eeet2610_ws/lesson6_ws/install/rmitbot_firmware/share/rmitbot_firmware/package.sh'
[0.526s] INFO:colcon.colcon_core.shell:Creating package script '/home/vudinhso/rmitbot_eeet2610_ws/lesson6_ws/install/rmitbot_firmware/share/rmitbot_firmware/package.bash'
[0.527s] INFO:colcon.colcon_core.shell:Creating package script '/home/vudinhso/rmitbot_eeet2610_ws/lesson6_ws/install/rmitbot_firmware/share/rmitbot_firmware/package.zsh'
[0.530s] Level 1:colcon.colcon_core.environment:create_file_with_runtime_dependencies(/home/vudinhso/rmitbot_eeet2610_ws/lesson6_ws/install/rmitbot_firmware/share/colcon-core/packages/rmitbot_firmware)
[0.531s] Level 1:colcon.colcon_core.environment:create_environment_scripts_only(rmitbot_firmware)
[0.532s] Level 1:colcon.colcon_core.environment:checking '/home/vudinhso/rmitbot_eeet2610_ws/lesson6_ws/install/rmitbot_firmware' for CMake module files
[0.532s] Level 1:colcon.colcon_core.environment:checking '/home/vudinhso/rmitbot_eeet2610_ws/lesson6_ws/install/rmitbot_firmware' for CMake config files
[0.532s] Level 1:colcon.colcon_core.shell:create_environment_hook('rmitbot_firmware', 'cmake_prefix_path')
[0.533s] INFO:colcon.colcon_core.shell:Creating environment hook '/home/vudinhso/rmitbot_eeet2610_ws/lesson6_ws/install/rmitbot_firmware/share/rmitbot_firmware/hook/cmake_prefix_path.ps1'
[0.533s] INFO:colcon.colcon_core.shell:Creating environment descriptor '/home/vudinhso/rmitbot_eeet2610_ws/lesson6_ws/install/rmitbot_firmware/share/rmitbot_firmware/hook/cmake_prefix_path.dsv'
[0.534s] INFO:colcon.colcon_core.shell:Creating environment hook '/home/vudinhso/rmitbot_eeet2610_ws/lesson6_ws/install/rmitbot_firmware/share/rmitbot_firmware/hook/cmake_prefix_path.sh'
[0.535s] Level 1:colcon.colcon_core.environment:checking '/home/vudinhso/rmitbot_eeet2610_ws/lesson6_ws/install/rmitbot_firmware/lib'
[0.535s] Level 1:colcon.colcon_core.shell:create_environment_hook('rmitbot_firmware', 'ld_library_path_lib')
[0.535s] INFO:colcon.colcon_core.shell:Creating environment hook '/home/vudinhso/rmitbot_eeet2610_ws/lesson6_ws/install/rmitbot_firmware/share/rmitbot_firmware/hook/ld_library_path_lib.ps1'
[0.536s] INFO:colcon.colcon_core.shell:Creating environment descriptor '/home/vudinhso/rmitbot_eeet2610_ws/lesson6_ws/install/rmitbot_firmware/share/rmitbot_firmware/hook/ld_library_path_lib.dsv'
[0.536s] INFO:colcon.colcon_core.shell:Creating environment hook '/home/vudinhso/rmitbot_eeet2610_ws/lesson6_ws/install/rmitbot_firmware/share/rmitbot_firmware/hook/ld_library_path_lib.sh'
[0.537s] Level 1:colcon.colcon_core.environment:checking '/home/vudinhso/rmitbot_eeet2610_ws/lesson6_ws/install/rmitbot_firmware/bin'
[0.537s] Level 1:colcon.colcon_core.environment:checking '/home/vudinhso/rmitbot_eeet2610_ws/lesson6_ws/install/rmitbot_firmware/lib/pkgconfig/rmitbot_firmware.pc'
[0.537s] Level 1:colcon.colcon_core.environment:checking '/home/vudinhso/rmitbot_eeet2610_ws/lesson6_ws/install/rmitbot_firmware/lib/python3.12/site-packages'
[0.538s] Level 1:colcon.colcon_core.environment:checking '/home/vudinhso/rmitbot_eeet2610_ws/lesson6_ws/install/rmitbot_firmware/bin'
[0.538s] INFO:colcon.colcon_core.shell:Creating package script '/home/vudinhso/rmitbot_eeet2610_ws/lesson6_ws/install/rmitbot_firmware/share/rmitbot_firmware/package.ps1'
[0.541s] INFO:colcon.colcon_core.shell:Creating package descriptor '/home/vudinhso/rmitbot_eeet2610_ws/lesson6_ws/install/rmitbot_firmware/share/rmitbot_firmware/package.dsv'
[0.542s] INFO:colcon.colcon_core.shell:Creating package script '/home/vudinhso/rmitbot_eeet2610_ws/lesson6_ws/install/rmitbot_firmware/share/rmitbot_firmware/package.sh'
[0.543s] INFO:colcon.colcon_core.shell:Creating package script '/home/vudinhso/rmitbot_eeet2610_ws/lesson6_ws/install/rmitbot_firmware/share/rmitbot_firmware/package.bash'
[0.544s] INFO:colcon.colcon_core.shell:Creating package script '/home/vudinhso/rmitbot_eeet2610_ws/lesson6_ws/install/rmitbot_firmware/share/rmitbot_firmware/package.zsh'
[0.545s] Level 1:colcon.colcon_core.environment:create_file_with_runtime_dependencies(/home/vudinhso/rmitbot_eeet2610_ws/lesson6_ws/install/rmitbot_firmware/share/colcon-core/packages/rmitbot_firmware)
[0.551s] DEBUG:colcon.colcon_core.event_handler.log_command:Invoked command in '/home/vudinhso/rmitbot_eeet2610_ws/lesson6_ws/build/rmitbot_localization' returned '0': CMAKE_PREFIX_PATH=${CMAKE_PREFIX_PATH}:/opt/ros/jazzy DEBUGINFOD_URLS=https://debuginfod.ubuntu.com /usr/bin/cmake --build /home/vudinhso/rmitbot_eeet2610_ws/lesson6_ws/build/rmitbot_localization -- -j4 -l4
[0.552s] DEBUG:colcon.colcon_core.event_handler.log_command:Invoking command in '/home/vudinhso/rmitbot_eeet2610_ws/lesson6_ws/build/rmitbot_localization': CMAKE_PREFIX_PATH=${CMAKE_PREFIX_PATH}:/opt/ros/jazzy DEBUGINFOD_URLS=https://debuginfod.ubuntu.com /usr/bin/cmake --install /home/vudinhso/rmitbot_eeet2610_ws/lesson6_ws/build/rmitbot_localization
[0.572s] Level 1:colcon.colcon_core.environment:create_environment_scripts_only(rmitbot_localization)
[0.572s] Level 1:colcon.colcon_core.environment:checking '/home/vudinhso/rmitbot_eeet2610_ws/lesson6_ws/install/rmitbot_localization' for CMake module files
[0.573s] DEBUG:colcon.colcon_core.event_handler.log_command:Invoked command in '/home/vudinhso/rmitbot_eeet2610_ws/lesson6_ws/build/rmitbot_localization' returned '0': CMAKE_PREFIX_PATH=${CMAKE_PREFIX_PATH}:/opt/ros/jazzy DEBUGINFOD_URLS=https://debuginfod.ubuntu.com /usr/bin/cmake --install /home/vudinhso/rmitbot_eeet2610_ws/lesson6_ws/build/rmitbot_localization
[0.573s] Level 1:colcon.colcon_core.environment:checking '/home/vudinhso/rmitbot_eeet2610_ws/lesson6_ws/install/rmitbot_localization' for CMake config files
[0.573s] Level 1:colcon.colcon_core.shell:create_environment_hook('rmitbot_localization', 'cmake_prefix_path')
[0.574s] INFO:colcon.colcon_core.shell:Creating environment hook '/home/vudinhso/rmitbot_eeet2610_ws/lesson6_ws/install/rmitbot_localization/share/rmitbot_localization/hook/cmake_prefix_path.ps1'
[0.575s] INFO:colcon.colcon_core.shell:Creating environment descriptor '/home/vudinhso/rmitbot_eeet2610_ws/lesson6_ws/install/rmitbot_localization/share/rmitbot_localization/hook/cmake_prefix_path.dsv'
[0.575s] INFO:colcon.colcon_core.shell:Creating environment hook '/home/vudinhso/rmitbot_eeet2610_ws/lesson6_ws/install/rmitbot_localization/share/rmitbot_localization/hook/cmake_prefix_path.sh'
[0.576s] Level 1:colcon.colcon_core.environment:checking '/home/vudinhso/rmitbot_eeet2610_ws/lesson6_ws/install/rmitbot_localization/bin'
[0.576s] Level 1:colcon.colcon_core.environment:checking '/home/vudinhso/rmitbot_eeet2610_ws/lesson6_ws/install/rmitbot_localization/lib/pkgconfig/rmitbot_localization.pc'
[0.576s] Level 1:colcon.colcon_core.environment:checking '/home/vudinhso/rmitbot_eeet2610_ws/lesson6_ws/install/rmitbot_localization/lib/python3.12/site-packages'
[0.576s] Level 1:colcon.colcon_core.environment:checking '/home/vudinhso/rmitbot_eeet2610_ws/lesson6_ws/install/rmitbot_localization/bin'
[0.577s] INFO:colcon.colcon_core.shell:Creating package script '/home/vudinhso/rmitbot_eeet2610_ws/lesson6_ws/install/rmitbot_localization/share/rmitbot_localization/package.ps1'
[0.577s] INFO:colcon.colcon_core.shell:Creating package descriptor '/home/vudinhso/rmitbot_eeet2610_ws/lesson6_ws/install/rmitbot_localization/share/rmitbot_localization/package.dsv'
[0.578s] INFO:colcon.colcon_core.shell:Creating package script '/home/vudinhso/rmitbot_eeet2610_ws/lesson6_ws/install/rmitbot_localization/share/rmitbot_localization/package.sh'
[0.580s] INFO:colcon.colcon_core.shell:Creating package script '/home/vudinhso/rmitbot_eeet2610_ws/lesson6_ws/install/rmitbot_localization/share/rmitbot_localization/package.bash'
[0.581s] INFO:colcon.colcon_core.shell:Creating package script '/home/vudinhso/rmitbot_eeet2610_ws/lesson6_ws/install/rmitbot_localization/share/rmitbot_localization/package.zsh'
[0.581s] Level 1:colcon.colcon_core.environment:create_file_with_runtime_dependencies(/home/vudinhso/rmitbot_eeet2610_ws/lesson6_ws/install/rmitbot_localization/share/colcon-core/packages/rmitbot_localization)
[0.582s] Level 1:colcon.colcon_core.environment:create_environment_scripts_only(rmitbot_localization)
[0.582s] Level 1:colcon.colcon_core.environment:checking '/home/vudinhso/rmitbot_eeet2610_ws/lesson6_ws/install/rmitbot_localization' for CMake module files
[0.582s] Level 1:colcon.colcon_core.environment:checking '/home/vudinhso/rmitbot_eeet2610_ws/lesson6_ws/install/rmitbot_localization' for CMake config files
[0.584s] Level 1:colcon.colcon_core.shell:create_environment_hook('rmitbot_localization', 'cmake_prefix_path')
[0.584s] INFO:colcon.colcon_core.shell:Creating environment hook '/home/vudinhso/rmitbot_eeet2610_ws/lesson6_ws/install/rmitbot_localization/share/rmitbot_localization/hook/cmake_prefix_path.ps1'
[0.585s] INFO:colcon.colcon_core.shell:Creating environment descriptor '/home/vudinhso/rmitbot_eeet2610_ws/lesson6_ws/install/rmitbot_localization/share/rmitbot_localization/hook/cmake_prefix_path.dsv'
[0.586s] INFO:colcon.colcon_core.shell:Creating environment hook '/home/vudinhso/rmitbot_eeet2610_ws/lesson6_ws/install/rmitbot_localization/share/rmitbot_localization/hook/cmake_prefix_path.sh'
[0.586s] Level 1:colcon.colcon_core.environment:checking '/home/vudinhso/rmitbot_eeet2610_ws/lesson6_ws/install/rmitbot_localization/bin'
[0.586s] Level 1:colcon.colcon_core.environment:checking '/home/vudinhso/rmitbot_eeet2610_ws/lesson6_ws/install/rmitbot_localization/lib/pkgconfig/rmitbot_localization.pc'
[0.587s] Level 1:colcon.colcon_core.environment:checking '/home/vudinhso/rmitbot_eeet2610_ws/lesson6_ws/install/rmitbot_localization/lib/python3.12/site-packages'
[0.587s] Level 1:colcon.colcon_core.environment:checking '/home/vudinhso/rmitbot_eeet2610_ws/lesson6_ws/install/rmitbot_localization/bin'
[0.587s] INFO:colcon.colcon_core.shell:Creating package script '/home/vudinhso/rmitbot_eeet2610_ws/lesson6_ws/install/rmitbot_localization/share/rmitbot_localization/package.ps1'
[0.588s] INFO:colcon.colcon_core.shell:Creating package descriptor '/home/vudinhso/rmitbot_eeet2610_ws/lesson6_ws/install/rmitbot_localization/share/rmitbot_localization/package.dsv'
[0.589s] INFO:colcon.colcon_core.shell:Creating package script '/home/vudinhso/rmitbot_eeet2610_ws/lesson6_ws/install/rmitbot_localization/share/rmitbot_localization/package.sh'
[0.590s] INFO:colcon.colcon_core.shell:Creating package script '/home/vudinhso/rmitbot_eeet2610_ws/lesson6_ws/install/rmitbot_localization/share/rmitbot_localization/package.bash'
[0.590s] INFO:colcon.colcon_core.shell:Creating package script '/home/vudinhso/rmitbot_eeet2610_ws/lesson6_ws/install/rmitbot_localization/share/rmitbot_localization/package.zsh'
[0.592s] Level 1:colcon.colcon_core.environment:create_file_with_runtime_dependencies(/home/vudinhso/rmitbot_eeet2610_ws/lesson6_ws/install/rmitbot_localization/share/colcon-core/packages/rmitbot_localization)
[0.935s] DEBUG:colcon.colcon_core.event_handler.log_command:Invoked command in '/home/vudinhso/rmitbot_eeet2610_ws/lesson6_ws/build/rmitbot_mapping' returned '0': CMAKE_PREFIX_PATH=${CMAKE_PREFIX_PATH}:/opt/ros/jazzy DEBUGINFOD_URLS=https://debuginfod.ubuntu.com /usr/bin/cmake --build /home/vudinhso/rmitbot_eeet2610_ws/lesson6_ws/build/rmitbot_mapping -- -j4 -l4
[0.938s] DEBUG:colcon.colcon_core.event_handler.log_command:Invoking command in '/home/vudinhso/rmitbot_eeet2610_ws/lesson6_ws/build/rmitbot_mapping': CMAKE_PREFIX_PATH=${CMAKE_PREFIX_PATH}:/opt/ros/jazzy DEBUGINFOD_URLS=https://debuginfod.ubuntu.com /usr/bin/cmake --install /home/vudinhso/rmitbot_eeet2610_ws/lesson6_ws/build/rmitbot_mapping
[0.954s] Level 1:colcon.colcon_core.environment:create_environment_scripts_only(rmitbot_mapping)
[0.954s] Level 1:colcon.colcon_core.environment:checking '/home/vudinhso/rmitbot_eeet2610_ws/lesson6_ws/install/rmitbot_mapping' for CMake module files
[0.955s] DEBUG:colcon.colcon_core.event_handler.log_command:Invoked command in '/home/vudinhso/rmitbot_eeet2610_ws/lesson6_ws/build/rmitbot_mapping' returned '0': CMAKE_PREFIX_PATH=${CMAKE_PREFIX_PATH}:/opt/ros/jazzy DEBUGINFOD_URLS=https://debuginfod.ubuntu.com /usr/bin/cmake --install /home/vudinhso/rmitbot_eeet2610_ws/lesson6_ws/build/rmitbot_mapping
[0.956s] Level 1:colcon.colcon_core.environment:checking '/home/vudinhso/rmitbot_eeet2610_ws/lesson6_ws/install/rmitbot_mapping' for CMake config files
[0.956s] Level 1:colcon.colcon_core.shell:create_environment_hook('rmitbot_mapping', 'cmake_prefix_path')
[0.957s] INFO:colcon.colcon_core.shell:Creating environment hook '/home/vudinhso/rmitbot_eeet2610_ws/lesson6_ws/install/rmitbot_mapping/share/rmitbot_mapping/hook/cmake_prefix_path.ps1'
[0.957s] INFO:colcon.colcon_core.shell:Creating environment descriptor '/home/vudinhso/rmitbot_eeet2610_ws/lesson6_ws/install/rmitbot_mapping/share/rmitbot_mapping/hook/cmake_prefix_path.dsv'
[0.958s] INFO:colcon.colcon_core.shell:Creating environment hook '/home/vudinhso/rmitbot_eeet2610_ws/lesson6_ws/install/rmitbot_mapping/share/rmitbot_mapping/hook/cmake_prefix_path.sh'
[0.959s] Level 1:colcon.colcon_core.environment:checking '/home/vudinhso/rmitbot_eeet2610_ws/lesson6_ws/install/rmitbot_mapping/bin'
[0.959s] Level 1:colcon.colcon_core.environment:checking '/home/vudinhso/rmitbot_eeet2610_ws/lesson6_ws/install/rmitbot_mapping/lib/pkgconfig/rmitbot_mapping.pc'
[0.959s] Level 1:colcon.colcon_core.environment:checking '/home/vudinhso/rmitbot_eeet2610_ws/lesson6_ws/install/rmitbot_mapping/lib/python3.12/site-packages'
[0.959s] Level 1:colcon.colcon_core.environment:checking '/home/vudinhso/rmitbot_eeet2610_ws/lesson6_ws/install/rmitbot_mapping/bin'
[0.959s] INFO:colcon.colcon_core.shell:Creating package script '/home/vudinhso/rmitbot_eeet2610_ws/lesson6_ws/install/rmitbot_mapping/share/rmitbot_mapping/package.ps1'
[0.960s] INFO:colcon.colcon_core.shell:Creating package descriptor '/home/vudinhso/rmitbot_eeet2610_ws/lesson6_ws/install/rmitbot_mapping/share/rmitbot_mapping/package.dsv'
[0.960s] INFO:colcon.colcon_core.shell:Creating package script '/home/vudinhso/rmitbot_eeet2610_ws/lesson6_ws/install/rmitbot_mapping/share/rmitbot_mapping/package.sh'
[0.961s] INFO:colcon.colcon_core.shell:Creating package script '/home/vudinhso/rmitbot_eeet2610_ws/lesson6_ws/install/rmitbot_mapping/share/rmitbot_mapping/package.bash'
[0.961s] INFO:colcon.colcon_core.shell:Creating package script '/home/vudinhso/rmitbot_eeet2610_ws/lesson6_ws/install/rmitbot_mapping/share/rmitbot_mapping/package.zsh'
[0.962s] Level 1:colcon.colcon_core.environment:create_file_with_runtime_dependencies(/home/vudinhso/rmitbot_eeet2610_ws/lesson6_ws/install/rmitbot_mapping/share/colcon-core/packages/rmitbot_mapping)
[0.963s] Level 1:colcon.colcon_core.environment:create_environment_scripts_only(rmitbot_mapping)
[0.963s] Level 1:colcon.colcon_core.environment:checking '/home/vudinhso/rmitbot_eeet2610_ws/lesson6_ws/install/rmitbot_mapping' for CMake module files
[0.963s] Level 1:colcon.colcon_core.environment:checking '/home/vudinhso/rmitbot_eeet2610_ws/lesson6_ws/install/rmitbot_mapping' for CMake config files
[0.963s] Level 1:colcon.colcon_core.shell:create_environment_hook('rmitbot_mapping', 'cmake_prefix_path')
[0.964s] INFO:colcon.colcon_core.shell:Creating environment hook '/home/vudinhso/rmitbot_eeet2610_ws/lesson6_ws/install/rmitbot_mapping/share/rmitbot_mapping/hook/cmake_prefix_path.ps1'
[0.964s] INFO:colcon.colcon_core.shell:Creating environment descriptor '/home/vudinhso/rmitbot_eeet2610_ws/lesson6_ws/install/rmitbot_mapping/share/rmitbot_mapping/hook/cmake_prefix_path.dsv'
[0.965s] INFO:colcon.colcon_core.shell:Creating environment hook '/home/vudinhso/rmitbot_eeet2610_ws/lesson6_ws/install/rmitbot_mapping/share/rmitbot_mapping/hook/cmake_prefix_path.sh'
[0.965s] Level 1:colcon.colcon_core.environment:checking '/home/vudinhso/rmitbot_eeet2610_ws/lesson6_ws/install/rmitbot_mapping/bin'
[0.966s] Level 1:colcon.colcon_core.environment:checking '/home/vudinhso/rmitbot_eeet2610_ws/lesson6_ws/install/rmitbot_mapping/lib/pkgconfig/rmitbot_mapping.pc'
[0.966s] Level 1:colcon.colcon_core.environment:checking '/home/vudinhso/rmitbot_eeet2610_ws/lesson6_ws/install/rmitbot_mapping/lib/python3.12/site-packages'
[0.966s] Level 1:colcon.colcon_core.environment:checking '/home/vudinhso/rmitbot_eeet2610_ws/lesson6_ws/install/rmitbot_mapping/bin'
[0.966s] INFO:colcon.colcon_core.shell:Creating package script '/home/vudinhso/rmitbot_eeet2610_ws/lesson6_ws/install/rmitbot_mapping/share/rmitbot_mapping/package.ps1'
[0.967s] INFO:colcon.colcon_core.shell:Creating package descriptor '/home/vudinhso/rmitbot_eeet2610_ws/lesson6_ws/install/rmitbot_mapping/share/rmitbot_mapping/package.dsv'
[0.967s] INFO:colcon.colcon_core.shell:Creating package script '/home/vudinhso/rmitbot_eeet2610_ws/lesson6_ws/install/rmitbot_mapping/share/rmitbot_mapping/package.sh'
[0.968s] INFO:colcon.colcon_core.shell:Creating package script '/home/vudinhso/rmitbot_eeet2610_ws/lesson6_ws/install/rmitbot_mapping/share/rmitbot_mapping/package.bash'
[0.969s] INFO:colcon.colcon_core.shell:Creating package script '/home/vudinhso/rmitbot_eeet2610_ws/lesson6_ws/install/rmitbot_mapping/share/rmitbot_mapping/package.zsh'
[0.970s] Level 1:colcon.colcon_core.environment:create_file_with_runtime_dependencies(/home/vudinhso/rmitbot_eeet2610_ws/lesson6_ws/install/rmitbot_mapping/share/colcon-core/packages/rmitbot_mapping)
[0.970s] DEBUG:colcon.colcon_parallel_executor.executor.parallel:closing loop
[0.971s] DEBUG:colcon.colcon_parallel_executor.executor.parallel:loop closed
[0.971s] DEBUG:colcon.colcon_parallel_executor.executor.parallel:run_until_complete finished with '0'
[0.971s] DEBUG:colcon.colcon_core.event_reactor:joining thread
[0.980s] INFO:colcon.colcon_core.plugin_system:Skipping extension 'colcon_notification.desktop_notification.terminal_notifier': Not used on non-Darwin systems
[0.981s] INFO:colcon.colcon_core.plugin_system:Skipping extension 'colcon_notification.desktop_notification.win32': Not used on non-Windows systems
[0.981s] INFO:colcon.colcon_notification.desktop_notification:Sending desktop notification using 'notify2'
[0.997s] DEBUG:colcon.colcon_core.event_reactor:joined thread
[0.997s] INFO:colcon.colcon_core.shell:Creating prefix script '/home/vudinhso/rmitbot_eeet2610_ws/lesson6_ws/install/local_setup.ps1'
[0.998s] INFO:colcon.colcon_core.shell:Creating prefix util module '/home/vudinhso/rmitbot_eeet2610_ws/lesson6_ws/install/_local_setup_util_ps1.py'
[1.000s] INFO:colcon.colcon_core.shell:Creating prefix chain script '/home/vudinhso/rmitbot_eeet2610_ws/lesson6_ws/install/setup.ps1'
[1.002s] INFO:colcon.colcon_core.shell:Creating prefix script '/home/vudinhso/rmitbot_eeet2610_ws/lesson6_ws/install/local_setup.sh'
[1.002s] INFO:colcon.colcon_core.shell:Creating prefix util module '/home/vudinhso/rmitbot_eeet2610_ws/lesson6_ws/install/_local_setup_util_sh.py'
[1.004s] INFO:colcon.colcon_core.shell:Creating prefix chain script '/home/vudinhso/rmitbot_eeet2610_ws/lesson6_ws/install/setup.sh'
[1.006s] INFO:colcon.colcon_core.shell:Creating prefix script '/home/vudinhso/rmitbot_eeet2610_ws/lesson6_ws/install/local_setup.bash'
[1.008s] INFO:colcon.colcon_core.shell:Creating prefix chain script '/home/vudinhso/rmitbot_eeet2610_ws/lesson6_ws/install/setup.bash'
[1.009s] INFO:colcon.colcon_core.shell:Creating prefix script '/home/vudinhso/rmitbot_eeet2610_ws/lesson6_ws/install/local_setup.zsh'
[1.010s] INFO:colcon.colcon_core.shell:Creating prefix chain script '/home/vudinhso/rmitbot_eeet2610_ws/lesson6_ws/install/setup.zsh'
